  
       XFOIL         Version 6.99
  
 Calculated polar for: 20140504-35_0.65+2                              
  
 1 1 Reynolds number fixed          Mach number fixed         
  
 xtrf =   1.000 (top)        1.000 (bottom)  
 Mach =   0.000     Re =     0.011 e 6     Ncrit =   9.000  9.000
  
   alpha    CL        CD       CDp       CM     Top_Xtr  Bot_Xtr  Top_Itr  Bot_Itr
  ------ -------- --------- --------- -------- -------- -------- -------- --------
  -1.000   0.0930   0.02996   0.00364  -0.0346   1.0000   1.0000   1.0000 250.0000
  -0.500   0.1437   0.03011   0.00351  -0.0343   1.0000   1.0000   1.0000 250.0000
   0.000   0.1932   0.03037   0.00363  -0.0339   1.0000   1.0000   1.0000 250.0000
   0.500   0.2415   0.03076   0.00399  -0.0335   1.0000   1.0000   1.0000 250.0000
   1.000   0.2884   0.03130   0.00462  -0.0332   1.0000   1.0000   1.0000 250.0000
   1.500   0.3335   0.03206   0.00556  -0.0331   1.0000   1.0000   1.0000 250.0000
   2.000   0.3757   0.03318   0.00694  -0.0335   1.0000   1.0000   1.0000 250.0000
   2.500   0.4126   0.03498   0.00899  -0.0348   1.0000   1.0000   1.0000 250.0000
   3.000   0.4414   0.03790   0.01205  -0.0374   1.0000   1.0000   1.0000 250.0000
   3.500   0.4641   0.04194   0.01614  -0.0416   1.0000   1.0000   1.0000 250.0000
   4.000   0.4843   0.04674   0.02099  -0.0464   1.0000   1.0000   1.0000 250.0000
   4.500   0.5032   0.05209   0.02641  -0.0514   1.0000   1.0000   1.0000 250.0000
   5.000   0.5213   0.05789   0.03230  -0.0562   1.0000   1.0000   1.0000 250.0000
   5.500   0.5386   0.06408   0.03860  -0.0608   1.0000   1.0000   1.0000 250.0000
   6.000   0.5552   0.07063   0.04528  -0.0652   1.0000   1.0000   1.0000 250.0000
   6.500   0.5714   0.07752   0.05234  -0.0695   1.0000   1.0000   1.0000 250.0000
   7.000   0.5872   0.08474   0.05976  -0.0735   1.0000   1.0000   1.0000 250.0000
   7.500   0.6027   0.09223   0.06753  -0.0774   1.0000   1.0000   1.0000 250.0000
   8.000   0.6179   0.09997   0.07567  -0.0811   1.0000   1.0000   1.0000 250.0000
   8.500   0.6331   0.10790   0.08417  -0.0848   1.0000   1.0000   1.0000 250.0000
   9.000   0.6486   0.11597   0.09305  -0.0884   1.0000   1.0000   1.0000 250.0000
   9.500   0.6645   0.12414   0.10233  -0.0921   1.0000   1.0000   1.0000 250.0000
  10.000   0.6809   0.13233   0.11202  -0.0957   1.0000   1.0000   1.0000 250.0000
