  
       XFOIL         Version 6.99
  
 Calculated polar for: 20140504-35_0.65+2                              
  
 1 1 Reynolds number fixed          Mach number fixed         
  
 xtrf =   1.000 (top)        1.000 (bottom)  
 Mach =   0.000     Re =     0.013 e 6     Ncrit =   9.000  9.000
  
   alpha    CL        CD       CDp       CM     Top_Xtr  Bot_Xtr  Top_Itr  Bot_Itr
  ------ -------- --------- --------- -------- -------- -------- -------- --------
  -1.000   0.0977   0.02687   0.00331  -0.0353   1.0000   1.0000   1.0000 250.0000
  -0.500   0.1486   0.02702   0.00320  -0.0349   1.0000   1.0000   1.0000 250.0000
   0.000   0.1984   0.02728   0.00334  -0.0345   1.0000   1.0000   1.0000 250.0000
   0.500   0.2471   0.02765   0.00370  -0.0341   1.0000   1.0000   1.0000 250.0000
   1.000   0.2945   0.02817   0.00432  -0.0338   1.0000   1.0000   1.0000 250.0000
   1.500   0.3401   0.02892   0.00525  -0.0338   1.0000   1.0000   1.0000 250.0000
   2.000   0.3823   0.03009   0.00667  -0.0344   1.0000   1.0000   1.0000 250.0000
   2.500   0.4181   0.03211   0.00892  -0.0362   1.0000   1.0000   1.0000 250.0000
   3.000   0.4444   0.03548   0.01238  -0.0399   1.0000   1.0000   1.0000 250.0000
   3.500   0.4661   0.03990   0.01686  -0.0448   1.0000   1.0000   1.0000 250.0000
   4.000   0.4860   0.04496   0.02199  -0.0501   1.0000   1.0000   1.0000 250.0000
   4.500   0.5050   0.05049   0.02761  -0.0553   1.0000   1.0000   1.0000 250.0000
   5.000   0.5233   0.05643   0.03364  -0.0602   1.0000   1.0000   1.0000 250.0000
   5.500   0.6643   0.07065   0.04858  -0.0894   0.8658   1.0000  17.3366 250.0000
   6.500   0.7391   0.08943   0.06768  -0.1006   0.7716   1.0000  28.0922 250.0000
   7.000   0.7439   0.09771   0.07608  -0.1030   0.7713   1.0000  28.1201 250.0000
   7.500   0.7289   0.10442   0.08304  -0.1041   0.8151   1.0000  23.1274 250.0000
   8.500   0.6369   0.10725   0.08613  -0.0882   1.0000   1.0000   1.0000 250.0000
   9.000   0.6524   0.11547   0.09507  -0.0917   1.0000   1.0000   1.0000 250.0000
   9.500   0.6683   0.12378   0.10440  -0.0952   1.0000   1.0000   1.0000 250.0000
  10.000   0.6848   0.13214   0.11413  -0.0988   1.0000   1.0000   1.0000 250.0000
