  
       XFOIL         Version 6.99
  
 Calculated polar for: 20140504-35_0.65+2                              
  
 1 1 Reynolds number fixed          Mach number fixed         
  
 xtrf =   1.000 (top)        1.000 (bottom)  
 Mach =   0.000     Re =     0.028 e 6     Ncrit =   9.000  9.000
  
   alpha    CL        CD       CDp       CM     Top_Xtr  Bot_Xtr  Top_Itr  Bot_Itr
  ------ -------- --------- --------- -------- -------- -------- -------- --------
  -1.000   0.1132   0.01842   0.00238  -0.0376   1.0000   1.0000   1.0000 250.0000
  -0.500   0.1649   0.01856   0.00235  -0.0371   1.0000   1.0000   1.0000 250.0000
   0.000   0.2159   0.01879   0.00250  -0.0367   1.0000   1.0000   1.0000 250.0000
   0.500   0.2661   0.01911   0.00284  -0.0363   1.0000   1.0000   1.0000 250.0000
   1.000   0.3153   0.01958   0.00342  -0.0362   1.0000   1.0000   1.0000 250.0000
   1.500   0.3625   0.02033   0.00436  -0.0366   1.0000   1.0000   1.0000 250.0000
   2.000   0.4032   0.02199   0.00626  -0.0388   1.0000   1.0000   1.0000 250.0000
   2.500   0.4284   0.02587   0.01026  -0.0449   1.0000   1.0000   1.0000 250.0000
   3.000   0.6659   0.02803   0.01310  -0.0733   0.7707   1.0000  28.1862 250.0000
   3.500   0.7159   0.03024   0.01489  -0.0659   0.6603   1.0000  40.7485 250.0000
   4.000   0.7577   0.03364   0.01785  -0.0596   0.5679   1.0000  51.2231 250.0000
   4.500   0.7999   0.03788   0.02172  -0.0546   0.4834   1.0000  60.8022 250.0000
   5.000   0.8398   0.04304   0.02649  -0.0504   0.4057   1.0000  69.6186 250.0000
   5.500   0.8764   0.04928   0.03224  -0.0469   0.3370   1.0000  77.4322 250.0000
   6.000   0.9080   0.05737   0.03981  -0.0453   0.2867   1.0000  83.1862 250.0000
   6.500   0.9280   0.06832   0.05045  -0.0475   0.2611   1.0000  86.1146 250.0000
   7.000   0.9332   0.08121   0.06313  -0.0534   0.2537   1.0000  86.9678 250.0000
   7.500   0.9152   0.09745   0.07975  -0.0678   0.2801   1.0000  83.9352 250.0000
   8.000   0.7896   0.11456   0.10041  -0.1121   0.6626   1.0000  40.4878 250.0000
   8.500   0.8208   0.12507   0.11084  -0.1108   0.5880   1.0000  48.9433 250.0000
   9.000   0.8389   0.13430   0.12030  -0.1093   0.5342   1.0000  55.0351 250.0000
   9.500   0.8525   0.14296   0.12959  -0.1083   0.4910   1.0000  59.9371 250.0000
  10.000   0.8607   0.15060   0.13844  -0.1075   0.4520   1.0000  64.3557 250.0000
