  
       XFOIL         Version 6.99
  
 Calculated polar for: 20140504-35_0.65+2                              
  
 1 1 Reynolds number fixed          Mach number fixed         
  
 xtrf =   1.000 (top)        1.000 (bottom)  
 Mach =   0.000     Re =     0.029 e 6     Ncrit =   9.000  9.000
  
   alpha    CL        CD       CDp       CM     Top_Xtr  Bot_Xtr  Top_Itr  Bot_Itr
  ------ -------- --------- --------- -------- -------- -------- -------- --------
  -1.000   0.1142   0.01793   0.00233  -0.0377   1.0000   1.0000   1.0000 250.0000
  -0.500   0.1660   0.01808   0.00230  -0.0373   1.0000   1.0000   1.0000 250.0000
   0.000   0.2171   0.01830   0.00245  -0.0369   1.0000   1.0000   1.0000 250.0000
   0.500   0.2674   0.01862   0.00279  -0.0365   1.0000   1.0000   1.0000 250.0000
   1.000   0.3167   0.01909   0.00336  -0.0364   1.0000   1.0000   1.0000 250.0000
   1.500   0.3640   0.01985   0.00431  -0.0368   1.0000   1.0000   1.0000 250.0000
   2.000   0.4043   0.02158   0.00629  -0.0392   1.0000   1.0000   1.0000 250.0000
   2.500   0.5207   0.02607   0.01123  -0.0623   0.9298   1.0000  10.0204 250.0000
   3.000   0.6667   0.02678   0.01212  -0.0703   0.7498   1.0000  30.5755 250.0000
   3.500   0.7125   0.02909   0.01394  -0.0629   0.6431   1.0000  42.6974 250.0000
   4.000   0.7549   0.03236   0.01672  -0.0568   0.5520   1.0000  53.0212 250.0000
   4.500   0.7977   0.03653   0.02051  -0.0524   0.4676   1.0000  62.5945 250.0000
   5.000   0.8385   0.04131   0.02484  -0.0482   0.3894   1.0000  71.4674 250.0000
   5.500   0.8766   0.04716   0.03014  -0.0445   0.3198   1.0000  79.4038 250.0000
   6.000   0.9095   0.05490   0.03734  -0.0427   0.2679   1.0000  85.3406 250.0000
   7.000   0.9320   0.07994   0.06217  -0.0524   0.2415   1.0000  88.3716 250.0000
   7.500   0.9135   0.09629   0.07892  -0.0669   0.2670   1.0000  85.4406 250.0000
   8.000   0.8062   0.11542   0.10139  -0.1103   0.6116   1.0000  46.2737 250.0000
   8.500   0.8283   0.12505   0.11096  -0.1086   0.5512   1.0000  53.1177 250.0000
   9.000   0.8429   0.13375   0.11989  -0.1067   0.4976   1.0000  59.1850 250.0000
   9.500   0.8538   0.14222   0.12902  -0.1061   0.4619   1.0000  63.2382 250.0000
  10.000   0.8670   0.15056   0.13833  -0.1054   0.4220   1.0000  67.7607 250.0000
