  
       XFOIL         Version 6.99
  
 Calculated polar for: 20140504-35_0.65+2                              
  
 1 1 Reynolds number fixed          Mach number fixed         
  
 xtrf =   1.000 (top)        1.000 (bottom)  
 Mach =   0.000     Re =     0.031 e 6     Ncrit =   9.000  9.000
  
   alpha    CL        CD       CDp       CM     Top_Xtr  Bot_Xtr  Top_Itr  Bot_Itr
  ------ -------- --------- --------- -------- -------- -------- -------- --------
  -1.000   0.1155   0.01735   0.00226  -0.0379   1.0000   1.0000   1.0000 250.0000
  -0.500   0.1674   0.01749   0.00223  -0.0375   1.0000   1.0000   1.0000 250.0000
   0.000   0.2185   0.01771   0.00239  -0.0371   1.0000   1.0000   1.0000 250.0000
   0.500   0.2690   0.01803   0.00273  -0.0367   1.0000   1.0000   1.0000 250.0000
   1.000   0.3185   0.01849   0.00329  -0.0366   1.0000   1.0000   1.0000 250.0000
   1.500   0.3659   0.01925   0.00425  -0.0371   1.0000   1.0000   1.0000 250.0000
   2.000   0.4054   0.02111   0.00635  -0.0398   1.0000   1.0000   1.0000 250.0000
   2.500   0.5784   0.02460   0.01047  -0.0692   0.8726   1.0000  16.5653 250.0000
   3.000   0.6647   0.02536   0.01099  -0.0665   0.7269   1.0000  33.1820 250.0000
   3.500   0.7082   0.02776   0.01281  -0.0594   0.6232   1.0000  44.9510 250.0000
   4.000   0.7513   0.03101   0.01559  -0.0542   0.5324   1.0000  55.2425 250.0000
   4.500   0.7951   0.03484   0.01897  -0.0499   0.4490   1.0000  64.6957 250.0000
   5.000   0.8371   0.03928   0.02290  -0.0458   0.3707   1.0000  73.5927 250.0000
   5.500   0.8767   0.04463   0.02761  -0.0421   0.2998   1.0000  81.6857 250.0000
   6.500   0.9393   0.06159   0.04342  -0.0401   0.2181   1.0000  91.0623 250.0000
   7.000   0.9428   0.07604   0.05812  -0.0470   0.2169   1.0000  91.2026 250.0000
   7.500   0.9358   0.09112   0.07321  -0.0566   0.2271   1.0000  90.0287 250.0000
   8.000   0.7506   0.11779   0.09290  -0.0973   0.5691   1.0000  51.0831 250.0000
   8.500   0.7661   0.12705   0.10117  -0.0955   0.5164   1.0000  57.0575 250.0000
   9.000   0.7746   0.13574   0.10890  -0.0936   0.4719   1.0000  62.0992 250.0000
   9.500   0.7826   0.14464   0.11684  -0.0926   0.4379   1.0000  65.9608 250.0000
  10.000   0.7778   0.15195   0.12328  -0.0911   0.4069   1.0000  69.4790 250.0000
