  
       XFOIL         Version 6.99
  
 Calculated polar for: 20140504-35_0.65+2                              
  
 1 1 Reynolds number fixed          Mach number fixed         
  
 xtrf =   1.000 (top)        1.000 (bottom)  
 Mach =   0.000     Re =     0.032 e 6     Ncrit =   9.000  9.000
  
   alpha    CL        CD       CDp       CM     Top_Xtr  Bot_Xtr  Top_Itr  Bot_Itr
  ------ -------- --------- --------- -------- -------- -------- -------- --------
  -1.000   0.1161   0.01707   0.00223  -0.0380   1.0000   1.0000   1.0000 250.0000
  -0.500   0.1680   0.01721   0.00221  -0.0376   1.0000   1.0000   1.0000 250.0000
   0.000   0.2192   0.01743   0.00236  -0.0371   1.0000   1.0000   1.0000 250.0000
   0.500   0.2698   0.01775   0.00270  -0.0368   1.0000   1.0000   1.0000 250.0000
   1.000   0.3193   0.01821   0.00326  -0.0367   1.0000   1.0000   1.0000 250.0000
   1.500   0.3668   0.01897   0.00422  -0.0372   1.0000   1.0000   1.0000 250.0000
   2.000   0.4059   0.02090   0.00639  -0.0402   1.0000   1.0000   1.0000 250.0000
   2.500   0.5904   0.02384   0.00996  -0.0695   0.8546   1.0000  18.6137 250.0000
   3.000   0.6628   0.02478   0.01053  -0.0648   0.7164   1.0000  34.3710 250.0000
   3.500   0.7062   0.02719   0.01233  -0.0580   0.6141   1.0000  45.9877 250.0000
   4.000   0.7498   0.03038   0.01505  -0.0531   0.5236   1.0000  56.2397 250.0000
   4.500   0.7939   0.03410   0.01830  -0.0490   0.4406   1.0000  65.6502 250.0000
   5.000   0.8364   0.03838   0.02205  -0.0449   0.3624   1.0000  74.5376 250.0000
   5.500   0.8767   0.04345   0.02641  -0.0411   0.2907   1.0000  82.7266 250.0000
   6.500   0.9415   0.06013   0.04190  -0.0389   0.2095   1.0000  92.0547 250.0000
   7.000   0.9447   0.07451   0.05663  -0.0455   0.2065   1.0000  92.3986 250.0000
   7.500   0.9292   0.09118   0.07368  -0.0582   0.2239   1.0000  90.3959 250.0000
   8.000   0.8353   0.11642   0.10248  -0.1056   0.5261   1.0000  55.9607 250.0000
   8.500   0.8423   0.12454   0.11061  -0.1035   0.4790   1.0000  61.2917 250.0000
   9.000   0.8538   0.13342   0.11967  -0.1030   0.4448   1.0000  65.1729 250.0000
   9.500   0.8618   0.14139   0.12826  -0.1021   0.4070   1.0000  69.4706 250.0000
  10.000   0.8713   0.14966   0.13755  -0.1025   0.3803   1.0000  72.5022 250.0000
