  
       XFOIL         Version 6.99
  
 Calculated polar for: 20140504-35_0.65+2                              
  
 1 1 Reynolds number fixed          Mach number fixed         
  
 xtrf =   1.000 (top)        1.000 (bottom)  
 Mach =   0.000     Re =     0.007 e 6     Ncrit =   9.000  9.000
  
   alpha    CL        CD       CDp       CM     Top_Xtr  Bot_Xtr  Top_Itr  Bot_Itr
  ------ -------- --------- --------- -------- -------- -------- -------- --------
  -1.000   0.0854   0.03559   0.00422  -0.0335   1.0000   1.0000   1.0000 250.0000
  -0.500   0.1356   0.03574   0.00405  -0.0333   1.0000   1.0000   1.0000 250.0000
   0.000   0.1846   0.03601   0.00415  -0.0329   1.0000   1.0000   1.0000 250.0000
   0.500   0.2324   0.03642   0.00451  -0.0326   1.0000   1.0000   1.0000 250.0000
   1.000   0.2786   0.03698   0.00516  -0.0322   1.0000   1.0000   1.0000 250.0000
   1.500   0.3230   0.03776   0.00610  -0.0321   1.0000   1.0000   1.0000 250.0000
   2.000   0.3649   0.03884   0.00744  -0.0322   1.0000   1.0000   1.0000 250.0000
   2.500   0.4027   0.04043   0.00931  -0.0329   1.0000   1.0000   1.0000 250.0000
   3.000   0.4348   0.04284   0.01193  -0.0345   1.0000   1.0000   1.0000 250.0000
   3.500   0.4600   0.04627   0.01545  -0.0373   1.0000   1.0000   1.0000 250.0000
   4.000   0.4812   0.05058   0.01980  -0.0411   1.0000   1.0000   1.0000 250.0000
   4.500   0.5004   0.05555   0.02482  -0.0455   1.0000   1.0000   1.0000 250.0000
   5.000   0.5183   0.06106   0.03040  -0.0500   1.0000   1.0000   1.0000 250.0000
   5.500   0.5354   0.06702   0.03646  -0.0546   1.0000   1.0000   1.0000 250.0000
   6.000   0.5518   0.07337   0.04295  -0.0590   1.0000   1.0000   1.0000 250.0000
   6.500   0.5676   0.08007   0.04983  -0.0633   1.0000   1.0000   1.0000 250.0000
   7.000   0.5829   0.08708   0.05708  -0.0675   1.0000   1.0000   1.0000 250.0000
   7.500   0.5979   0.09435   0.06470  -0.0714   1.0000   1.0000   1.0000 250.0000
   8.000   0.6128   0.10184   0.07269  -0.0753   1.0000   1.0000   1.0000 250.0000
   8.500   0.6278   0.10954   0.08106  -0.0792   1.0000   1.0000   1.0000 250.0000
   9.000   0.6431   0.11736   0.08984  -0.0830   1.0000   1.0000   1.0000 250.0000
   9.500   0.6590   0.12526   0.09904  -0.0868   1.0000   1.0000   1.0000 250.0000
  10.000   0.6754   0.13318   0.10868  -0.0906   1.0000   1.0000   1.0000 250.0000
