  
       XFOIL         Version 6.99
  
 Calculated polar for: 20140504-35_0.65+2                              
  
 1 1 Reynolds number fixed          Mach number fixed         
  
 xtrf =   1.000 (top)        1.000 (bottom)  
 Mach =   0.000     Re =     0.009 e 6     Ncrit =   9.000  9.000
  
   alpha    CL        CD       CDp       CM     Top_Xtr  Bot_Xtr  Top_Itr  Bot_Itr
  ------ -------- --------- --------- -------- -------- -------- -------- --------
  -1.000   0.0908   0.03153   0.00380  -0.0343   1.0000   1.0000   1.0000 250.0000
  -0.500   0.1413   0.03168   0.00366  -0.0340   1.0000   1.0000   1.0000 250.0000
   0.000   0.1907   0.03195   0.00378  -0.0336   1.0000   1.0000   1.0000 250.0000
   0.500   0.2388   0.03234   0.00414  -0.0332   1.0000   1.0000   1.0000 250.0000
   1.000   0.2855   0.03289   0.00477  -0.0329   1.0000   1.0000   1.0000 250.0000
   1.500   0.3304   0.03365   0.00571  -0.0328   1.0000   1.0000   1.0000 250.0000
   2.000   0.3725   0.03475   0.00707  -0.0331   1.0000   1.0000   1.0000 250.0000
   2.500   0.4098   0.03648   0.00906  -0.0342   1.0000   1.0000   1.0000 250.0000
   3.000   0.4397   0.03923   0.01196  -0.0365   1.0000   1.0000   1.0000 250.0000
   3.500   0.4630   0.04308   0.01588  -0.0402   1.0000   1.0000   1.0000 250.0000
   4.000   0.4835   0.04774   0.02058  -0.0447   1.0000   1.0000   1.0000 250.0000
   4.500   0.5024   0.05299   0.02589  -0.0496   1.0000   1.0000   1.0000 250.0000
   5.000   0.5204   0.05871   0.03170  -0.0544   1.0000   1.0000   1.0000 250.0000
   5.500   0.5376   0.06484   0.03794  -0.0590   1.0000   1.0000   1.0000 250.0000
   6.000   0.5542   0.07133   0.04457  -0.0634   1.0000   1.0000   1.0000 250.0000
   6.500   0.5701   0.07816   0.05157  -0.0676   1.0000   1.0000   1.0000 250.0000
   7.000   0.5858   0.08532   0.05894  -0.0717   1.0000   1.0000   1.0000 250.0000
   7.500   0.6011   0.09276   0.06667  -0.0756   1.0000   1.0000   1.0000 250.0000
   8.000   0.6163   0.10044   0.07477  -0.0794   1.0000   1.0000   1.0000 250.0000
   8.500   0.6315   0.10830   0.08324  -0.0832   1.0000   1.0000   1.0000 250.0000
   9.000   0.6469   0.11630   0.09209  -0.0869   1.0000   1.0000   1.0000 250.0000
   9.500   0.6627   0.12439   0.10135  -0.0905   1.0000   1.0000   1.0000 250.0000
  10.000   0.6791   0.13251   0.11103  -0.0943   1.0000   1.0000   1.0000 250.0000
