  
       XFOIL         Version 6.99
  
 Calculated polar for: 424-35+430-20_0.65+2                            
  
 1 1 Reynolds number fixed          Mach number fixed         
  
 xtrf =   1.000 (top)        1.000 (bottom)  
 Mach =   0.000     Re =     0.024 e 6     Ncrit =   9.000  9.000
  
   alpha    CL        CD       CDp       CM     Top_Xtr  Bot_Xtr  Top_Itr  Bot_Itr
  ------ -------- --------- --------- -------- -------- -------- -------- --------
  -1.000   0.1007   0.01952   0.00231  -0.0343   1.0000   1.0000   1.0000 250.0000
  -0.500   0.1529   0.01963   0.00225  -0.0339   1.0000   1.0000   1.0000 250.0000
   0.000   0.2042   0.01982   0.00238  -0.0334   1.0000   1.0000   1.0000 250.0000
   0.500   0.2547   0.02010   0.00270  -0.0330   1.0000   1.0000   1.0000 250.0000
   1.000   0.3043   0.02050   0.00324  -0.0328   1.0000   1.0000   1.0000 250.0000
   1.500   0.3523   0.02114   0.00412  -0.0331   1.0000   1.0000   1.0000 250.0000
   2.000   0.3946   0.02253   0.00584  -0.0350   1.0000   1.0000   1.0000 250.0000
   2.500   0.4214   0.02610   0.00954  -0.0408   1.0000   1.0000   1.0000 250.0000
   3.000   0.6384   0.03079   0.01511  -0.0750   0.8186   1.0000  22.6976 250.0000
   3.500   0.7079   0.03321   0.01735  -0.0694   0.6899   1.0000  37.3119 250.0000
   4.000   0.7485   0.03721   0.02103  -0.0622   0.5909   1.0000  48.5219 250.0000
   4.500   0.7873   0.04226   0.02574  -0.0560   0.4994   1.0000  58.8698 250.0000
   5.000   0.8235   0.04850   0.03164  -0.0514   0.4153   1.0000  68.3854 250.0000
   5.500   0.8570   0.05587   0.03850  -0.0480   0.3474   1.0000  76.1019 250.0000
   6.000   0.8813   0.06628   0.04868  -0.0502   0.3110   1.0000  80.2413 250.0000
   6.500   0.8958   0.07803   0.06013  -0.0550   0.2951   1.0000  82.0611 250.0000
   7.000   0.8926   0.09244   0.07465  -0.0667   0.3133   1.0000  79.9866 250.0000
   7.500   0.8573   0.10823   0.09158  -0.0894   0.4190   1.0000  67.9736 250.0000
   8.000   0.7397   0.11218   0.09775  -0.1126   0.7955   1.0000  25.3218 250.0000
   8.500   0.7877   0.12463   0.11036  -0.1137   0.6832   1.0000  38.0760 250.0000
   9.000   0.8149   0.13488   0.12096  -0.1128   0.6129   1.0000  46.0250 250.0000
   9.500   0.8334   0.14378   0.13061  -0.1111   0.5524   1.0000  52.8777 250.0000
  10.000   0.8457   0.15192   0.14005  -0.1106   0.5131   1.0000  57.3169 250.0000
