  
       XFOIL         Version 6.99
  
 Calculated polar for: 20140417-30_0.65+2                              
  
 1 1 Reynolds number fixed          Mach number fixed         
  
 xtrf =   1.000 (top)        1.000 (bottom)  
 Mach =   0.000     Re =     0.011 e 6     Ncrit =   9.000  9.000
  
   alpha    CL        CD       CDp       CM     Top_Xtr  Bot_Xtr  Top_Itr  Bot_Itr
  ------ -------- --------- --------- -------- -------- -------- -------- --------
  -1.000   0.0897   0.02998   0.00368  -0.0342   1.0000   1.0000   1.0000 249.0000
  -0.500   0.1403   0.03013   0.00354  -0.0339   1.0000   1.0000   1.0000 249.0000
   0.000   0.1898   0.03039   0.00366  -0.0335   1.0000   1.0000   1.0000 249.0000
   0.500   0.2381   0.03077   0.00402  -0.0330   1.0000   1.0000   1.0000 249.0000
   1.000   0.2852   0.03130   0.00463  -0.0326   1.0000   1.0000   1.0000 249.0000
   1.500   0.3306   0.03203   0.00554  -0.0325   1.0000   1.0000   1.0000 249.0000
   2.000   0.3734   0.03309   0.00687  -0.0327   1.0000   1.0000   1.0000 249.0000
   2.500   0.4114   0.03477   0.00886  -0.0338   1.0000   1.0000   1.0000 249.0000
   3.000   0.4407   0.03764   0.01193  -0.0364   1.0000   1.0000   1.0000 249.0000
   3.500   0.4617   0.04186   0.01624  -0.0409   1.0000   1.0000   1.0000 249.0000
   4.000   0.4800   0.04694   0.02138  -0.0462   1.0000   1.0000   1.0000 249.0000
   4.500   0.4976   0.05250   0.02702  -0.0515   1.0000   1.0000   1.0000 249.0000
   5.000   0.5150   0.05843   0.03304  -0.0564   1.0000   1.0000   1.0000 249.0000
   5.500   0.5320   0.06469   0.03940  -0.0611   1.0000   1.0000   1.0000 249.0000
   6.000   0.5486   0.07126   0.04609  -0.0654   1.0000   1.0000   1.0000 249.0000
   6.500   0.5650   0.07814   0.05311  -0.0696   1.0000   1.0000   1.0000 249.0000
   7.000   0.6036   0.08773   0.06303  -0.0792   0.9792   1.0000   4.3878 249.0000
   7.500   0.5969   0.09270   0.06811  -0.0772   1.0000   1.0000   1.0000 249.0000
   8.000   0.6126   0.10032   0.07612  -0.0809   1.0000   1.0000   1.0000 249.0000
   8.500   0.6282   0.10811   0.08447  -0.0845   1.0000   1.0000   1.0000 249.0000
   9.000   0.6441   0.11604   0.09320  -0.0880   1.0000   1.0000   1.0000 249.0000
   9.500   0.6603   0.12406   0.10232  -0.0915   1.0000   1.0000   1.0000 249.0000
  10.000   0.6770   0.13213   0.11186  -0.0951   1.0000   1.0000   1.0000 249.0000
