  
       XFOIL         Version 6.99
  
 Calculated polar for: 20140417-30_0.65+2                              
  
 1 1 Reynolds number fixed          Mach number fixed         
  
 xtrf =   1.000 (top)        1.000 (bottom)  
 Mach =   0.000     Re =     0.021 e 6     Ncrit =   9.000  9.000
  
   alpha    CL        CD       CDp       CM     Top_Xtr  Bot_Xtr  Top_Itr  Bot_Itr
  ------ -------- --------- --------- -------- -------- -------- -------- --------
  -1.000   0.1037   0.02136   0.00274  -0.0363   1.0000   1.0000   1.0000 249.0000
  -0.500   0.1550   0.02151   0.00268  -0.0358   1.0000   1.0000   1.0000 249.0000
   0.000   0.2054   0.02174   0.00282  -0.0353   1.0000   1.0000   1.0000 249.0000
   0.500   0.2549   0.02208   0.00317  -0.0349   1.0000   1.0000   1.0000 249.0000
   1.000   0.3035   0.02256   0.00373  -0.0346   1.0000   1.0000   1.0000 249.0000
   1.500   0.3503   0.02326   0.00461  -0.0346   1.0000   1.0000   1.0000 249.0000
   2.000   0.3938   0.02444   0.00607  -0.0355   1.0000   1.0000   1.0000 249.0000
   2.500   0.4259   0.02710   0.00897  -0.0389   1.0000   1.0000   1.0000 249.0000
   3.000   0.4453   0.03187   0.01386  -0.0458   1.0000   1.0000   1.0000 249.0000
   3.500   0.6993   0.03836   0.02143  -0.0815   0.7564   1.0000  29.5530 249.0000
   4.000   0.7586   0.04211   0.02504  -0.0759   0.6487   1.0000  41.6383 249.0000
   4.500   0.7984   0.04752   0.03025  -0.0712   0.5696   1.0000  50.4934 249.0000
   5.000   0.8338   0.05447   0.03702  -0.0688   0.5056   1.0000  57.6501 249.0000
   5.500   0.8628   0.06285   0.04518  -0.0681   0.4573   1.0000  63.0511 249.0000
   6.000   0.8775   0.07318   0.05534  -0.0713   0.4301   1.0000  66.0989 249.0000
   6.500   0.8750   0.08493   0.06699  -0.0786   0.4284   1.0000  66.2889 249.0000
   7.000   0.8642   0.09660   0.07864  -0.0871   0.4478   1.0000  64.1216 249.0000
   7.500   0.6081   0.09066   0.07362  -0.0875   1.0000   1.0000   1.0000 249.0000
   8.000   0.6244   0.09859   0.08180  -0.0908   1.0000   1.0000   1.0000 249.0000
   8.500   0.6406   0.10673   0.09032  -0.0941   1.0000   1.0000   1.0000 249.0000
   9.000   0.7316   0.12548   0.11043  -0.1135   0.8764   1.0000  16.0437 249.0000
   9.500   0.7810   0.13818   0.12432  -0.1180   0.7703   1.0000  27.9896 249.0000
  10.000   0.8096   0.14772   0.13545  -0.1179   0.6863   1.0000  37.4282 249.0000
