  
       XFOIL         Version 6.99
  
 Calculated polar for: 20140417-30_0.65+2                              
  
 1 1 Reynolds number fixed          Mach number fixed         
  
 xtrf =   1.000 (top)        1.000 (bottom)  
 Mach =   0.000     Re =     0.021 e 6     Ncrit =   9.000  9.000
  
   alpha    CL        CD       CDp       CM     Top_Xtr  Bot_Xtr  Top_Itr  Bot_Itr
  ------ -------- --------- --------- -------- -------- -------- -------- --------
  -1.000   0.1046   0.02085   0.00269  -0.0364   1.0000   1.0000   1.0000 249.0000
  -0.500   0.1560   0.02100   0.00263  -0.0360   1.0000   1.0000   1.0000 249.0000
   0.000   0.2064   0.02123   0.00277  -0.0355   1.0000   1.0000   1.0000 249.0000
   0.500   0.2561   0.02157   0.00311  -0.0350   1.0000   1.0000   1.0000 249.0000
   1.000   0.3047   0.02204   0.00368  -0.0347   1.0000   1.0000   1.0000 249.0000
   1.500   0.3517   0.02274   0.00456  -0.0348   1.0000   1.0000   1.0000 249.0000
   2.000   0.3952   0.02394   0.00603  -0.0358   1.0000   1.0000   1.0000 249.0000
   2.500   0.4264   0.02674   0.00906  -0.0395   1.0000   1.0000   1.0000 249.0000
   3.000   0.4453   0.03166   0.01410  -0.0467   1.0000   1.0000   1.0000 249.0000
   3.500   0.7120   0.03658   0.01999  -0.0781   0.7257   1.0000  33.0052 249.0000
   4.000   0.7603   0.04038   0.02354  -0.0715   0.6263   1.0000  44.1501 249.0000
   4.500   0.8005   0.04559   0.02850  -0.0666   0.5478   1.0000  52.9332 249.0000
   5.000   0.8368   0.05240   0.03513  -0.0642   0.4834   1.0000  60.1277 249.0000
   5.500   0.8641   0.06104   0.04363  -0.0646   0.4361   1.0000  65.4316 249.0000
   6.000   0.8851   0.07090   0.05322  -0.0662   0.4039   1.0000  69.0372 249.0000
   6.500   0.8830   0.08305   0.06532  -0.0741   0.4004   1.0000  69.4261 249.0000
   7.000   0.8727   0.09559   0.07788  -0.0841   0.4232   1.0000  66.8746 249.0000
   7.500   0.6090   0.09061   0.07401  -0.0881   1.0000   1.0000   1.0000 249.0000
   8.000   0.6254   0.09855   0.08220  -0.0915   1.0000   1.0000   1.0000 249.0000
   8.500   0.6935   0.11375   0.09830  -0.1072   0.9260   1.0000  10.4474 249.0000
   9.000   0.7575   0.12827   0.11373  -0.1158   0.8049   1.0000  24.0881 249.0000
   9.500   0.7937   0.13908   0.12558  -0.1171   0.7153   1.0000  34.1719 249.0000
  10.000   0.8205   0.14868   0.13653  -0.1167   0.6427   1.0000  42.3153 249.0000
