  
       XFOIL         Version 6.99
  
 Calculated polar for: 20140417-30_0.65+2                              
  
 1 1 Reynolds number fixed          Mach number fixed         
  
 xtrf =   1.000 (top)        1.000 (bottom)  
 Mach =   0.000     Re =     0.025 e 6     Ncrit =   9.000  9.000
  
   alpha    CL        CD       CDp       CM     Top_Xtr  Bot_Xtr  Top_Itr  Bot_Itr
  ------ -------- --------- --------- -------- -------- -------- -------- --------
  -1.000   0.1075   0.01933   0.00252  -0.0368   1.0000   1.0000   1.0000 249.0000
  -0.500   0.1590   0.01948   0.00247  -0.0364   1.0000   1.0000   1.0000 249.0000
   0.000   0.2097   0.01970   0.00262  -0.0359   1.0000   1.0000   1.0000 249.0000
   0.500   0.2596   0.02003   0.00295  -0.0354   1.0000   1.0000   1.0000 249.0000
   1.000   0.3086   0.02050   0.00351  -0.0352   1.0000   1.0000   1.0000 249.0000
   1.500   0.3559   0.02119   0.00438  -0.0353   1.0000   1.0000   1.0000 249.0000
   2.000   0.3993   0.02246   0.00593  -0.0365   1.0000   1.0000   1.0000 249.0000
   2.500   0.4273   0.02580   0.00948  -0.0416   1.0000   1.0000   1.0000 249.0000
   3.000   0.6577   0.02988   0.01442  -0.0744   0.7798   1.0000  26.9119 249.0000
   3.500   0.7122   0.03222   0.01638  -0.0670   0.6601   1.0000  40.3690 249.0000
   4.000   0.7543   0.03593   0.01969  -0.0608   0.5686   1.0000  50.6118 249.0000
   4.500   0.7965   0.04074   0.02419  -0.0566   0.4907   1.0000  59.3124 249.0000
   5.000   0.8364   0.04678   0.03000  -0.0538   0.4251   1.0000  66.6587 249.0000
   5.500   0.8706   0.05443   0.03745  -0.0527   0.3729   1.0000  72.5204 249.0000
   6.000   0.8954   0.06421   0.04706  -0.0543   0.3380   1.0000  76.4335 249.0000
   6.500   0.9071   0.07595   0.05860  -0.0592   0.3220   1.0000  78.2328 249.0000
   7.000   0.9032   0.08982   0.07245  -0.0693   0.3336   1.0000  76.9295 249.0000
   8.000   0.7398   0.11150   0.09694  -0.1132   0.8053   1.0000  24.0496 249.0000
   8.500   0.7831   0.12291   0.10858  -0.1146   0.7078   1.0000  35.0091 249.0000
   9.000   0.8059   0.13202   0.11821  -0.1131   0.6340   1.0000  43.2891 249.0000
   9.500   0.8307   0.14179   0.12857  -0.1123   0.5730   1.0000  50.1107 249.0000
  10.000   0.8479   0.15034   0.13821  -0.1110   0.5186   1.0000  56.2007 249.0000
