  
       XFOIL         Version 6.99
  
 Calculated polar for: 20140417-30_0.65+2                              
  
 1 1 Reynolds number fixed          Mach number fixed         
  
 xtrf =   1.000 (top)        1.000 (bottom)  
 Mach =   0.000     Re =     0.028 e 6     Ncrit =   9.000  9.000
  
   alpha    CL        CD       CDp       CM     Top_Xtr  Bot_Xtr  Top_Itr  Bot_Itr
  ------ -------- --------- --------- -------- -------- -------- -------- --------
  -1.000   0.1097   0.01826   0.00239  -0.0372   1.0000   1.0000   1.0000 249.0000
  -0.500   0.1613   0.01841   0.00236  -0.0367   1.0000   1.0000   1.0000 249.0000
   0.000   0.2122   0.01863   0.00251  -0.0362   1.0000   1.0000   1.0000 249.0000
   0.500   0.2623   0.01895   0.00284  -0.0358   1.0000   1.0000   1.0000 249.0000
   1.000   0.3115   0.01941   0.00339  -0.0355   1.0000   1.0000   1.0000 249.0000
   1.500   0.3590   0.02010   0.00426  -0.0357   1.0000   1.0000   1.0000 249.0000
   2.000   0.4022   0.02145   0.00588  -0.0372   1.0000   1.0000   1.0000 249.0000
   2.500   0.4273   0.02529   0.00993  -0.0434   1.0000   1.0000   1.0000 249.0000
   3.000   0.6606   0.02708   0.01221  -0.0677   0.7312   1.0000  32.3870 249.0000
   3.500   0.7050   0.02962   0.01418  -0.0601   0.6213   1.0000  44.7090 249.0000
   4.000   0.7480   0.03318   0.01728  -0.0548   0.5320   1.0000  54.6981 249.0000
   4.500   0.7922   0.03759   0.02135  -0.0511   0.4552   1.0000  63.2941 249.0000
   5.000   0.8343   0.04301   0.02646  -0.0482   0.3891   1.0000  70.6970 249.0000
   5.500   0.8732   0.04940   0.03240  -0.0455   0.3329   1.0000  77.0033 249.0000
   6.000   0.9019   0.05866   0.04159  -0.0464   0.2939   1.0000  81.4026 249.0000
   6.500   0.9198   0.06993   0.05268  -0.0497   0.2730   1.0000  83.7578 249.0000
   7.000   0.9141   0.08503   0.06797  -0.0608   0.2838   1.0000  82.5394 249.0000
   7.500   0.8881   0.10170   0.08518  -0.0790   0.3403   1.0000  76.1794 249.0000
   8.000   0.7844   0.11442   0.10044  -0.1119   0.6702   1.0000  39.2334 249.0000
   8.500   0.8111   0.12411   0.11018  -0.1105   0.5993   1.0000  47.1713 249.0000
   9.000   0.8275   0.13276   0.11920  -0.1087   0.5424   1.0000  53.5352 249.0000
   9.500   0.8442   0.14147   0.12845  -0.1071   0.4894   1.0000  59.4601 249.0000
  10.000   0.8651   0.15107   0.13868  -0.1067   0.4486   1.0000  64.0233 249.0000
