  
       XFOIL         Version 6.99
  
 Calculated polar for: 20140417-30_0.65+2                              
  
 1 1 Reynolds number fixed          Mach number fixed         
  
 xtrf =   1.000 (top)        1.000 (bottom)  
 Mach =   0.000     Re =     0.309 e 6     Ncrit =   9.000  9.000
  
   alpha    CL        CD       CDp       CM     Top_Xtr  Bot_Xtr  Top_Itr  Bot_Itr
  ------ -------- --------- --------- -------- -------- -------- -------- --------
  -1.000   0.1507   0.00567   0.00090  -0.0440   1.0000   1.0000   1.0000 249.0000
  -0.500   0.2055   0.00578   0.00095  -0.0438   1.0000   1.0000   1.0000 249.0000
   0.000   0.2926   0.00579   0.00094  -0.0502   0.9697   1.0000   5.4821 249.0000
   0.500   0.3688   0.00574   0.00074  -0.0533   0.8721   1.0000  16.5242 249.0000
   1.000   0.4144   0.00667   0.00062  -0.0497   0.6447   1.0000  42.0920 249.0000
   1.500   0.4645   0.00757   0.00076  -0.0483   0.5063   1.0000  57.5735 249.0000
   2.000   0.5170   0.00827   0.00092  -0.0475   0.4141   1.0000  67.8928 249.0000
   2.500   0.5702   0.00891   0.00110  -0.0470   0.3443   1.0000  75.7241 249.0000
   3.000   0.6236   0.00954   0.00132  -0.0464   0.2888   1.0000  81.9670 249.0000
   3.500   0.6770   0.01016   0.00156  -0.0459   0.2397   1.0000  87.5195 249.0000
   4.000   0.7302   0.01085   0.00184  -0.0454   0.1938   1.0000  92.7515 249.0000
   4.500   0.7830   0.01163   0.00216  -0.0448   0.1489   1.0000  97.9178 249.0000
   5.000   0.8352   0.01254   0.00257  -0.0443   0.1067   1.0000 102.8781 249.0000
   5.500   0.8863   0.01380   0.00318  -0.0436   0.0640   1.0000 108.1242 249.0000
   6.000   0.9357   0.01564   0.00421  -0.0425   0.0367   1.0000 111.7837 249.0000
   6.500   0.9832   0.01791   0.00560  -0.0411   0.0259   1.0000 113.4481 249.0000
   7.000   1.0287   0.02072   0.00739  -0.0395   0.0205   1.0000 114.4067 249.0000
   7.500   1.0698   0.02507   0.01019  -0.0376   0.0175   1.0000 114.9874 249.0000
   8.000   1.1115   0.02892   0.01354  -0.0356   0.0155   1.0000 115.4379 249.0000
   8.500   1.1419   0.03524   0.01904  -0.0332   0.0146   1.0000 115.6362 249.0000
   9.000   1.1409   0.04694   0.03019  -0.0306   0.0153   1.0000 115.4937 249.0000
   9.500   1.1105   0.05913   0.04213  -0.0307   0.0160   1.0000 115.3110 249.0000
  10.000   1.0720   0.07395   0.05735  -0.0440   0.0162   1.0000 115.2637 249.0000
