  
       XFOIL         Version 6.99
  
 Calculated polar for: 20140417-30_0.65+2                              
  
 1 1 Reynolds number fixed          Mach number fixed         
  
 xtrf =   1.000 (top)        1.000 (bottom)  
 Mach =   0.000     Re =     0.041 e 6     Ncrit =   9.000  9.000
  
   alpha    CL        CD       CDp       CM     Top_Xtr  Bot_Xtr  Top_Itr  Bot_Itr
  ------ -------- --------- --------- -------- -------- -------- -------- --------
  -1.000   0.1167   0.01510   0.00203  -0.0382   1.0000   1.0000   1.0000 249.0000
  -0.500   0.1687   0.01524   0.00202  -0.0377   1.0000   1.0000   1.0000 249.0000
   0.000   0.2202   0.01545   0.00218  -0.0373   1.0000   1.0000   1.0000 249.0000
   0.500   0.2710   0.01575   0.00249  -0.0369   1.0000   1.0000   1.0000 249.0000
   1.000   0.3209   0.01618   0.00301  -0.0367   1.0000   1.0000   1.0000 249.0000
   1.500   0.3695   0.01687   0.00388  -0.0371   1.0000   1.0000   1.0000 249.0000
   2.000   0.4095   0.01879   0.00608  -0.0403   1.0000   1.0000   1.0000 249.0000
   2.500   0.5937   0.01920   0.00654  -0.0581   0.7467   1.0000  30.6441 249.0000
   3.000   0.6372   0.02116   0.00753  -0.0515   0.6134   1.0000  45.5965 249.0000
   3.500   0.6838   0.02360   0.00927  -0.0476   0.5145   1.0000  56.6520 249.0000
   4.000   0.7322   0.02633   0.01141  -0.0447   0.4332   1.0000  65.7558 249.0000
   4.500   0.7800   0.02942   0.01395  -0.0421   0.3621   1.0000  73.7316 249.0000
   5.000   0.8268   0.03298   0.01687  -0.0395   0.2980   1.0000  80.9352 249.0000
   5.500   0.8711   0.03757   0.02094  -0.0372   0.2394   1.0000  87.5518 249.0000
   6.000   0.9127   0.04324   0.02584  -0.0349   0.1929   1.0000  92.8514 249.0000
   6.500   0.9466   0.05142   0.03354  -0.0339   0.1642   1.0000  96.1482 249.0000
   7.000   0.9646   0.06357   0.04576  -0.0357   0.1556   1.0000  97.1468 249.0000
   7.500   0.9661   0.07777   0.05994  -0.0408   0.1571   1.0000  96.9718 249.0000
   8.000   0.8642   0.11393   0.10047  -0.0935   0.3946   1.0000  70.0788 249.0000
   8.500   0.8628   0.12181   0.10838  -0.0932   0.3645   1.0000  73.4632 249.0000
   9.000   0.8694   0.13023   0.11686  -0.0930   0.3359   1.0000  76.6689 249.0000
  10.000   0.8900   0.14777   0.13501  -0.0936   0.2883   1.0000  82.0283 249.0000
