  
       XFOIL         Version 6.99
  
 Calculated polar for: 20140417-30_0.65+2                              
  
 1 1 Reynolds number fixed          Mach number fixed         
  
 xtrf =   1.000 (top)        1.000 (bottom)  
 Mach =   0.000     Re =     0.044 e 6     Ncrit =   9.000  9.000
  
   alpha    CL        CD       CDp       CM     Top_Xtr  Bot_Xtr  Top_Itr  Bot_Itr
  ------ -------- --------- --------- -------- -------- -------- -------- --------
  -1.000   0.1179   0.01458   0.00197  -0.0384   1.0000   1.0000   1.0000 249.0000
  -0.500   0.1701   0.01472   0.00197  -0.0379   1.0000   1.0000   1.0000 249.0000
   0.000   0.2216   0.01493   0.00212  -0.0375   1.0000   1.0000   1.0000 249.0000
   0.500   0.2725   0.01522   0.00243  -0.0371   1.0000   1.0000   1.0000 249.0000
   1.000   0.3227   0.01565   0.00294  -0.0369   1.0000   1.0000   1.0000 249.0000
   1.500   0.3715   0.01634   0.00382  -0.0373   1.0000   1.0000   1.0000 249.0000
   2.000   0.4644   0.01826   0.00619  -0.0503   0.9567   1.0000   6.9713 249.0000
   2.500   0.5900   0.01837   0.00593  -0.0557   0.7258   1.0000  32.9886 249.0000
   3.000   0.6338   0.02040   0.00698  -0.0499   0.5944   1.0000  47.7220 249.0000
   3.500   0.6815   0.02275   0.00862  -0.0465   0.4977   1.0000  58.5342 249.0000
   4.000   0.7302   0.02532   0.01059  -0.0439   0.4180   1.0000  67.4573 249.0000
   4.500   0.7784   0.02821   0.01289  -0.0414   0.3484   1.0000  75.2711 249.0000
   5.000   0.8256   0.03162   0.01573  -0.0391   0.2846   1.0000  82.4452 249.0000
   5.500   0.8714   0.03555   0.01875  -0.0366   0.2268   1.0000  88.9887 249.0000
   6.000   0.9131   0.04122   0.02389  -0.0345   0.1798   1.0000  94.3507 249.0000
   6.500   0.9480   0.04947   0.03178  -0.0334   0.1532   1.0000  97.4257 249.0000
   7.000   0.9735   0.05937   0.04111  -0.0333   0.1391   1.0000  99.0652 249.0000
   8.000   0.8661   0.11242   0.09924  -0.0905   0.3629   1.0000  73.6422 249.0000
   8.500   0.8779   0.12149   0.10774  -0.0896   0.3325   1.0000  77.0531 249.0000
   9.000   0.8731   0.12938   0.11605  -0.0909   0.3120   1.0000  79.3633 249.0000
   9.500   0.8814   0.13793   0.12476  -0.0911   0.2870   1.0000  82.1703 249.0000
  10.000   0.8865   0.14622   0.13390  -0.0925   0.2693   1.0000  84.1789 249.0000
