  
       XFOIL         Version 6.99
  
 Calculated polar for: 20140417-30_0.65+2                              
  
 1 1 Reynolds number fixed          Mach number fixed         
  
 xtrf =   1.000 (top)        1.000 (bottom)  
 Mach =   0.000     Re =     0.046 e 6     Ncrit =   9.000  9.000
  
   alpha    CL        CD       CDp       CM     Top_Xtr  Bot_Xtr  Top_Itr  Bot_Itr
  ------ -------- --------- --------- -------- -------- -------- -------- --------
  -1.000   0.1187   0.01426   0.00194  -0.0386   1.0000   1.0000   1.0000 249.0000
  -0.500   0.1709   0.01440   0.00193  -0.0381   1.0000   1.0000   1.0000 249.0000
   0.000   0.2225   0.01461   0.00209  -0.0376   1.0000   1.0000   1.0000 249.0000
   0.500   0.2735   0.01490   0.00239  -0.0372   1.0000   1.0000   1.0000 249.0000
   1.000   0.3237   0.01532   0.00290  -0.0370   1.0000   1.0000   1.0000 249.0000
   1.500   0.3727   0.01601   0.00378  -0.0375   1.0000   1.0000   1.0000 249.0000
   2.000   0.4893   0.01764   0.00591  -0.0539   0.9325   1.0000   9.7051 249.0000
   2.500   0.5876   0.01792   0.00562  -0.0544   0.7118   1.0000  34.5631 249.0000
   3.000   0.6320   0.01995   0.00664  -0.0490   0.5833   1.0000  48.9658 249.0000
   3.500   0.6802   0.02224   0.00823  -0.0460   0.4876   1.0000  59.6615 249.0000
   4.000   0.7291   0.02471   0.01010  -0.0434   0.4090   1.0000  68.4709 249.0000
   4.500   0.7776   0.02747   0.01223  -0.0411   0.3404   1.0000  76.1698 249.0000
   5.000   0.8251   0.03074   0.01490  -0.0388   0.2770   1.0000  83.3011 249.0000
   5.500   0.8710   0.03458   0.01794  -0.0364   0.2190   1.0000  89.8702 249.0000
   6.000   0.9139   0.03983   0.02242  -0.0343   0.1723   1.0000  95.2149 249.0000
   6.500   0.9501   0.04778   0.02997  -0.0329   0.1455   1.0000  98.3117 249.0000
   7.000   0.9711   0.05907   0.04135  -0.0337   0.1347   1.0000  99.5795 249.0000
   7.500   0.9710   0.07396   0.05642  -0.0385   0.1380   1.0000  99.1955 249.0000
   8.000   0.9439   0.09463   0.07799  -0.0537   0.1661   1.0000  95.9271 249.0000
