  
       XFOIL         Version 6.99
  
 Calculated polar for: 20120105-25-20_0.65+2                           
  
 1 1 Reynolds number fixed          Mach number fixed         
  
 xtrf =   1.000 (top)        1.000 (bottom)  
 Mach =   0.000     Re =     0.038 e 6     Ncrit =   9.000
  
   alpha    CL        CD       CDp       CM     Top_Xtr  Bot_Xtr  Top_Itr  Bot_Itr
  ------ -------- --------- --------- -------- -------- -------- -------- --------
  -1.000   0.1292   0.01552   0.00224  -0.0398   1.0000   1.0000   1.0000 257.0000
  -0.500   0.1815   0.01566   0.00221  -0.0393   1.0000   1.0000   1.0000 257.0000
   0.000   0.2329   0.01587   0.00235  -0.0388   1.0000   1.0000   1.0000 257.0000
   0.500   0.2837   0.01619   0.00268  -0.0384   1.0000   1.0000   1.0000 257.0000
   1.000   0.3334   0.01664   0.00325  -0.0383   1.0000   1.0000   1.0000 257.0000
   1.500   0.3810   0.01746   0.00429  -0.0390   1.0000   1.0000   1.0000 257.0000
   2.000   0.5359   0.01939   0.00687  -0.0623   0.8727   1.0000  30.3891 257.0000
   2.500   0.6007   0.02057   0.00725  -0.0566   0.6893   1.0000  48.8490 257.0000
   3.000   0.6454   0.02279   0.00868  -0.0514   0.5796   1.0000  58.1730 257.0000
   3.500   0.6933   0.02531   0.01059  -0.0480   0.4966   1.0000  64.9995 257.0000
   4.000   0.7426   0.02832   0.01321  -0.0458   0.4270   1.0000  70.7421 257.0000
   4.500   0.7910   0.03188   0.01642  -0.0437   0.3683   1.0000  75.6876 257.0000
   5.000   0.8377   0.03607   0.02023  -0.0418   0.3171   1.0000  80.1659 257.0000
   5.500   0.8812   0.04139   0.02536  -0.0402   0.2712   1.0000  84.3795 257.0000
   6.000   0.9206   0.04776   0.03132  -0.0388   0.2322   1.0000  88.1722 257.0000
   6.500   0.9521   0.05627   0.03950  -0.0386   0.2039   1.0000  91.0912 257.0000
   7.000   0.9645   0.06925   0.05259  -0.0429   0.1940   1.0000  92.1609 257.0000
   8.000   0.8545   0.11490   0.10170  -0.1006   0.4437   1.0000  69.3520 257.0000
   8.500   0.8792   0.12473   0.11073  -0.0985   0.4000   1.0000  73.0008 257.0000
   9.500   0.8862   0.14081   0.12725  -0.0978   0.3408   1.0000  78.0753 257.0000
  10.000   0.8874   0.14832   0.13575  -0.0985   0.3166   1.0000  80.2167 257.0000
