  
       XFOIL         Version 6.99
  
 Calculated polar for: 20140417-47.5_0.65+2                            
  
 1 1 Reynolds number fixed          Mach number fixed         
  
 xtrf =   1.000 (top)        1.000 (bottom)  
 Mach =   0.000     Re =     0.017 e 6     Ncrit =   9.000  9.000
  
   alpha    CL        CD       CDp       CM     Top_Xtr  Bot_Xtr  Top_Itr  Bot_Itr
  ------ -------- --------- --------- -------- -------- -------- -------- --------
  -1.000   0.1125   0.02389   0.00334  -0.0395   1.0000   1.0000   1.0000 249.0000
  -0.500   0.1627   0.02410   0.00331  -0.0391   1.0000   1.0000   1.0000 249.0000
   0.000   0.2118   0.02444   0.00352  -0.0388   1.0000   1.0000   1.0000 249.0000
   0.500   0.2598   0.02491   0.00395  -0.0385   1.0000   1.0000   1.0000 249.0000
   1.000   0.3063   0.02557   0.00463  -0.0383   1.0000   1.0000   1.0000 249.0000
   1.500   0.3508   0.02651   0.00566  -0.0385   1.0000   1.0000   1.0000 249.0000
   2.000   0.3917   0.02795   0.00722  -0.0394   1.0000   1.0000   1.0000 249.0000
   2.500   0.4255   0.03030   0.00968  -0.0415   1.0000   1.0000   1.0000 249.0000
   3.000   0.4513   0.03392   0.01337  -0.0453   1.0000   1.0000   1.0000 249.0000
   3.500   0.4722   0.03856   0.01809  -0.0503   1.0000   1.0000   1.0000 249.0000
   4.000   0.4916   0.04381   0.02340  -0.0555   1.0000   1.0000   1.0000 249.0000
   4.500   0.6819   0.05490   0.03525  -0.0893   0.8304   1.0000  21.3235 249.0000
   5.000   0.7670   0.06219   0.04278  -0.0954   0.7263   1.0000  33.1450 249.0000
   5.500   0.8113   0.06978   0.05034  -0.0959   0.6571   1.0000  41.0823 249.0000
   6.000   0.8310   0.07820   0.05860  -0.0959   0.6127   1.0000  46.1029 249.0000
   6.500   0.8396   0.08735   0.06756  -0.0970   0.5871   1.0000  49.0034 249.0000
   7.000   0.8325   0.09668   0.07679  -0.0995   0.5859   1.0000  49.1441 249.0000
   7.500   0.8152   0.10589   0.08618  -0.1039   0.6201   1.0000  45.2729 249.0000
   8.000   0.6281   0.09815   0.07872  -0.0882   1.0000   1.0000   1.0000 249.0000
   8.500   0.6435   0.10622   0.08720  -0.0917   1.0000   1.0000   1.0000 249.0000
   9.000   0.6591   0.11449   0.09607  -0.0951   1.0000   1.0000   1.0000 249.0000
   9.500   0.6749   0.12290   0.10535  -0.0985   1.0000   1.0000   1.0000 249.0000
  10.000   0.7265   0.13692   0.12137  -0.1111   0.9502   1.0000   7.6584 249.0000
