  
       XFOIL         Version 6.99
  
 Calculated polar for: 20140417-47.5_0.65+2                            
  
 1 1 Reynolds number fixed          Mach number fixed         
  
 xtrf =   1.000 (top)        1.000 (bottom)  
 Mach =   0.000     Re =     0.030 e 6     Ncrit =   9.000  9.000
  
   alpha    CL        CD       CDp       CM     Top_Xtr  Bot_Xtr  Top_Itr  Bot_Itr
  ------ -------- --------- --------- -------- -------- -------- -------- --------
  -1.000   0.1257   0.01802   0.00266  -0.0414   1.0000   1.0000   1.0000 249.0000
  -0.500   0.1769   0.01823   0.00269  -0.0411   1.0000   1.0000   1.0000 249.0000
   0.000   0.2271   0.01855   0.00291  -0.0408   1.0000   1.0000   1.0000 249.0000
   0.500   0.2762   0.01901   0.00335  -0.0406   1.0000   1.0000   1.0000 249.0000
   1.000   0.3240   0.01966   0.00404  -0.0407   1.0000   1.0000   1.0000 249.0000
   1.500   0.3693   0.02069   0.00516  -0.0414   1.0000   1.0000   1.0000 249.0000
   2.000   0.4078   0.02256   0.00715  -0.0434   1.0000   1.0000   1.0000 249.0000
   2.500   0.4357   0.02614   0.01084  -0.0483   0.9994   1.0000   1.1701 249.0000
   3.000   0.6754   0.02782   0.01324  -0.0780   0.7952   1.0000  25.3248 249.0000
   3.500   0.7354   0.02890   0.01396  -0.0712   0.6838   1.0000  38.0346 249.0000
   4.000   0.7789   0.03137   0.01596  -0.0647   0.5910   1.0000  48.5645 249.0000
   4.500   0.8234   0.03453   0.01855  -0.0593   0.5079   1.0000  57.9725 249.0000
   5.000   0.8652   0.03867   0.02224  -0.0550   0.4310   1.0000  66.6756 249.0000
   5.500   0.9048   0.04366   0.02666  -0.0509   0.3606   1.0000  74.6704 249.0000
   6.500   0.9684   0.05782   0.03938  -0.0451   0.2510   1.0000  87.1523 249.0000
   7.000   0.9844   0.06835   0.04937  -0.0457   0.2257   1.0000  90.0453 249.0000
   8.000   0.9430   0.10015   0.08178  -0.0666   0.2528   1.0000  86.9464 249.0000
   8.500   0.8254   0.12234   0.10793  -0.1101   0.5757   1.0000  50.2931 249.0000
   9.000   0.8429   0.13125   0.11705  -0.1084   0.5194   1.0000  56.6717 249.0000
   9.500   0.8557   0.13995   0.12631  -0.1075   0.4781   1.0000  61.3415 249.0000
  10.000   0.8740   0.14923   0.13627  -0.1070   0.4376   1.0000  65.9296 249.0000
