  
       XFOIL         Version 6.99
  
 Calculated polar for: 20140417-40_0.65+2                              
  
 1 1 Reynolds number fixed          Mach number fixed         
  
 xtrf =   1.000 (top)        1.000 (bottom)  
 Mach =   0.000     Re =     0.011 e 6     Ncrit =   9.000  9.000
  
   alpha    CL        CD       CDp       CM     Top_Xtr  Bot_Xtr  Top_Itr  Bot_Itr
  ------ -------- --------- --------- -------- -------- -------- -------- --------
  -1.000   0.1013   0.02957   0.00389  -0.0375   1.0000   1.0000   1.0000 249.0000
  -0.500   0.1512   0.02976   0.00377  -0.0371   1.0000   1.0000   1.0000 249.0000
   0.000   0.1999   0.03007   0.00392  -0.0367   1.0000   1.0000   1.0000 249.0000
   0.500   0.2475   0.03051   0.00431  -0.0363   1.0000   1.0000   1.0000 249.0000
   1.000   0.2938   0.03113   0.00497  -0.0360   1.0000   1.0000   1.0000 249.0000
   1.500   0.3383   0.03197   0.00593  -0.0359   1.0000   1.0000   1.0000 249.0000
   2.000   0.3799   0.03319   0.00732  -0.0363   1.0000   1.0000   1.0000 249.0000
   2.500   0.4171   0.03504   0.00935  -0.0374   1.0000   1.0000   1.0000 249.0000
   3.000   0.4466   0.03792   0.01237  -0.0398   1.0000   1.0000   1.0000 249.0000
   3.500   0.4693   0.04196   0.01648  -0.0438   1.0000   1.0000   1.0000 249.0000
   4.000   0.4888   0.04685   0.02142  -0.0485   1.0000   1.0000   1.0000 249.0000
   4.500   0.5069   0.05229   0.02692  -0.0534   1.0000   1.0000   1.0000 249.0000
   5.000   0.5245   0.05813   0.03284  -0.0581   1.0000   1.0000   1.0000 249.0000
   5.500   0.5416   0.06432   0.03911  -0.0626   1.0000   1.0000   1.0000 249.0000
   6.000   0.5582   0.07085   0.04574  -0.0669   1.0000   1.0000   1.0000 249.0000
   6.500   0.5745   0.07769   0.05271  -0.0710   1.0000   1.0000   1.0000 249.0000
   7.000   0.5913   0.08491   0.06012  -0.0751   0.9989   1.0000   1.3340 249.0000
   7.500   0.6060   0.09222   0.06766  -0.0786   1.0000   1.0000   1.0000 249.0000
   8.000   0.6214   0.09985   0.07565  -0.0823   1.0000   1.0000   1.0000 249.0000
   8.500   0.6368   0.10769   0.08401  -0.0859   1.0000   1.0000   1.0000 249.0000
   9.000   0.6523   0.11566   0.09275  -0.0895   1.0000   1.0000   1.0000 249.0000
   9.500   0.6682   0.12375   0.10190  -0.0930   1.0000   1.0000   1.0000 249.0000
  10.000   0.6845   0.13190   0.11149  -0.0967   1.0000   1.0000   1.0000 249.0000
