  
       XFOIL         Version 6.99
  
 Calculated polar for: 20140417-40_0.65+2                              
  
 1 1 Reynolds number fixed          Mach number fixed         
  
 xtrf =   1.000 (top)        1.000 (bottom)  
 Mach =   0.000     Re =     0.015 e 6     Ncrit =   9.000  9.000
  
   alpha    CL        CD       CDp       CM     Top_Xtr  Bot_Xtr  Top_Itr  Bot_Itr
  ------ -------- --------- --------- -------- -------- -------- -------- --------
  -1.000   0.1077   0.02571   0.00346  -0.0384   1.0000   1.0000   1.0000 249.0000
  -0.500   0.1580   0.02591   0.00338  -0.0380   1.0000   1.0000   1.0000 249.0000
   0.000   0.2073   0.02621   0.00354  -0.0376   1.0000   1.0000   1.0000 249.0000
   0.500   0.2555   0.02664   0.00394  -0.0372   1.0000   1.0000   1.0000 249.0000
   1.000   0.3023   0.02724   0.00459  -0.0370   1.0000   1.0000   1.0000 249.0000
   1.500   0.3473   0.02809   0.00556  -0.0370   1.0000   1.0000   1.0000 249.0000
   2.000   0.3893   0.02937   0.00700  -0.0376   1.0000   1.0000   1.0000 249.0000
   2.500   0.4249   0.03148   0.00928  -0.0393   1.0000   1.0000   1.0000 249.0000
   3.000   0.4512   0.03492   0.01283  -0.0429   1.0000   1.0000   1.0000 249.0000
   3.500   0.4718   0.03952   0.01751  -0.0480   1.0000   1.0000   1.0000 249.0000
   4.000   0.4905   0.04478   0.02283  -0.0533   1.0000   1.0000   1.0000 249.0000
   4.500   0.5088   0.05044   0.02858  -0.0584   1.0000   1.0000   1.0000 249.0000
   5.000   0.6666   0.06329   0.04211  -0.0893   0.8552   1.0000  18.4778 249.0000
   5.500   0.7292   0.07216   0.05115  -0.0968   0.7760   1.0000  27.4547 249.0000
   6.000   0.7648   0.08091   0.05992  -0.1001   0.7260   1.0000  33.1099 249.0000
   6.500   0.7748   0.08936   0.06835  -0.1018   0.7057   1.0000  35.4123 249.0000
   7.000   0.7770   0.09789   0.07693  -0.1042   0.7064   1.0000  35.3301 249.0000
   7.500   0.7676   0.10600   0.08526  -0.1073   0.7448   1.0000  30.9881 249.0000
   8.500   0.6415   0.10691   0.08651  -0.0901   1.0000   1.0000   1.0000 249.0000
   9.000   0.6572   0.11506   0.09532  -0.0936   1.0000   1.0000   1.0000 249.0000
   9.500   0.6731   0.12333   0.10453  -0.0970   1.0000   1.0000   1.0000 249.0000
  10.000   0.6895   0.13168   0.11418  -0.1005   1.0000   1.0000   1.0000 249.0000
