  
       XFOIL         Version 6.99
  
 Calculated polar for: 20140417-40_0.65+2                              
  
 1 1 Reynolds number fixed          Mach number fixed         
  
 xtrf =   1.000 (top)        1.000 (bottom)  
 Mach =   0.000     Re =     0.021 e 6     Ncrit =   9.000  9.000
  
   alpha    CL        CD       CDp       CM     Top_Xtr  Bot_Xtr  Top_Itr  Bot_Itr
  ------ -------- --------- --------- -------- -------- -------- -------- --------
  -1.000   0.1157   0.02161   0.00299  -0.0395   1.0000   1.0000   1.0000 249.0000
  -0.500   0.1665   0.02180   0.00296  -0.0392   1.0000   1.0000   1.0000 249.0000
   0.000   0.2164   0.02210   0.00313  -0.0388   1.0000   1.0000   1.0000 249.0000
   0.500   0.2654   0.02252   0.00353  -0.0384   1.0000   1.0000   1.0000 249.0000
   1.000   0.3130   0.02310   0.00417  -0.0383   1.0000   1.0000   1.0000 249.0000
   1.500   0.3587   0.02396   0.00515  -0.0385   1.0000   1.0000   1.0000 249.0000
   2.000   0.4005   0.02537   0.00673  -0.0396   1.0000   1.0000   1.0000 249.0000
   2.500   0.4324   0.02804   0.00955  -0.0425   1.0000   1.0000   1.0000 249.0000
   3.000   0.4544   0.03238   0.01399  -0.0480   1.0000   1.0000   1.0000 249.0000
   3.500   0.6374   0.04012   0.02251  -0.0818   0.8583   1.0000  18.1252 249.0000
   4.000   0.7589   0.04357   0.02630  -0.0863   0.7130   1.0000  34.5874 249.0000
   4.500   0.8100   0.04800   0.03060  -0.0813   0.6238   1.0000  44.6843 249.0000
   5.000   0.8486   0.05403   0.03642  -0.0774   0.5522   1.0000  52.7576 249.0000
   5.500   0.8778   0.06161   0.04375  -0.0752   0.4958   1.0000  59.1265 249.0000
   6.000   0.8926   0.07121   0.05312  -0.0765   0.4594   1.0000  63.2288 249.0000
   6.500   0.8955   0.08213   0.06378  -0.0805   0.4422   1.0000  65.1716 249.0000
   7.000   0.8812   0.09376   0.07530  -0.0876   0.4498   1.0000  64.3062 249.0000
   7.500   0.8576   0.10523   0.08698  -0.0965   0.4950   1.0000  59.2057 249.0000
   8.000   0.6322   0.09836   0.08108  -0.0917   1.0000   1.0000   1.0000 249.0000
   8.500   0.6480   0.10651   0.08959  -0.0951   1.0000   1.0000   1.0000 249.0000
   9.000   0.7287   0.12369   0.10815  -0.1128   0.8902   1.0000  14.5033 249.0000
   9.500   0.7758   0.13605   0.12181  -0.1182   0.7924   1.0000  25.6006 249.0000
  10.000   0.8140   0.14742   0.13449  -0.1202   0.7086   1.0000  35.0902 249.0000
