  
       XFOIL         Version 6.99
  
 Calculated polar for: 20140417-40_0.65+2                              
  
 1 1 Reynolds number fixed          Mach number fixed         
  
 xtrf =   1.000 (top)        1.000 (bottom)  
 Mach =   0.000     Re =     0.025 e 6     Ncrit =   9.000  9.000
  
   alpha    CL        CD       CDp       CM     Top_Xtr  Bot_Xtr  Top_Itr  Bot_Itr
  ------ -------- --------- --------- -------- -------- -------- -------- --------
  -1.000   0.1196   0.01977   0.00278  -0.0401   1.0000   1.0000   1.0000 249.0000
  -0.500   0.1707   0.01996   0.00276  -0.0397   1.0000   1.0000   1.0000 249.0000
   0.000   0.2210   0.02025   0.00294  -0.0394   1.0000   1.0000   1.0000 249.0000
   0.500   0.2702   0.02066   0.00334  -0.0390   1.0000   1.0000   1.0000 249.0000
   1.000   0.3182   0.02124   0.00397  -0.0389   1.0000   1.0000   1.0000 249.0000
   1.500   0.3644   0.02211   0.00496  -0.0393   1.0000   1.0000   1.0000 249.0000
   2.000   0.4056   0.02363   0.00665  -0.0407   1.0000   1.0000   1.0000 249.0000
   2.500   0.4349   0.02676   0.00993  -0.0447   1.0000   1.0000   1.0000 249.0000
   3.000   0.5981   0.03266   0.01650  -0.0754   0.8832   1.0000  15.3026 249.0000
   3.500   0.7286   0.03399   0.01806  -0.0792   0.7243   1.0000  33.3056 249.0000
   4.000   0.7778   0.03680   0.02056  -0.0722   0.6272   1.0000  44.2996 249.0000
   4.500   0.8199   0.04096   0.02439  -0.0667   0.5451   1.0000  53.5593 249.0000
   5.000   0.8592   0.04634   0.02947  -0.0627   0.4737   1.0000  61.6117 249.0000
   5.500   0.8931   0.05314   0.03596  -0.0599   0.4133   1.0000  68.4347 249.0000
   6.000   0.9221   0.06114   0.04351  -0.0579   0.3637   1.0000  74.0416 249.0000
   6.500   0.9352   0.07214   0.05425  -0.0606   0.3369   1.0000  77.0687 249.0000
   7.000   0.9278   0.08563   0.06764  -0.0688   0.3362   1.0000  77.1488 249.0000
   7.500   0.9121   0.09949   0.08149  -0.0792   0.3553   1.0000  74.9942 249.0000
   8.000   0.6597   0.11305   0.08480  -0.0999   0.8339   1.0000  20.8937 249.0000
   8.500   0.6912   0.12323   0.09441  -0.1018   0.7573   1.0000  29.5773 249.0000
   9.000   0.7236   0.13395   0.10455  -0.1028   0.6834   1.0000  37.9569 249.0000
   9.500   0.7414   0.14322   0.11316  -0.1015   0.6203   1.0000  45.0849 249.0000
  10.000   0.7494   0.15151   0.12081  -0.0997   0.5704   1.0000  50.7068 249.0000
