  
       XFOIL         Version 6.99
  
 Calculated polar for: 20140417-40_0.65+2                              
  
 1 1 Reynolds number fixed          Mach number fixed         
  
 xtrf =   1.000 (top)        1.000 (bottom)  
 Mach =   0.000     Re =     0.028 e 6     Ncrit =   9.000  9.000
  
   alpha    CL        CD       CDp       CM     Top_Xtr  Bot_Xtr  Top_Itr  Bot_Itr
  ------ -------- --------- --------- -------- -------- -------- -------- --------
  -1.000   0.1221   0.01867   0.00265  -0.0405   1.0000   1.0000   1.0000 249.0000
  -0.500   0.1734   0.01886   0.00264  -0.0401   1.0000   1.0000   1.0000 249.0000
   0.000   0.2239   0.01915   0.00283  -0.0397   1.0000   1.0000   1.0000 249.0000
   0.500   0.2734   0.01955   0.00322  -0.0394   1.0000   1.0000   1.0000 249.0000
   1.000   0.3216   0.02012   0.00385  -0.0393   1.0000   1.0000   1.0000 249.0000
   1.500   0.3680   0.02100   0.00485  -0.0398   1.0000   1.0000   1.0000 249.0000
   2.000   0.4086   0.02262   0.00664  -0.0414   1.0000   1.0000   1.0000 249.0000
   2.500   0.4359   0.02612   0.01029  -0.0463   1.0000   1.0000   1.0000 249.0000
   3.000   0.6703   0.02904   0.01401  -0.0781   0.7968   1.0000  25.0989 249.0000
   3.500   0.7308   0.03056   0.01521  -0.0715   0.6794   1.0000  38.4046 249.0000
   4.000   0.7746   0.03341   0.01758  -0.0648   0.5872   1.0000  48.8116 249.0000
   4.500   0.8182   0.03722   0.02094  -0.0597   0.5063   1.0000  57.9395 249.0000
   5.000   0.8595   0.04200   0.02532  -0.0557   0.4342   1.0000  66.0765 249.0000
   5.500   0.8969   0.04807   0.03102  -0.0526   0.3711   1.0000  73.2019 249.0000
   6.000   0.9289   0.05551   0.03799  -0.0504   0.3188   1.0000  79.1232 249.0000
   6.500   0.9508   0.06525   0.04732  -0.0506   0.2841   1.0000  83.0666 249.0000
   7.000   0.9523   0.07839   0.06037  -0.0563   0.2748   1.0000  84.1192 249.0000
   7.500   0.9389   0.09312   0.07510  -0.0663   0.2850   1.0000  82.9608 249.0000
   8.500   0.7334   0.12545   0.09801  -0.1016   0.6472   1.0000  42.0488 249.0000
   9.500   0.7621   0.14345   0.11443  -0.0986   0.5402   1.0000  54.1115 249.0000
  10.000   0.7672   0.15153   0.12171  -0.0965   0.4943   1.0000  59.2889 249.0000
