  
       XFOIL         Version 6.99
  
 Calculated polar for: 20140417-40_0.65+2                              
  
 1 1 Reynolds number fixed          Mach number fixed         
  
 xtrf =   1.000 (top)        1.000 (bottom)  
 Mach =   0.000     Re =     0.034 e 6     Ncrit =   9.000  9.000
  
   alpha    CL        CD       CDp       CM     Top_Xtr  Bot_Xtr  Top_Itr  Bot_Itr
  ------ -------- --------- --------- -------- -------- -------- -------- --------
  -1.000   0.1267   0.01681   0.00243  -0.0412   1.0000   1.0000   1.0000 249.0000
  -0.500   0.1783   0.01700   0.00244  -0.0408   1.0000   1.0000   1.0000 249.0000
   0.000   0.2291   0.01727   0.00263  -0.0405   1.0000   1.0000   1.0000 249.0000
   0.500   0.2790   0.01767   0.00302  -0.0402   1.0000   1.0000   1.0000 249.0000
   1.000   0.3278   0.01823   0.00364  -0.0402   1.0000   1.0000   1.0000 249.0000
   1.500   0.3745   0.01913   0.00467  -0.0408   1.0000   1.0000   1.0000 249.0000
   2.000   0.4135   0.02102   0.00673  -0.0431   1.0000   1.0000   1.0000 249.0000
   2.500   0.5968   0.02368   0.01003  -0.0716   0.8645   1.0000  17.4217 249.0000
   3.000   0.6763   0.02402   0.01004  -0.0675   0.7197   1.0000  33.8269 249.0000
   3.500   0.7206   0.02603   0.01139  -0.0608   0.6142   1.0000  45.7706 249.0000
   4.000   0.7657   0.02878   0.01356  -0.0561   0.5255   1.0000  55.7767 249.0000
   4.500   0.8113   0.03213   0.01639  -0.0524   0.4471   1.0000  64.6172 249.0000
   5.000   0.8556   0.03605   0.01978  -0.0489   0.3762   1.0000  72.6296 249.0000
   5.500   0.8981   0.04056   0.02354  -0.0454   0.3109   1.0000  80.0190 249.0000
   6.000   0.9351   0.04688   0.02937  -0.0429   0.2550   1.0000  86.3698 249.0000
   6.500   0.9681   0.05445   0.03610  -0.0407   0.2142   1.0000  91.0381 249.0000
   7.000   0.9837   0.06579   0.04729  -0.0421   0.1961   1.0000  93.1101 249.0000
   7.500   0.9804   0.08009   0.06158  -0.0476   0.1968   1.0000  93.0281 249.0000
