  
       XFOIL         Version 6.99
  
 Calculated polar for: 20120105-60T85_0.65+2                           
  
 1 1 Reynolds number fixed          Mach number fixed         
  
 xtrf =   1.000 (top)        1.000 (bottom)  
 Mach =   0.000     Re =     0.001 e 6     Ncrit =   9.000  9.000
  
   alpha    CL        CD       CDp       CM     Top_Xtr  Bot_Xtr  Top_Itr  Bot_Itr
  ------ -------- --------- --------- -------- -------- -------- -------- --------
  -1.000   0.0407   0.10527   0.01166  -0.0300   1.0000   1.0000   1.0000 261.0000
  -0.500   0.0840   0.10523   0.01125  -0.0300   1.0000   1.0000   1.0000 261.0000
   0.000   0.1266   0.10535   0.01100  -0.0300   1.0000   1.0000   1.0000 261.0000
   0.500   0.1682   0.10562   0.01134  -0.0298   1.0000   1.0000   1.0000 261.0000
   1.000   0.2086   0.10604   0.01185  -0.0296   1.0000   1.0000   1.0000 261.0000
   1.500   0.2477   0.10658   0.01284  -0.0294   1.0000   1.0000   1.0000 261.0000
   2.000   0.2851   0.10724   0.01407  -0.0291   1.0000   1.0000   1.0000 261.0000
   2.500   0.3207   0.10801   0.01565  -0.0288   1.0000   1.0000   1.0000 261.0000
   3.000   0.3554   0.10930   0.01766  -0.0286   1.0000   1.0000   1.0000 261.0000
   3.500   0.3888   0.11096   0.01992  -0.0287   1.0000   1.0000   1.0000 261.0000
   4.000   0.4206   0.11293   0.02277  -0.0288   1.0000   1.0000   1.0000 261.0000
   4.500   0.4502   0.11525   0.02580  -0.0292   1.0000   1.0000   1.0000 261.0000
   5.000   0.4779   0.11797   0.02924  -0.0297   1.0000   1.0000   1.0000 261.0000
   5.500   0.5038   0.12114   0.03341  -0.0306   1.0000   1.0000   1.0000 261.0000
   6.000   0.5278   0.12478   0.03779  -0.0317   1.0000   1.0000   1.0000 261.0000
   6.500   0.5499   0.12885   0.04266  -0.0332   1.0000   1.0000   1.0000 261.0000
   7.000   0.5704   0.13328   0.04829  -0.0351   1.0000   1.0000   1.0000 261.0000
   7.500   0.5894   0.13809   0.05417  -0.0373   1.0000   1.0000   1.0000 261.0000
   8.000   0.6075   0.14322   0.06056  -0.0399   1.0000   1.0000   1.0000 261.0000
   8.500   0.6251   0.14861   0.06766  -0.0428   1.0000   1.0000   1.0000 261.0000
   9.000   0.6422   0.15425   0.07512  -0.0460   1.0000   1.0000   1.0000 261.0000
   9.500   0.6590   0.16009   0.08309  -0.0495   1.0000   1.0000   1.0000 261.0000
  10.000   0.6757   0.16611   0.09156  -0.0532   1.0000   1.0000   1.0000 261.0000
