  
       XFOIL         Version 6.99
  
 Calculated polar for: 20120105-60T85_0.65+2                           
  
 1 1 Reynolds number fixed          Mach number fixed         
  
 xtrf =   1.000 (top)        1.000 (bottom)  
 Mach =   0.000     Re =     0.027 e 6     Ncrit =   9.000  9.000
  
   alpha    CL        CD       CDp       CM     Top_Xtr  Bot_Xtr  Top_Itr  Bot_Itr
  ------ -------- --------- --------- -------- -------- -------- -------- --------
  -1.000   0.1195   0.01936   0.00316  -0.0419   1.0000   1.0000   1.0000 261.0000
  -0.500   0.1701   0.01965   0.00325  -0.0418   1.0000   1.0000   1.0000 261.0000
   0.000   0.2194   0.02007   0.00355  -0.0417   1.0000   1.0000   1.0000 261.0000
   0.500   0.2677   0.02065   0.00408  -0.0418   1.0000   1.0000   1.0000 261.0000
   1.000   0.3144   0.02147   0.00489  -0.0421   1.0000   1.0000   1.0000 261.0000
   1.500   0.3579   0.02267   0.00612  -0.0428   1.0000   1.0000   1.0000 261.0000
   2.000   0.3959   0.02457   0.00808  -0.0445   1.0000   1.0000   1.0000 261.0000
   2.500   0.4260   0.02764   0.01121  -0.0479   1.0000   1.0000   1.0000 261.0000
   3.000   0.5574   0.03291   0.01688  -0.0715   0.9256   1.0000  23.0016 261.0000
   3.500   0.7165   0.03445   0.01890  -0.0846   0.7763   1.0000  40.5330 261.0000
   4.000   0.7844   0.03556   0.01987  -0.0787   0.6732   1.0000  52.7428 261.0000
   4.500   0.8323   0.03798   0.02191  -0.0716   0.5830   1.0000  60.3625 261.0000
   5.000   0.8745   0.04150   0.02494  -0.0651   0.4988   1.0000  67.3266 261.0000
   6.000   0.9478   0.05183   0.03380  -0.0540   0.3484   1.0000  80.0675 261.0000
   6.500   0.9740   0.05970   0.04093  -0.0510   0.2946   1.0000  84.9413 261.0000
   7.000   0.9795   0.07126   0.05218  -0.0529   0.2706   1.0000  87.2102 261.0000
   7.500   0.9635   0.08546   0.06630  -0.0599   0.2705   1.0000  87.2195 261.0000
   8.500   0.7976   0.12196   0.10649  -0.1140   0.6699   1.0000  53.0253 261.0000
   9.000   0.8209   0.13174   0.11637  -0.1135   0.6111   1.0000  58.0139 261.0000
   9.500   0.8315   0.13981   0.12513  -0.1119   0.5606   1.0000  62.2193 261.0000
  10.000   0.8496   0.14904   0.13504  -0.1113   0.5131   1.0000  66.1514 261.0000
