  
       XFOIL         Version 6.99
  
 Calculated polar for: 20120105-60T85_0.65+2                           
  
 1 1 Reynolds number fixed          Mach number fixed         
  
 xtrf =   1.000 (top)        1.000 (bottom)  
 Mach =   0.000     Re =     0.008 e 6     Ncrit =   9.000  9.000
  
   alpha    CL        CD       CDp       CM     Top_Xtr  Bot_Xtr  Top_Itr  Bot_Itr
  ------ -------- --------- --------- -------- -------- -------- -------- --------
  -1.000   0.0881   0.03542   0.00495  -0.0370   1.0000   1.0000   1.0000 261.0000
  -0.500   0.1359   0.03567   0.00487  -0.0368   1.0000   1.0000   1.0000 261.0000
   0.000   0.1826   0.03607   0.00507  -0.0365   1.0000   1.0000   1.0000 261.0000
   0.500   0.2282   0.03664   0.00552  -0.0362   1.0000   1.0000   1.0000 261.0000
   1.000   0.2722   0.03740   0.00626  -0.0360   1.0000   1.0000   1.0000 261.0000
   1.500   0.3144   0.03842   0.00729  -0.0360   1.0000   1.0000   1.0000 261.0000
   2.000   0.3546   0.03977   0.00869  -0.0363   1.0000   1.0000   1.0000 261.0000
   2.500   0.3917   0.04158   0.01056  -0.0369   1.0000   1.0000   1.0000 261.0000
   3.000   0.4244   0.04399   0.01302  -0.0382   1.0000   1.0000   1.0000 261.0000
   3.500   0.4523   0.04714   0.01622  -0.0402   1.0000   1.0000   1.0000 261.0000
   4.000   0.4761   0.05108   0.02018  -0.0431   1.0000   1.0000   1.0000 261.0000
   4.500   0.4969   0.05572   0.02485  -0.0467   1.0000   1.0000   1.0000 261.0000
   5.000   0.5157   0.06096   0.03013  -0.0506   1.0000   1.0000   1.0000 261.0000
   5.500   0.5332   0.06668   0.03593  -0.0546   1.0000   1.0000   1.0000 261.0000
   6.000   0.5498   0.07284   0.04218  -0.0587   1.0000   1.0000   1.0000 261.0000
   6.500   0.5656   0.07937   0.04885  -0.0628   1.0000   1.0000   1.0000 261.0000
   7.000   0.5808   0.08624   0.05591  -0.0668   1.0000   1.0000   1.0000 261.0000
   7.500   0.5955   0.09340   0.06336  -0.0707   1.0000   1.0000   1.0000 261.0000
   8.000   0.6101   0.10085   0.07119  -0.0746   1.0000   1.0000   1.0000 261.0000
   8.500   0.6246   0.10852   0.07942  -0.0784   1.0000   1.0000   1.0000 261.0000
   9.000   0.6394   0.11635   0.08805  -0.0822   1.0000   1.0000   1.0000 261.0000
   9.500   0.6544   0.12430   0.09711  -0.0860   1.0000   1.0000   1.0000 261.0000
  10.000   0.6700   0.13234   0.10662  -0.0898   1.0000   1.0000   1.0000 261.0000
