  
       XFOIL         Version 6.99
  
 Calculated polar for: 20140417-49_0.65+2                              
  
 1 1 Reynolds number fixed          Mach number fixed         
  
 xtrf =   1.000 (top)        1.000 (bottom)  
 Mach =   0.000     Re =     0.011 e 6     Ncrit =   9.000  9.000
  
   alpha    CL        CD       CDp       CM     Top_Xtr  Bot_Xtr  Top_Itr  Bot_Itr
  ------ -------- --------- --------- -------- -------- -------- -------- --------
  -1.000   0.1033   0.02911   0.00395  -0.0382   1.0000   1.0000   1.0000 249.0000
  -0.500   0.1527   0.02933   0.00388  -0.0379   1.0000   1.0000   1.0000 249.0000
   0.000   0.2009   0.02967   0.00406  -0.0375   1.0000   1.0000   1.0000 249.0000
   0.500   0.2479   0.03017   0.00449  -0.0371   1.0000   1.0000   1.0000 249.0000
   1.000   0.2935   0.03084   0.00518  -0.0369   1.0000   1.0000   1.0000 249.0000
   1.500   0.3370   0.03178   0.00619  -0.0369   1.0000   1.0000   1.0000 249.0000
   2.000   0.3779   0.03311   0.00763  -0.0374   1.0000   1.0000   1.0000 249.0000
   2.500   0.4142   0.03506   0.00969  -0.0385   1.0000   1.0000   1.0000 249.0000
   3.000   0.4439   0.03793   0.01265  -0.0408   1.0000   1.0000   1.0000 249.0000
   3.500   0.4678   0.04182   0.01658  -0.0444   1.0000   1.0000   1.0000 249.0000
   4.000   0.4883   0.04653   0.02134  -0.0487   1.0000   1.0000   1.0000 249.0000
   4.500   0.5071   0.05182   0.02669  -0.0533   1.0000   1.0000   1.0000 249.0000
   5.000   0.5250   0.05756   0.03250  -0.0579   1.0000   1.0000   1.0000 249.0000
   5.500   0.5422   0.06367   0.03869  -0.0623   1.0000   1.0000   1.0000 249.0000
   6.000   0.5589   0.07014   0.04525  -0.0665   1.0000   1.0000   1.0000 249.0000
   6.500   0.5752   0.07695   0.05219  -0.0705   1.0000   1.0000   1.0000 249.0000
   7.000   0.6068   0.08574   0.06124  -0.0785   0.9856   1.0000   3.5290 249.0000
   7.500   0.6063   0.09147   0.06711  -0.0782   1.0000   1.0000   1.0000 249.0000
   8.000   0.6215   0.09913   0.07510  -0.0819   1.0000   1.0000   1.0000 249.0000
   8.500   0.6366   0.10700   0.08347  -0.0855   1.0000   1.0000   1.0000 249.0000
   9.000   0.6519   0.11503   0.09224  -0.0891   1.0000   1.0000   1.0000 249.0000
   9.500   0.6675   0.12318   0.10143  -0.0927   1.0000   1.0000   1.0000 249.0000
  10.000   0.6836   0.13141   0.11107  -0.0964   1.0000   1.0000   1.0000 249.0000
