  
       XFOIL         Version 6.99
  
 Calculated polar for: 20140417-49_0.65+2                              
  
 1 1 Reynolds number fixed          Mach number fixed         
  
 xtrf =   1.000 (top)        1.000 (bottom)  
 Mach =   0.000     Re =     0.014 e 6     Ncrit =   9.000  9.000
  
   alpha    CL        CD       CDp       CM     Top_Xtr  Bot_Xtr  Top_Itr  Bot_Itr
  ------ -------- --------- --------- -------- -------- -------- -------- --------
  -1.000   0.1081   0.02636   0.00365  -0.0389   1.0000   1.0000   1.0000 249.0000
  -0.500   0.1577   0.02658   0.00360  -0.0385   1.0000   1.0000   1.0000 249.0000
   0.000   0.2064   0.02693   0.00379  -0.0382   1.0000   1.0000   1.0000 249.0000
   0.500   0.2538   0.02741   0.00423  -0.0379   1.0000   1.0000   1.0000 249.0000
   1.000   0.2998   0.02809   0.00492  -0.0377   1.0000   1.0000   1.0000 249.0000
   1.500   0.3437   0.02903   0.00594  -0.0378   1.0000   1.0000   1.0000 249.0000
   2.000   0.3846   0.03042   0.00744  -0.0384   1.0000   1.0000   1.0000 249.0000
   2.500   0.4198   0.03255   0.00967  -0.0400   1.0000   1.0000   1.0000 249.0000
   3.000   0.4478   0.03575   0.01294  -0.0429   1.0000   1.0000   1.0000 249.0000
   3.500   0.4703   0.03999   0.01724  -0.0472   1.0000   1.0000   1.0000 249.0000
   4.000   0.4900   0.04498   0.02228  -0.0520   1.0000   1.0000   1.0000 249.0000
   4.500   0.5087   0.05046   0.02783  -0.0568   1.0000   1.0000   1.0000 249.0000
   5.000   0.5268   0.05633   0.03377  -0.0614   1.0000   1.0000   1.0000 249.0000
   5.500   0.6630   0.06962   0.04764  -0.0891   0.8740   1.0000  16.3601 249.0000
   6.000   0.7195   0.07911   0.05729  -0.0972   0.8055   1.0000  24.1569 249.0000
   6.500   0.7443   0.08779   0.06603  -0.1006   0.7692   1.0000  28.2801 249.0000
   7.500   0.7451   0.10381   0.08234  -0.1048   0.7870   1.0000  26.2606 249.0000
   8.500   0.6399   0.10645   0.08528  -0.0886   1.0000   1.0000   1.0000 249.0000
   9.000   0.6553   0.11461   0.09410  -0.0921   1.0000   1.0000   1.0000 249.0000
   9.500   0.6709   0.12290   0.10334  -0.0956   1.0000   1.0000   1.0000 249.0000
  10.000   0.6871   0.13128   0.11302  -0.0992   1.0000   1.0000   1.0000 249.0000
