  
       XFOIL         Version 6.99
  
 Calculated polar for: 20140417-49_0.65+2                              
  
 1 1 Reynolds number fixed          Mach number fixed         
  
 xtrf =   1.000 (top)        1.000 (bottom)  
 Mach =   0.000     Re =     0.021 e 6     Ncrit =   9.000  9.000
  
   alpha    CL        CD       CDp       CM     Top_Xtr  Bot_Xtr  Top_Itr  Bot_Itr
  ------ -------- --------- --------- -------- -------- -------- -------- --------
  -1.000   0.1172   0.02179   0.00312  -0.0402   1.0000   1.0000   1.0000 249.0000
  -0.500   0.1676   0.02201   0.00312  -0.0399   1.0000   1.0000   1.0000 249.0000
   0.000   0.2170   0.02235   0.00334  -0.0396   1.0000   1.0000   1.0000 249.0000
   0.500   0.2653   0.02282   0.00378  -0.0393   1.0000   1.0000   1.0000 249.0000
   1.000   0.3120   0.02350   0.00448  -0.0393   1.0000   1.0000   1.0000 249.0000
   1.500   0.3568   0.02448   0.00555  -0.0396   1.0000   1.0000   1.0000 249.0000
   2.000   0.3969   0.02605   0.00722  -0.0408   1.0000   1.0000   1.0000 249.0000
   2.500   0.4289   0.02869   0.00996  -0.0435   1.0000   1.0000   1.0000 249.0000
   3.000   0.4530   0.03269   0.01403  -0.0481   1.0000   1.0000   1.0000 249.0000
   3.500   0.5378   0.03929   0.02096  -0.0666   0.9529   1.0000   7.3506 249.0000
   4.000   0.7315   0.04503   0.02743  -0.0897   0.7698   1.0000  28.2048 249.0000
   4.500   0.8042   0.04882   0.03126  -0.0866   0.6663   1.0000  40.0279 249.0000
   5.000   0.8483   0.05411   0.03638  -0.0820   0.5867   1.0000  49.0486 249.0000
   5.500   0.8777   0.06119   0.04321  -0.0790   0.5239   1.0000  56.1593 249.0000
   6.000   0.8943   0.07005   0.05178  -0.0785   0.4783   1.0000  61.3205 249.0000
   6.500   0.9063   0.07996   0.06132  -0.0793   0.4458   1.0000  65.0055 249.0000
   7.000   0.8931   0.09171   0.07287  -0.0856   0.4446   1.0000  65.1325 249.0000
   7.500   0.8764   0.10318   0.08432  -0.0922   0.4638   1.0000  62.9622 249.0000
   8.500   0.6526   0.10680   0.08961  -0.0957   0.9950   1.0000   2.2254 249.0000
   9.000   0.7292   0.12349   0.10757  -0.1124   0.8882   1.0000  14.7383 249.0000
   9.500   0.7743   0.13572   0.12103  -0.1177   0.7962   1.0000  25.2132 249.0000
  10.000   0.8077   0.14633   0.13313  -0.1194   0.7166   1.0000  34.2454 249.0000
