  
       XFOIL         Version 6.99
  
 Calculated polar for: 20140417-49_0.65+2                              
  
 1 1 Reynolds number fixed          Mach number fixed         
  
 xtrf =   1.000 (top)        1.000 (bottom)  
 Mach =   0.000     Re =     0.021 e 6     Ncrit =   9.000  9.000
  
   alpha    CL        CD       CDp       CM     Top_Xtr  Bot_Xtr  Top_Itr  Bot_Itr
  ------ -------- --------- --------- -------- -------- -------- -------- --------
  -1.000   0.1183   0.02128   0.00307  -0.0404   1.0000   1.0000   1.0000 249.0000
  -0.500   0.1688   0.02150   0.00307  -0.0401   1.0000   1.0000   1.0000 249.0000
   0.000   0.2183   0.02184   0.00329  -0.0397   1.0000   1.0000   1.0000 249.0000
   0.500   0.2667   0.02231   0.00373  -0.0395   1.0000   1.0000   1.0000 249.0000
   1.000   0.3135   0.02298   0.00443  -0.0395   1.0000   1.0000   1.0000 249.0000
   1.500   0.3583   0.02398   0.00550  -0.0399   1.0000   1.0000   1.0000 249.0000
   2.000   0.3983   0.02557   0.00720  -0.0411   1.0000   1.0000   1.0000 249.0000
   2.500   0.4299   0.02831   0.01003  -0.0440   1.0000   1.0000   1.0000 249.0000
   3.000   0.4535   0.03241   0.01422  -0.0488   1.0000   1.0000   1.0000 249.0000
   3.500   0.6152   0.03969   0.02212  -0.0791   0.8843   1.0000  15.1882 249.0000
   4.000   0.7553   0.04305   0.02593  -0.0878   0.7345   1.0000  32.2151 249.0000
   4.500   0.8144   0.04664   0.02942  -0.0826   0.6392   1.0000  43.1059 249.0000
   5.000   0.8569   0.05165   0.03418  -0.0772   0.5602   1.0000  52.0552 249.0000
   5.500   0.8863   0.05860   0.04088  -0.0740   0.4965   1.0000  59.2623 249.0000
   6.000   0.9097   0.06688   0.04879  -0.0721   0.4450   1.0000  65.0964 249.0000
   6.500   0.9143   0.07761   0.05921  -0.0747   0.4176   1.0000  68.2014 249.0000
   7.000   0.9082   0.08943   0.07075  -0.0801   0.4094   1.0000  69.1270 249.0000
   7.500   0.8874   0.10167   0.08299  -0.0883   0.4291   1.0000  66.8899 249.0000
   8.500   0.7014   0.11312   0.09680  -0.1076   0.9236   1.0000  10.6910 249.0000
   9.000   0.7568   0.12664   0.11116  -0.1158   0.8238   1.0000  22.0749 249.0000
   9.500   0.7896   0.13700   0.12268  -0.1176   0.7412   1.0000  31.4559 249.0000
  10.000   0.8182   0.14702   0.13407  -0.1183   0.6714   1.0000  39.4497 249.0000
