  
       XFOIL         Version 6.99
  
 Calculated polar for: 20140417-49_0.65+2                              
  
 1 1 Reynolds number fixed          Mach number fixed         
  
 xtrf =   1.000 (top)        1.000 (bottom)  
 Mach =   0.000     Re =     0.032 e 6     Ncrit =   9.000  9.000
  
   alpha    CL        CD       CDp       CM     Top_Xtr  Bot_Xtr  Top_Itr  Bot_Itr
  ------ -------- --------- --------- -------- -------- -------- -------- --------
  -1.000   0.1271   0.01762   0.00264  -0.0417   1.0000   1.0000   1.0000 249.0000
  -0.500   0.1783   0.01784   0.00267  -0.0414   1.0000   1.0000   1.0000 249.0000
   0.000   0.2285   0.01817   0.00291  -0.0412   1.0000   1.0000   1.0000 249.0000
   0.500   0.2776   0.01863   0.00335  -0.0410   1.0000   1.0000   1.0000 249.0000
   1.000   0.3255   0.01931   0.00406  -0.0411   1.0000   1.0000   1.0000 249.0000
   1.500   0.3704   0.02037   0.00521  -0.0419   1.0000   1.0000   1.0000 249.0000
   2.000   0.4082   0.02234   0.00729  -0.0440   1.0000   1.0000   1.0000 249.0000
   2.500   0.5029   0.02636   0.01162  -0.0611   0.9549   1.0000   7.1231 249.0000
   3.000   0.6805   0.02672   0.01242  -0.0767   0.7830   1.0000  26.7088 249.0000
   3.500   0.7353   0.02785   0.01312  -0.0696   0.6752   1.0000  39.0222 249.0000
   4.000   0.7789   0.03025   0.01501  -0.0633   0.5828   1.0000  49.4885 249.0000
   4.500   0.8235   0.03327   0.01746  -0.0582   0.4998   1.0000  58.8914 249.0000
   5.000   0.8661   0.03713   0.02079  -0.0539   0.4224   1.0000  67.6548 249.0000
   5.500   0.9070   0.04162   0.02456  -0.0495   0.3498   1.0000  75.8860 249.0000
   6.000   0.9431   0.04751   0.02973  -0.0459   0.2848   1.0000  83.2914 249.0000
   6.500   0.9756   0.05469   0.03591  -0.0429   0.2346   1.0000  89.0210 249.0000
   7.000   0.9944   0.06495   0.04563  -0.0428   0.2087   1.0000  92.0015 249.0000
   7.500   0.9846   0.07965   0.06062  -0.0489   0.2096   1.0000  91.8999 249.0000
   8.500   0.8368   0.12244   0.10804  -0.1082   0.5415   1.0000  54.1701 249.0000
   9.000   0.8488   0.13093   0.11678  -0.1066   0.4932   1.0000  59.6350 249.0000
   9.500   0.8706   0.14070   0.12661  -0.1054   0.4458   1.0000  65.0014 249.0000
  10.000   0.8729   0.14815   0.13535  -0.1053   0.4169   1.0000  68.2742 249.0000
