  
       XFOIL         Version 6.99
  
 Calculated polar for: 20140417-49_0.65+2                              
  
 1 1 Reynolds number fixed          Mach number fixed         
  
 xtrf =   1.000 (top)        1.000 (bottom)  
 Mach =   0.000     Re =     0.005 e 6     Ncrit =   9.000  9.000
  
   alpha    CL        CD       CDp       CM     Top_Xtr  Bot_Xtr  Top_Itr  Bot_Itr
  ------ -------- --------- --------- -------- -------- -------- -------- --------
  -1.000   0.0826   0.04450   0.00561  -0.0353   1.0000   1.0000   1.0000 249.0000
  -0.500   0.1305   0.04470   0.00538  -0.0350   1.0000   1.0000   1.0000 249.0000
   0.000   0.1772   0.04504   0.00548  -0.0347   1.0000   1.0000   1.0000 249.0000
   0.500   0.2225   0.04555   0.00586  -0.0343   1.0000   1.0000   1.0000 249.0000
   1.000   0.2663   0.04624   0.00655  -0.0339   1.0000   1.0000   1.0000 249.0000
   1.500   0.3086   0.04716   0.00752  -0.0337   1.0000   1.0000   1.0000 249.0000
   2.000   0.3487   0.04836   0.00885  -0.0336   1.0000   1.0000   1.0000 249.0000
   2.500   0.3860   0.04993   0.01057  -0.0338   1.0000   1.0000   1.0000 249.0000
   3.000   0.4203   0.05203   0.01283  -0.0345   1.0000   1.0000   1.0000 249.0000
   3.500   0.4502   0.05477   0.01567  -0.0358   1.0000   1.0000   1.0000 249.0000
   4.000   0.4756   0.05824   0.01919  -0.0378   1.0000   1.0000   1.0000 249.0000
   4.500   0.4974   0.06244   0.02344  -0.0405   1.0000   1.0000   1.0000 249.0000
   5.000   0.5166   0.06728   0.02833  -0.0438   1.0000   1.0000   1.0000 249.0000
   5.500   0.5342   0.07267   0.03378  -0.0475   1.0000   1.0000   1.0000 249.0000
   6.000   0.5506   0.07852   0.03974  -0.0514   1.0000   1.0000   1.0000 249.0000
   6.500   0.5664   0.08476   0.04616  -0.0553   1.0000   1.0000   1.0000 249.0000
   7.000   0.5817   0.09135   0.05301  -0.0593   1.0000   1.0000   1.0000 249.0000
   7.500   0.5966   0.09821   0.06026  -0.0633   1.0000   1.0000   1.0000 249.0000
   8.000   0.6113   0.10530   0.06792  -0.0673   1.0000   1.0000   1.0000 249.0000
   8.500   0.6262   0.11256   0.07601  -0.0712   1.0000   1.0000   1.0000 249.0000
   9.000   0.6413   0.11992   0.08452  -0.0752   1.0000   1.0000   1.0000 249.0000
   9.500   0.6568   0.12735   0.09349  -0.0792   1.0000   1.0000   1.0000 249.0000
  10.000   0.6730   0.13481   0.10294  -0.0832   1.0000   1.0000   1.0000 249.0000
