  
       XFOIL         Version 6.99
  
 Calculated polar for: 20140417-45_0.65+2                              
  
 1 1 Reynolds number fixed          Mach number fixed         
  
 xtrf =   1.000 (top)        1.000 (bottom)  
 Mach =   0.000     Re =     0.017 e 6     Ncrit =   9.000  9.000
  
   alpha    CL        CD       CDp       CM     Top_Xtr  Bot_Xtr  Top_Itr  Bot_Itr
  ------ -------- --------- --------- -------- -------- -------- -------- --------
  -1.000   0.1115   0.02419   0.00335  -0.0392   1.0000   1.0000   1.0000 250.0000
  -0.500   0.1617   0.02440   0.00331  -0.0388   1.0000   1.0000   1.0000 250.0000
   0.000   0.2109   0.02472   0.00350  -0.0384   1.0000   1.0000   1.0000 250.0000
   0.500   0.2590   0.02518   0.00391  -0.0381   1.0000   1.0000   1.0000 250.0000
   1.000   0.3057   0.02582   0.00459  -0.0379   1.0000   1.0000   1.0000 250.0000
   1.500   0.3504   0.02673   0.00559  -0.0381   1.0000   1.0000   1.0000 250.0000
   2.000   0.3917   0.02812   0.00712  -0.0389   1.0000   1.0000   1.0000 250.0000
   2.500   0.4260   0.03042   0.00954  -0.0409   1.0000   1.0000   1.0000 250.0000
   3.000   0.4516   0.03403   0.01324  -0.0448   1.0000   1.0000   1.0000 250.0000
   3.500   0.4723   0.03871   0.01799  -0.0499   1.0000   1.0000   1.0000 250.0000
   4.000   0.4914   0.04398   0.02334  -0.0552   1.0000   1.0000   1.0000 250.0000
   4.500   0.6667   0.05513   0.03521  -0.0879   0.8469   1.0000  19.4812 250.0000
   5.000   0.7511   0.06279   0.04312  -0.0952   0.7431   1.0000  31.2873 250.0000
   6.000   0.8188   0.07907   0.05927  -0.0972   0.6305   1.0000  44.1625 250.0000
   6.500   0.8221   0.08799   0.06803  -0.0984   0.6107   1.0000  46.4054 250.0000
   7.000   0.8195   0.09716   0.07716  -0.1009   0.6092   1.0000  46.5739 250.0000
   7.500   0.8044   0.10615   0.08635  -0.1052   0.6469   1.0000  42.3000 250.0000
   8.000   0.6277   0.09835   0.07871  -0.0880   1.0000   1.0000   1.0000 250.0000
   8.500   0.6433   0.10640   0.08718  -0.0915   1.0000   1.0000   1.0000 250.0000
   9.000   0.6589   0.11464   0.09604  -0.0949   1.0000   1.0000   1.0000 250.0000
   9.500   0.6747   0.12302   0.10530  -0.0983   1.0000   1.0000   1.0000 250.0000
  10.000   0.6910   0.13149   0.11499  -0.1018   1.0000   1.0000   1.0000 250.0000
