  
       XFOIL         Version 6.99
  
 Calculated polar for: 20140417-45_0.65+2                              
  
 1 1 Reynolds number fixed          Mach number fixed         
  
 xtrf =   1.000 (top)        1.000 (bottom)  
 Mach =   0.000     Re =     0.019 e 6     Ncrit =   9.000  9.000
  
   alpha    CL        CD       CDp       CM     Top_Xtr  Bot_Xtr  Top_Itr  Bot_Itr
  ------ -------- --------- --------- -------- -------- -------- -------- --------
  -1.000   0.1148   0.02255   0.00316  -0.0397   1.0000   1.0000   1.0000 250.0000
  -0.500   0.1653   0.02275   0.00314  -0.0393   1.0000   1.0000   1.0000 250.0000
   0.000   0.2148   0.02307   0.00333  -0.0390   1.0000   1.0000   1.0000 250.0000
   0.500   0.2632   0.02352   0.00375  -0.0386   1.0000   1.0000   1.0000 250.0000
   1.000   0.3102   0.02416   0.00442  -0.0385   1.0000   1.0000   1.0000 250.0000
   1.500   0.3552   0.02508   0.00544  -0.0388   1.0000   1.0000   1.0000 250.0000
   2.000   0.3963   0.02653   0.00703  -0.0398   1.0000   1.0000   1.0000 250.0000
   2.500   0.4291   0.02905   0.00966  -0.0423   1.0000   1.0000   1.0000 250.0000
   3.000   0.4531   0.03300   0.01370  -0.0469   1.0000   1.0000   1.0000 250.0000
   3.500   0.4732   0.03791   0.01870  -0.0524   1.0000   1.0000   1.0000 250.0000
   4.000   0.6896   0.04697   0.02864  -0.0884   0.8150   1.0000  23.1168 250.0000
   4.500   0.7811   0.05195   0.03385  -0.0906   0.6990   1.0000  36.3327 250.0000
   5.000   0.8274   0.05789   0.03970  -0.0877   0.6202   1.0000  45.3249 250.0000
   5.500   0.8587   0.06528   0.04689  -0.0855   0.5599   1.0000  52.1673 250.0000
   6.000   0.8709   0.07440   0.05578  -0.0861   0.5218   1.0000  56.4987 250.0000
   6.500   0.8767   0.08439   0.06550  -0.0882   0.4985   1.0000  59.1616 250.0000
   7.000   0.8680   0.09497   0.07589  -0.0926   0.4992   1.0000  59.0824 250.0000
   8.000   0.6303   0.09814   0.07994  -0.0901   1.0000   1.0000   1.0000 250.0000
   8.500   0.6459   0.10627   0.08845  -0.0935   1.0000   1.0000   1.0000 250.0000
   9.000   0.6616   0.11458   0.09734  -0.0969   1.0000   1.0000   1.0000 250.0000
   9.500   0.7396   0.13187   0.11654  -0.1142   0.8906   1.0000  14.4990 250.0000
  10.000   0.7853   0.14417   0.13067  -0.1197   0.7956   1.0000  25.3308 250.0000
