  
       XFOIL         Version 6.99
  
 Calculated polar for: 20140417-45_0.65+2                              
  
 1 1 Reynolds number fixed          Mach number fixed         
  
 xtrf =   1.000 (top)        1.000 (bottom)  
 Mach =   0.000     Re =     0.022 e 6     Ncrit =   9.000  9.000
  
   alpha    CL        CD       CDp       CM     Top_Xtr  Bot_Xtr  Top_Itr  Bot_Itr
  ------ -------- --------- --------- -------- -------- -------- -------- --------
  -1.000   0.1182   0.02096   0.00298  -0.0402   1.0000   1.0000   1.0000 250.0000
  -0.500   0.1689   0.02116   0.00297  -0.0398   1.0000   1.0000   1.0000 250.0000
   0.000   0.2187   0.02148   0.00317  -0.0395   1.0000   1.0000   1.0000 250.0000
   0.500   0.2674   0.02193   0.00359  -0.0392   1.0000   1.0000   1.0000 250.0000
   1.000   0.3147   0.02255   0.00426  -0.0391   1.0000   1.0000   1.0000 250.0000
   1.500   0.3601   0.02349   0.00529  -0.0395   1.0000   1.0000   1.0000 250.0000
   2.000   0.4007   0.02503   0.00697  -0.0407   1.0000   1.0000   1.0000 250.0000
   2.500   0.4318   0.02783   0.00988  -0.0438   1.0000   1.0000   1.0000 250.0000
   3.000   0.4543   0.03214   0.01429  -0.0492   1.0000   1.0000   1.0000 250.0000
   3.500   0.6758   0.03879   0.02183  -0.0851   0.8229   1.0000  22.2162 250.0000
   4.000   0.7688   0.04140   0.02456  -0.0840   0.6987   1.0000  36.3698 250.0000
   4.500   0.8176   0.04533   0.02830  -0.0782   0.6099   1.0000  46.4932 250.0000
   5.000   0.8585   0.05051   0.03319  -0.0729   0.5339   1.0000  55.1148 250.0000
   5.500   0.8893   0.05753   0.03993  -0.0699   0.4720   1.0000  62.1811 250.0000
   6.000   0.9089   0.06658   0.04869  -0.0697   0.4272   1.0000  67.2758 250.0000
   6.500   0.9226   0.07664   0.05833  -0.0706   0.3945   1.0000  70.9977 250.0000
   7.000   0.9132   0.08935   0.07086  -0.0780   0.3942   1.0000  71.0244 250.0000
   7.500   0.8840   0.10230   0.08398  -0.0889   0.4282   1.0000  67.1659 250.0000
   8.000   0.6523   0.10056   0.08388  -0.0972   0.9836   1.0000   3.8138 250.0000
   8.500   0.7164   0.11496   0.09910  -0.1106   0.8917   1.0000  14.3726 250.0000
   9.000   0.7673   0.12787   0.11273  -0.1169   0.7981   1.0000  25.0401 250.0000
   9.500   0.7978   0.13790   0.12385  -0.1177   0.7164   1.0000  34.3320 250.0000
  10.000   0.8261   0.14778   0.13503  -0.1178   0.6439   1.0000  42.6361 250.0000
