  
       XFOIL         Version 6.99
  
 Calculated polar for: 20140417-45_0.65+2                              
  
 1 1 Reynolds number fixed          Mach number fixed         
  
 xtrf =   1.000 (top)        1.000 (bottom)  
 Mach =   0.000     Re =     0.025 e 6     Ncrit =   9.000  9.000
  
   alpha    CL        CD       CDp       CM     Top_Xtr  Bot_Xtr  Top_Itr  Bot_Itr
  ------ -------- --------- --------- -------- -------- -------- -------- --------
  -1.000   0.1206   0.01986   0.00285  -0.0405   1.0000   1.0000   1.0000 250.0000
  -0.500   0.1715   0.02007   0.00285  -0.0402   1.0000   1.0000   1.0000 250.0000
   0.000   0.2215   0.02038   0.00306  -0.0398   1.0000   1.0000   1.0000 250.0000
   0.500   0.2704   0.02083   0.00347  -0.0396   1.0000   1.0000   1.0000 250.0000
   1.000   0.3180   0.02145   0.00415  -0.0395   1.0000   1.0000   1.0000 250.0000
   1.500   0.3635   0.02240   0.00519  -0.0400   1.0000   1.0000   1.0000 250.0000
   2.000   0.4037   0.02402   0.00695  -0.0414   1.0000   1.0000   1.0000 250.0000
   2.500   0.4335   0.02708   0.01012  -0.0451   1.0000   1.0000   1.0000 250.0000
   3.000   0.5514   0.03293   0.01642  -0.0689   0.9287   1.0000  10.1561 250.0000
   3.500   0.7238   0.03482   0.01884  -0.0822   0.7502   1.0000  30.4803 250.0000
   4.000   0.7811   0.03710   0.02087  -0.0754   0.6490   1.0000  42.0534 250.0000
   4.500   0.8235   0.04096   0.02442  -0.0695   0.5642   1.0000  51.6779 250.0000
   5.000   0.8634   0.04590   0.02900  -0.0645   0.4892   1.0000  60.2157 250.0000
   5.500   0.8972   0.05237   0.03514  -0.0611   0.4245   1.0000  67.5833 250.0000
   7.000   0.9357   0.08363   0.06541  -0.0667   0.3315   1.0000  78.1439 250.0000
   7.500   0.9167   0.09791   0.07970  -0.0776   0.3499   1.0000  76.0583 250.0000
   8.500   0.7678   0.11971   0.10473  -0.1149   0.7583   1.0000  29.5671 250.0000
   9.000   0.7995   0.13001   0.11552  -0.1155   0.6813   1.0000  38.3718 250.0000
   9.500   0.8280   0.14020   0.12634  -0.1152   0.6132   1.0000  46.1212 250.0000
  10.000   0.8477   0.14928   0.13652  -0.1146   0.5602   1.0000  52.1305 250.0000
