  
       XFOIL         Version 6.99
  
 Calculated polar for: 20140417-45_0.65+2                              
  
 1 1 Reynolds number fixed          Mach number fixed         
  
 xtrf =   1.000 (top)        1.000 (bottom)  
 Mach =   0.000     Re =     0.005 e 6     Ncrit =   9.000  9.000
  
   alpha    CL        CD       CDp       CM     Top_Xtr  Bot_Xtr  Top_Itr  Bot_Itr
  ------ -------- --------- --------- -------- -------- -------- -------- --------
  -1.000   0.0824   0.04439   0.00553  -0.0351   1.0000   1.0000   1.0000 250.0000
  -0.500   0.1306   0.04457   0.00531  -0.0348   1.0000   1.0000   1.0000 250.0000
   0.000   0.1776   0.04490   0.00539  -0.0345   1.0000   1.0000   1.0000 250.0000
   0.500   0.2233   0.04540   0.00577  -0.0341   1.0000   1.0000   1.0000 250.0000
   1.000   0.2675   0.04607   0.00643  -0.0337   1.0000   1.0000   1.0000 250.0000
   1.500   0.3101   0.04696   0.00741  -0.0335   1.0000   1.0000   1.0000 250.0000
   2.000   0.3505   0.04813   0.00873  -0.0334   1.0000   1.0000   1.0000 250.0000
   2.500   0.3881   0.04968   0.01047  -0.0336   1.0000   1.0000   1.0000 250.0000
   3.000   0.4224   0.05176   0.01272  -0.0343   1.0000   1.0000   1.0000 250.0000
   3.500   0.4523   0.05452   0.01562  -0.0356   1.0000   1.0000   1.0000 250.0000
   4.000   0.4772   0.05805   0.01922  -0.0378   1.0000   1.0000   1.0000 250.0000
   4.500   0.4985   0.06232   0.02353  -0.0406   1.0000   1.0000   1.0000 250.0000
   5.000   0.5174   0.06725   0.02851  -0.0441   1.0000   1.0000   1.0000 250.0000
   5.500   0.5346   0.07271   0.03404  -0.0479   1.0000   1.0000   1.0000 250.0000
   6.000   0.5509   0.07861   0.04005  -0.0518   1.0000   1.0000   1.0000 250.0000
   6.500   0.5665   0.08490   0.04652  -0.0559   1.0000   1.0000   1.0000 250.0000
   7.000   0.5818   0.09153   0.05341  -0.0599   1.0000   1.0000   1.0000 250.0000
   7.500   0.5967   0.09841   0.06069  -0.0639   1.0000   1.0000   1.0000 250.0000
   8.000   0.6115   0.10551   0.06838  -0.0678   1.0000   1.0000   1.0000 250.0000
   8.500   0.6264   0.11277   0.07646  -0.0718   1.0000   1.0000   1.0000 250.0000
   9.000   0.6417   0.12014   0.08498  -0.0757   1.0000   1.0000   1.0000 250.0000
   9.500   0.6573   0.12756   0.09395  -0.0797   1.0000   1.0000   1.0000 250.0000
  10.000   0.6736   0.13501   0.10339  -0.0838   1.0000   1.0000   1.0000 250.0000
