  
       XFOIL         Version 6.99
  
 Calculated polar for: 20140417-35_0.65+2                              
  
 1 1 Reynolds number fixed          Mach number fixed         
  
 xtrf =   1.000 (top)        1.000 (bottom)  
 Mach =   0.000     Re =     0.011 e 6     Ncrit =   9.000  9.000
  
   alpha    CL        CD       CDp       CM     Top_Xtr  Bot_Xtr  Top_Itr  Bot_Itr
  ------ -------- --------- --------- -------- -------- -------- -------- --------
  -1.000   0.0951   0.03012   0.00381  -0.0358   1.0000   1.0000   1.0000 249.0000
  -0.500   0.1453   0.03029   0.00368  -0.0354   1.0000   1.0000   1.0000 249.0000
   0.000   0.1944   0.03058   0.00381  -0.0350   1.0000   1.0000   1.0000 249.0000
   0.500   0.2423   0.03099   0.00419  -0.0346   1.0000   1.0000   1.0000 249.0000
   1.000   0.2889   0.03155   0.00481  -0.0342   1.0000   1.0000   1.0000 249.0000
   1.500   0.3338   0.03234   0.00575  -0.0341   1.0000   1.0000   1.0000 249.0000
   2.000   0.3759   0.03347   0.00710  -0.0344   1.0000   1.0000   1.0000 249.0000
   2.500   0.4137   0.03522   0.00910  -0.0354   1.0000   1.0000   1.0000 249.0000
   3.000   0.4434   0.03805   0.01209  -0.0379   1.0000   1.0000   1.0000 249.0000
   3.500   0.4655   0.04213   0.01624  -0.0420   1.0000   1.0000   1.0000 249.0000
   4.000   0.4844   0.04707   0.02125  -0.0469   1.0000   1.0000   1.0000 249.0000
   4.500   0.5023   0.05255   0.02680  -0.0520   1.0000   1.0000   1.0000 249.0000
   5.000   0.5197   0.05843   0.03276  -0.0568   1.0000   1.0000   1.0000 249.0000
   5.500   0.5367   0.06465   0.03907  -0.0614   1.0000   1.0000   1.0000 249.0000
   6.000   0.5532   0.07119   0.04572  -0.0657   1.0000   1.0000   1.0000 249.0000
   6.500   0.5695   0.07804   0.05271  -0.0699   1.0000   1.0000   1.0000 249.0000
   7.000   0.5854   0.08517   0.06003  -0.0738   1.0000   1.0000   1.0000 249.0000
   7.500   0.6011   0.09257   0.06768  -0.0776   1.0000   1.0000   1.0000 249.0000
   8.000   0.6166   0.10019   0.07568  -0.0812   1.0000   1.0000   1.0000 249.0000
   8.500   0.6321   0.10799   0.08403  -0.0848   1.0000   1.0000   1.0000 249.0000
   9.000   0.6478   0.11593   0.09276  -0.0884   1.0000   1.0000   1.0000 249.0000
   9.500   0.6638   0.12397   0.10190  -0.0919   1.0000   1.0000   1.0000 249.0000
  10.000   0.6803   0.13207   0.11146  -0.0956   1.0000   1.0000   1.0000 249.0000
