  
       XFOIL         Version 6.99
  
 Calculated polar for: 20140417-35_0.65+2                              
  
 1 1 Reynolds number fixed          Mach number fixed         
  
 xtrf =   1.000 (top)        1.000 (bottom)  
 Mach =   0.000     Re =     0.012 e 6     Ncrit =   9.000  9.000
  
   alpha    CL        CD       CDp       CM     Top_Xtr  Bot_Xtr  Top_Itr  Bot_Itr
  ------ -------- --------- --------- -------- -------- -------- -------- --------
  -1.000   0.0981   0.02815   0.00359  -0.0362   1.0000   1.0000   1.0000 249.0000
  -0.500   0.1485   0.02832   0.00348  -0.0359   1.0000   1.0000   1.0000 249.0000
   0.000   0.1978   0.02859   0.00362  -0.0354   1.0000   1.0000   1.0000 249.0000
   0.500   0.2459   0.02900   0.00400  -0.0350   1.0000   1.0000   1.0000 249.0000
   1.000   0.2928   0.02956   0.00462  -0.0347   1.0000   1.0000   1.0000 249.0000
   1.500   0.3380   0.03034   0.00555  -0.0346   1.0000   1.0000   1.0000 249.0000
   2.000   0.3802   0.03149   0.00692  -0.0349   1.0000   1.0000   1.0000 249.0000
   2.500   0.4175   0.03334   0.00901  -0.0363   1.0000   1.0000   1.0000 249.0000
   3.000   0.4456   0.03643   0.01224  -0.0392   1.0000   1.0000   1.0000 249.0000
   3.500   0.4666   0.04080   0.01669  -0.0439   1.0000   1.0000   1.0000 249.0000
   4.000   0.4851   0.04594   0.02190  -0.0492   1.0000   1.0000   1.0000 249.0000
   4.500   0.5031   0.05154   0.02757  -0.0544   1.0000   1.0000   1.0000 249.0000
   5.000   0.5206   0.05750   0.03361  -0.0593   1.0000   1.0000   1.0000 249.0000
   5.500   0.5379   0.06378   0.03999  -0.0638   1.0000   1.0000   1.0000 249.0000
   6.000   0.6472   0.07761   0.05438  -0.0880   0.8993   1.0000  13.4698 249.0000
   6.500   0.6871   0.08720   0.06417  -0.0955   0.8588   1.0000  18.0740 249.0000
   7.500   0.6874   0.10122   0.07857  -0.0982   0.8891   1.0000  14.6253 249.0000
   8.000   0.6188   0.09964   0.07684  -0.0834   1.0000   1.0000   1.0000 249.0000
   8.500   0.6344   0.10752   0.08523  -0.0869   1.0000   1.0000   1.0000 249.0000
   9.000   0.6501   0.11555   0.09399  -0.0904   1.0000   1.0000   1.0000 249.0000
   9.500   0.6661   0.12368   0.10316  -0.0939   1.0000   1.0000   1.0000 249.0000
  10.000   0.6826   0.13187   0.11275  -0.0974   1.0000   1.0000   1.0000 249.0000
