  
       XFOIL         Version 6.99
  
 Calculated polar for: 20140417-35_0.65+2                              
  
 1 1 Reynolds number fixed          Mach number fixed         
  
 xtrf =   1.000 (top)        1.000 (bottom)  
 Mach =   0.000     Re =     0.017 e 6     Ncrit =   9.000  9.000
  
   alpha    CL        CD       CDp       CM     Top_Xtr  Bot_Xtr  Top_Itr  Bot_Itr
  ------ -------- --------- --------- -------- -------- -------- -------- --------
  -1.000   0.1051   0.02396   0.00313  -0.0372   1.0000   1.0000   1.0000 249.0000
  -0.500   0.1559   0.02413   0.00306  -0.0368   1.0000   1.0000   1.0000 249.0000
   0.000   0.2057   0.02440   0.00321  -0.0364   1.0000   1.0000   1.0000 249.0000
   0.500   0.2545   0.02478   0.00358  -0.0360   1.0000   1.0000   1.0000 249.0000
   1.000   0.3021   0.02532   0.00419  -0.0357   1.0000   1.0000   1.0000 249.0000
   1.500   0.3479   0.02610   0.00512  -0.0357   1.0000   1.0000   1.0000 249.0000
   2.000   0.3905   0.02732   0.00655  -0.0364   1.0000   1.0000   1.0000 249.0000
   2.500   0.4255   0.02954   0.00899  -0.0386   1.0000   1.0000   1.0000 249.0000
   3.000   0.4491   0.03344   0.01301  -0.0433   1.0000   1.0000   1.0000 249.0000
   3.500   0.4681   0.03845   0.01810  -0.0493   1.0000   1.0000   1.0000 249.0000
   4.000   0.5926   0.04773   0.02796  -0.0764   0.9084   1.0000  12.4301 249.0000
   4.500   0.7352   0.05590   0.03673  -0.0925   0.7521   1.0000  30.1597 249.0000
   5.000   0.7877   0.06303   0.04391  -0.0930   0.6721   1.0000  39.2303 249.0000
   5.500   0.8164   0.07115   0.05192  -0.0929   0.6199   1.0000  45.1295 249.0000
   6.000   0.8259   0.08015   0.06074  -0.0943   0.5918   1.0000  48.3018 249.0000
   7.000   0.8206   0.09883   0.07927  -0.1003   0.5936   1.0000  48.1009 249.0000
   8.000   0.6243   0.09877   0.07959  -0.0882   1.0000   1.0000   1.0000 249.0000
   8.500   0.6401   0.10681   0.08806  -0.0916   1.0000   1.0000   1.0000 249.0000
   9.000   0.6560   0.11502   0.09690  -0.0949   1.0000   1.0000   1.0000 249.0000
   9.500   0.6721   0.12336   0.10614  -0.0983   1.0000   1.0000   1.0000 249.0000
  10.000   0.6887   0.13178   0.11578  -0.1017   1.0000   1.0000   1.0000 249.0000
