  
       XFOIL         Version 6.99
  
 Calculated polar for: 20140417-35_0.65+2                              
  
 1 1 Reynolds number fixed          Mach number fixed         
  
 xtrf =   1.000 (top)        1.000 (bottom)  
 Mach =   0.000     Re =     0.018 e 6     Ncrit =   9.000  9.000
  
   alpha    CL        CD       CDp       CM     Top_Xtr  Bot_Xtr  Top_Itr  Bot_Itr
  ------ -------- --------- --------- -------- -------- -------- -------- --------
  -1.000   0.1070   0.02293   0.00302  -0.0375   1.0000   1.0000   1.0000 249.0000
  -0.500   0.1579   0.02310   0.00296  -0.0371   1.0000   1.0000   1.0000 249.0000
   0.000   0.2078   0.02337   0.00311  -0.0366   1.0000   1.0000   1.0000 249.0000
   0.500   0.2568   0.02375   0.00348  -0.0362   1.0000   1.0000   1.0000 249.0000
   1.000   0.3046   0.02428   0.00409  -0.0360   1.0000   1.0000   1.0000 249.0000
   1.500   0.3506   0.02506   0.00501  -0.0360   1.0000   1.0000   1.0000 249.0000
   2.000   0.3933   0.02630   0.00647  -0.0368   1.0000   1.0000   1.0000 249.0000
   2.500   0.4272   0.02868   0.00905  -0.0394   1.0000   1.0000   1.0000 249.0000
   3.000   0.4496   0.03284   0.01332  -0.0447   1.0000   1.0000   1.0000 249.0000
   3.500   0.4684   0.03798   0.01856  -0.0509   1.0000   1.0000   1.0000 249.0000
   4.000   0.7102   0.04759   0.02926  -0.0889   0.7785   1.0000  27.1753 249.0000
   4.500   0.7832   0.05295   0.03472  -0.0880   0.6732   1.0000  39.1069 249.0000
   5.000   0.8222   0.05968   0.04133  -0.0854   0.6028   1.0000  47.0592 249.0000
   5.500   0.8431   0.06815   0.04964  -0.0854   0.5566   1.0000  52.2763 249.0000
   6.000   0.8527   0.07767   0.05896  -0.0874   0.5287   1.0000  55.4122 249.0000
   6.500   0.8588   0.08779   0.06887  -0.0905   0.5145   1.0000  57.0237 249.0000
   7.000   0.8386   0.09772   0.07880  -0.0961   0.5361   1.0000  54.5767 249.0000
   7.500   0.8125   0.10745   0.08890  -0.1045   0.6111   1.0000  46.1289 249.0000
   8.000   0.6259   0.09863   0.08034  -0.0895   1.0000   1.0000   1.0000 249.0000
   8.500   0.6418   0.10671   0.08883  -0.0928   1.0000   1.0000   1.0000 249.0000
   9.000   0.6577   0.11497   0.09769  -0.0961   1.0000   1.0000   1.0000 249.0000
   9.500   0.6933   0.12652   0.11026  -0.1046   0.9826   1.0000   3.9255 249.0000
  10.000   0.7661   0.14304   0.12923  -0.1186   0.8592   1.0000  18.0189 249.0000
