  
       XFOIL         Version 6.99
  
 Calculated polar for: 20140417-35_0.65+2                              
  
 1 1 Reynolds number fixed          Mach number fixed         
  
 xtrf =   1.000 (top)        1.000 (bottom)  
 Mach =   0.000     Re =     0.028 e 6     Ncrit =   9.000  9.000
  
   alpha    CL        CD       CDp       CM     Top_Xtr  Bot_Xtr  Top_Itr  Bot_Itr
  ------ -------- --------- --------- -------- -------- -------- -------- --------
  -1.000   0.1162   0.01838   0.00250  -0.0389   1.0000   1.0000   1.0000 249.0000
  -0.500   0.1677   0.01854   0.00248  -0.0384   1.0000   1.0000   1.0000 249.0000
   0.000   0.2183   0.01880   0.00264  -0.0380   1.0000   1.0000   1.0000 249.0000
   0.500   0.2682   0.01915   0.00300  -0.0376   1.0000   1.0000   1.0000 249.0000
   1.000   0.3169   0.01966   0.00359  -0.0375   1.0000   1.0000   1.0000 249.0000
   1.500   0.3639   0.02044   0.00452  -0.0378   1.0000   1.0000   1.0000 249.0000
   2.000   0.4059   0.02194   0.00623  -0.0394   1.0000   1.0000   1.0000 249.0000
   2.500   0.4320   0.02561   0.01008  -0.0449   1.0000   1.0000   1.0000 249.0000
   3.000   0.6694   0.02768   0.01282  -0.0728   0.7600   1.0000  29.2714 249.0000
   3.500   0.7185   0.02970   0.01432  -0.0650   0.6480   1.0000  41.9623 249.0000
   4.000   0.7611   0.03298   0.01714  -0.0592   0.5566   1.0000  52.2664 249.0000
   4.500   0.8049   0.03710   0.02085  -0.0549   0.4775   1.0000  61.1942 249.0000
   5.000   0.8470   0.04203   0.02536  -0.0512   0.4081   1.0000  69.0338 249.0000
   5.500   0.8845   0.04852   0.03157  -0.0489   0.3487   1.0000  75.7480 249.0000
   6.000   0.9171   0.05636   0.03896  -0.0473   0.3018   1.0000  81.0659 249.0000
   6.500   0.9367   0.06712   0.04950  -0.0493   0.2751   1.0000  84.0994 249.0000
   7.000   0.9335   0.08111   0.06357  -0.0575   0.2729   1.0000  84.3530 249.0000
   8.000   0.7885   0.11421   0.09998  -0.1134   0.6825   1.0000  38.0610 249.0000
   8.500   0.8112   0.12330   0.10919  -0.1115   0.6096   1.0000  46.2902 249.0000
   9.000   0.8354   0.13301   0.11905  -0.1102   0.5494   1.0000  53.0791 249.0000
   9.500   0.8475   0.14130   0.12805  -0.1089   0.5038   1.0000  58.2286 249.0000
  10.000   0.8609   0.14948   0.13727  -0.1078   0.4573   1.0000  63.4719 249.0000
