  
       XFOIL         Version 6.99
  
 Calculated polar for: 20140417-35_0.65+2                              
  
 1 1 Reynolds number fixed          Mach number fixed         
  
 xtrf =   1.000 (top)        1.000 (bottom)  
 Mach =   0.000     Re =     0.038 e 6     Ncrit =   9.000  9.000
  
   alpha    CL        CD       CDp       CM     Top_Xtr  Bot_Xtr  Top_Itr  Bot_Itr
  ------ -------- --------- --------- -------- -------- -------- -------- --------
  -1.000   0.1223   0.01579   0.00220  -0.0398   1.0000   1.0000   1.0000 249.0000
  -0.500   0.1741   0.01595   0.00220  -0.0394   1.0000   1.0000   1.0000 249.0000
   0.000   0.2253   0.01619   0.00237  -0.0389   1.0000   1.0000   1.0000 249.0000
   0.500   0.2757   0.01654   0.00272  -0.0386   1.0000   1.0000   1.0000 249.0000
   1.000   0.3251   0.01703   0.00329  -0.0385   1.0000   1.0000   1.0000 249.0000
   1.500   0.3729   0.01782   0.00423  -0.0390   1.0000   1.0000   1.0000 249.0000
   2.000   0.4123   0.01974   0.00638  -0.0418   1.0000   1.0000   1.0000 249.0000
   2.500   0.6084   0.02065   0.00774  -0.0656   0.7983   1.0000  24.9274 249.0000
   3.000   0.6561   0.02204   0.00834  -0.0582   0.6616   1.0000  40.4175 249.0000
   3.500   0.7011   0.02437   0.00990  -0.0530   0.5594   1.0000  51.9595 249.0000
   4.000   0.7481   0.02716   0.01213  -0.0496   0.4735   1.0000  61.6405 249.0000
   4.500   0.7951   0.03026   0.01460  -0.0464   0.3996   1.0000  69.9970 249.0000
   5.000   0.8408   0.03403   0.01789  -0.0436   0.3313   1.0000  77.7252 249.0000
   5.500   0.8844   0.03849   0.02168  -0.0408   0.2691   1.0000  84.7824 249.0000
   6.000   0.9242   0.04434   0.02687  -0.0383   0.2172   1.0000  90.7110 249.0000
   6.500   0.9564   0.05251   0.03457  -0.0371   0.1834   1.0000  94.6031 249.0000
   7.000   0.9751   0.06378   0.04561  -0.0383   0.1694   1.0000  96.2130 249.0000
   7.500   0.9742   0.07804   0.05990  -0.0434   0.1706   1.0000  96.0787 249.0000
   8.000   0.9451   0.09716   0.07979  -0.0585   0.1967   1.0000  93.0632 249.0000
   8.500   0.8658   0.12269   0.10884  -0.0977   0.4075   1.0000  69.0952 249.0000
   9.000   0.8682   0.13065   0.11707  -0.0972   0.3758   1.0000  72.6823 249.0000
   9.500   0.8811   0.13968   0.12618  -0.0968   0.3459   1.0000  76.0677 249.0000
  10.000   0.8905   0.14815   0.13536  -0.0971   0.3204   1.0000  78.9632 249.0000
