  
       XFOIL         Version 6.99
  
 Calculated polar for: 20140417-35_0.65+2                              
  
 1 1 Reynolds number fixed          Mach number fixed         
  
 xtrf =   1.000 (top)        1.000 (bottom)  
 Mach =   0.000     Re =     0.007 e 6     Ncrit =   9.000  9.000
  
   alpha    CL        CD       CDp       CM     Top_Xtr  Bot_Xtr  Top_Itr  Bot_Itr
  ------ -------- --------- --------- -------- -------- -------- -------- --------
  -1.000   0.0856   0.03706   0.00455  -0.0344   1.0000   1.0000   1.0000 249.0000
  -0.500   0.1353   0.03722   0.00436  -0.0342   1.0000   1.0000   1.0000 249.0000
   0.000   0.1838   0.03752   0.00446  -0.0338   1.0000   1.0000   1.0000 249.0000
   0.500   0.2310   0.03795   0.00483  -0.0334   1.0000   1.0000   1.0000 249.0000
   1.000   0.2767   0.03854   0.00547  -0.0330   1.0000   1.0000   1.0000 249.0000
   1.500   0.3208   0.03935   0.00642  -0.0328   1.0000   1.0000   1.0000 249.0000
   2.000   0.3626   0.04045   0.00774  -0.0328   1.0000   1.0000   1.0000 249.0000
   2.500   0.4008   0.04200   0.00956  -0.0333   1.0000   1.0000   1.0000 249.0000
   3.000   0.4341   0.04428   0.01208  -0.0347   1.0000   1.0000   1.0000 249.0000
   3.500   0.4604   0.04756   0.01548  -0.0371   1.0000   1.0000   1.0000 249.0000
   4.000   0.4813   0.05181   0.01980  -0.0407   1.0000   1.0000   1.0000 249.0000
   4.500   0.4998   0.05680   0.02483  -0.0449   1.0000   1.0000   1.0000 249.0000
   5.000   0.5169   0.06232   0.03041  -0.0494   1.0000   1.0000   1.0000 249.0000
   5.500   0.5335   0.06828   0.03645  -0.0539   1.0000   1.0000   1.0000 249.0000
   6.000   0.5496   0.07460   0.04289  -0.0583   1.0000   1.0000   1.0000 249.0000
   6.500   0.5654   0.08123   0.04969  -0.0625   1.0000   1.0000   1.0000 249.0000
   7.000   0.5807   0.08814   0.05684  -0.0666   1.0000   1.0000   1.0000 249.0000
   7.500   0.5958   0.09529   0.06433  -0.0705   1.0000   1.0000   1.0000 249.0000
   8.000   0.6109   0.10265   0.07217  -0.0744   1.0000   1.0000   1.0000 249.0000
   8.500   0.6261   0.11016   0.08040  -0.0781   1.0000   1.0000   1.0000 249.0000
   9.000   0.6416   0.11782   0.08901  -0.0819   1.0000   1.0000   1.0000 249.0000
   9.500   0.6576   0.12554   0.09806  -0.0857   1.0000   1.0000   1.0000 249.0000
  10.000   0.6741   0.13331   0.10756  -0.0895   1.0000   1.0000   1.0000 249.0000
