  
       XFOIL         Version 6.99
  
 Calculated polar for: 20140424-35_0.65+2                              
  
 1 1 Reynolds number fixed          Mach number fixed         
  
 xtrf =   1.000 (top)        1.000 (bottom)  
 Mach =   0.000     Re =     0.019 e 6     Ncrit =   9.000  9.000
  
   alpha    CL        CD       CDp       CM     Top_Xtr  Bot_Xtr  Top_Itr  Bot_Itr
  ------ -------- --------- --------- -------- -------- -------- -------- --------
  -1.000   0.1071   0.02235   0.00295  -0.0380   1.0000   1.0000   1.0000 250.0000
  -0.500   0.1581   0.02252   0.00289  -0.0375   1.0000   1.0000   1.0000 250.0000
   0.000   0.2081   0.02279   0.00304  -0.0371   1.0000   1.0000   1.0000 250.0000
   0.500   0.2574   0.02316   0.00340  -0.0366   1.0000   1.0000   1.0000 250.0000
   1.000   0.3056   0.02368   0.00398  -0.0364   1.0000   1.0000   1.0000 250.0000
   1.500   0.3521   0.02441   0.00487  -0.0364   1.0000   1.0000   1.0000 250.0000
   2.000   0.3958   0.02559   0.00627  -0.0371   1.0000   1.0000   1.0000 250.0000
   2.500   0.4304   0.02790   0.00883  -0.0396   1.0000   1.0000   1.0000 250.0000
   3.000   0.4516   0.03224   0.01328  -0.0452   1.0000   1.0000   1.0000 250.0000
   3.500   0.5778   0.04030   0.02193  -0.0731   0.9117   1.0000  12.0979 250.0000
   4.000   0.7446   0.04528   0.02757  -0.0868   0.7249   1.0000  33.3319 250.0000
   4.500   0.8013   0.05008   0.03229  -0.0822   0.6306   1.0000  44.0070 250.0000
   5.000   0.8339   0.05704   0.03909  -0.0797   0.5640   1.0000  51.5427 250.0000
   5.500   0.8596   0.06538   0.04723  -0.0789   0.5136   1.0000  57.2380 250.0000
   6.000   0.8700   0.07530   0.05694  -0.0812   0.4846   1.0000  60.5088 250.0000
   6.500   0.8688   0.08605   0.06752  -0.0860   0.4762   1.0000  61.4527 250.0000
   7.000   0.8596   0.09686   0.07823  -0.0919   0.4880   1.0000  60.1226 250.0000
   7.500   0.8255   0.10714   0.08894  -0.1019   0.5657   1.0000  51.3452 250.0000
   8.000   0.6267   0.09863   0.08089  -0.0904   1.0000   1.0000   1.0000 250.0000
   8.500   0.6426   0.10677   0.08942  -0.0937   1.0000   1.0000   1.0000 250.0000
   9.000   0.6585   0.11508   0.09832  -0.0970   1.0000   1.0000   1.0000 250.0000
   9.500   0.7379   0.13253   0.11771  -0.1145   0.8893   1.0000  14.6543 250.0000
  10.000   0.7869   0.14523   0.13220  -0.1200   0.7880   1.0000  26.1724 250.0000
