  
       XFOIL         Version 6.99
  
 Calculated polar for: 20140424-35_0.65+2                              
  
 1 1 Reynolds number fixed          Mach number fixed         
  
 xtrf =   1.000 (top)        1.000 (bottom)  
 Mach =   0.000     Re =     0.033 e 6     Ncrit =   9.000  9.000
  
   alpha    CL        CD       CDp       CM     Top_Xtr  Bot_Xtr  Top_Itr  Bot_Itr
  ------ -------- --------- --------- -------- -------- -------- -------- --------
  -1.000   0.1186   0.01697   0.00235  -0.0397   1.0000   1.0000   1.0000 250.0000
  -0.500   0.1703   0.01714   0.00233  -0.0393   1.0000   1.0000   1.0000 250.0000
   0.000   0.2213   0.01739   0.00250  -0.0388   1.0000   1.0000   1.0000 250.0000
   0.500   0.2716   0.01773   0.00284  -0.0385   1.0000   1.0000   1.0000 250.0000
   1.000   0.3209   0.01821   0.00339  -0.0383   1.0000   1.0000   1.0000 250.0000
   1.500   0.3689   0.01894   0.00427  -0.0385   1.0000   1.0000   1.0000 250.0000
   2.000   0.4118   0.02039   0.00596  -0.0402   1.0000   1.0000   1.0000 250.0000
   2.500   0.5866   0.02342   0.00971  -0.0688   0.8638   1.0000  17.5573 250.0000
   3.000   0.6651   0.02398   0.00981  -0.0642   0.7032   1.0000  35.7923 250.0000
   3.500   0.7091   0.02634   0.01144  -0.0576   0.5945   1.0000  48.0868 250.0000
   4.000   0.7544   0.02945   0.01398  -0.0533   0.5051   1.0000  58.1896 250.0000
   4.500   0.8004   0.03313   0.01715  -0.0497   0.4277   1.0000  66.9338 250.0000
   5.000   0.8444   0.03751   0.02105  -0.0465   0.3576   1.0000  74.8641 250.0000
   5.500   0.8860   0.04266   0.02558  -0.0433   0.2951   1.0000  81.9653 250.0000
   6.000   0.9214   0.05004   0.03265  -0.0417   0.2481   1.0000  87.3221 250.0000
   6.500   0.9518   0.05860   0.04055  -0.0407   0.2159   1.0000  91.0096 250.0000
   7.000   0.9549   0.07280   0.05521  -0.0465   0.2122   1.0000  91.4366 250.0000
   7.500   0.9471   0.08826   0.07073  -0.0556   0.2241   1.0000  90.0701 250.0000
   8.000   0.8277   0.11477   0.10105  -0.1065   0.5391   1.0000  54.3502 250.0000
   8.500   0.8469   0.12400   0.11009  -0.1047   0.4883   1.0000  60.0909 250.0000
   9.000   0.8567   0.13224   0.11849  -0.1029   0.4431   1.0000  65.1929 250.0000
   9.500   0.8711   0.14130   0.12786  -0.1024   0.4091   1.0000  69.0419 250.0000
  10.000   0.8824   0.14968   0.13695  -0.1018   0.3738   1.0000  73.0260 250.0000
