  
       XFOIL         Version 6.99
  
 Calculated polar for: 20140424-35_0.65+2                              
  
 1 1 Reynolds number fixed          Mach number fixed         
  
 xtrf =   1.000 (top)        1.000 (bottom)  
 Mach =   0.000     Re =     0.043 e 6     Ncrit =   9.000  9.000
  
   alpha    CL        CD       CDp       CM     Top_Xtr  Bot_Xtr  Top_Itr  Bot_Itr
  ------ -------- --------- --------- -------- -------- -------- -------- --------
  -1.000   0.1236   0.01498   0.00212  -0.0405   1.0000   1.0000   1.0000 250.0000
  -0.500   0.1757   0.01514   0.00212  -0.0401   1.0000   1.0000   1.0000 250.0000
   0.000   0.2271   0.01538   0.00229  -0.0397   1.0000   1.0000   1.0000 250.0000
   0.500   0.2779   0.01571   0.00262  -0.0393   1.0000   1.0000   1.0000 250.0000
   1.000   0.3278   0.01618   0.00316  -0.0392   1.0000   1.0000   1.0000 250.0000
   1.500   0.3765   0.01691   0.00404  -0.0396   1.0000   1.0000   1.0000 250.0000
   2.000   0.4172   0.01872   0.00610  -0.0423   1.0000   1.0000   1.0000 250.0000
   2.500   0.6054   0.01887   0.00646  -0.0620   0.7685   1.0000  28.3897 250.0000
   3.000   0.6509   0.02053   0.00713  -0.0553   0.6286   1.0000  44.2359 250.0000
   3.500   0.6975   0.02286   0.00868  -0.0513   0.5266   1.0000  55.7621 250.0000
   4.000   0.7460   0.02550   0.01066  -0.0484   0.4437   1.0000  65.1235 250.0000
   4.500   0.7937   0.02848   0.01309  -0.0458   0.3706   1.0000  73.3889 250.0000
   5.000   0.8403   0.03171   0.01555  -0.0430   0.3035   1.0000  81.0036 250.0000
   5.500   0.8847   0.03576   0.01891  -0.0403   0.2404   1.0000  88.2024 250.0000
   6.000   0.9273   0.04095   0.02320  -0.0378   0.1905   1.0000  93.9304 250.0000
   6.500   0.9614   0.04894   0.03088  -0.0363   0.1599   1.0000  97.4792 250.0000
   7.000   0.9854   0.05917   0.04070  -0.0361   0.1457   1.0000  99.1379 250.0000
   7.500   0.9849   0.07331   0.05511  -0.0400   0.1455   1.0000  99.1589 250.0000
   8.000   0.9606   0.09147   0.07389  -0.0513   0.1633   1.0000  97.0840 250.0000
