  
       XFOIL         Version 6.99
  
 Calculated polar for: 20140424-35_0.65+2                              
  
 1 1 Reynolds number fixed          Mach number fixed         
  
 xtrf =   1.000 (top)        1.000 (bottom)  
 Mach =   0.000     Re =     0.043 e 6     Ncrit =   9.000  9.000
  
   alpha    CL        CD       CDp       CM     Top_Xtr  Bot_Xtr  Top_Itr  Bot_Itr
  ------ -------- --------- --------- -------- -------- -------- -------- --------
  -1.000   0.1239   0.01490   0.00211  -0.0406   1.0000   1.0000   1.0000 250.0000
  -0.500   0.1760   0.01506   0.00211  -0.0401   1.0000   1.0000   1.0000 250.0000
   0.000   0.2274   0.01530   0.00228  -0.0397   1.0000   1.0000   1.0000 250.0000
   0.500   0.2782   0.01563   0.00261  -0.0394   1.0000   1.0000   1.0000 250.0000
   1.000   0.3281   0.01609   0.00315  -0.0392   1.0000   1.0000   1.0000 250.0000
   1.500   0.3768   0.01682   0.00403  -0.0397   1.0000   1.0000   1.0000 250.0000
   2.000   0.4174   0.01866   0.00612  -0.0424   1.0000   1.0000   1.0000 250.0000
   2.500   0.6051   0.01871   0.00634  -0.0616   0.7649   1.0000  28.7901 250.0000
   3.000   0.6503   0.02040   0.00704  -0.0550   0.6252   1.0000  44.6238 250.0000
   3.500   0.6972   0.02272   0.00854  -0.0510   0.5242   1.0000  56.0338 250.0000
   4.000   0.7457   0.02535   0.01058  -0.0483   0.4408   1.0000  65.4614 250.0000
   4.500   0.7934   0.02828   0.01291  -0.0457   0.3683   1.0000  73.6515 250.0000
   5.000   0.8399   0.03157   0.01555  -0.0430   0.3009   1.0000  81.3062 250.0000
   5.500   0.8845   0.03555   0.01878  -0.0403   0.2381   1.0000  88.4670 250.0000
   6.000   0.9271   0.04074   0.02306  -0.0378   0.1886   1.0000  94.1513 250.0000
   6.500   0.9651   0.04748   0.02883  -0.0358   0.1554   1.0000  98.0060 250.0000
   7.000   0.9841   0.05919   0.04092  -0.0363   0.1445   1.0000  99.2701 250.0000
   7.500   0.9831   0.07339   0.05537  -0.0403   0.1446   1.0000  99.2631 250.0000
   8.000   0.8003   0.11379   0.09120  -0.0856   0.3943   1.0000  70.7071 250.0000
   8.500   0.8034   0.12249   0.09862  -0.0847   0.3623   1.0000  74.3324 250.0000
   9.000   0.8115   0.13182   0.10669  -0.0843   0.3382   1.0000  77.0625 250.0000
   9.500   0.8133   0.14039   0.11410  -0.0837   0.3119   1.0000  80.0487 250.0000
  10.000   0.8086   0.14864   0.12133  -0.0840   0.2939   1.0000  82.1005 250.0000
