  
       XFOIL         Version 6.99
  
 Calculated polar for: 20140417-50_0.65+2                              
  
 1 1 Reynolds number fixed          Mach number fixed         
  
 xtrf =   1.000 (top)        1.000 (bottom)  
 Mach =   0.000     Re =     0.013 e 6     Ncrit =   9.000  9.000
  
   alpha    CL        CD       CDp       CM     Top_Xtr  Bot_Xtr  Top_Itr  Bot_Itr
  ------ -------- --------- --------- -------- -------- -------- -------- --------
  -1.000   0.1073   0.02687   0.00372  -0.0388   1.0000   1.0000   1.0000 249.0000
  -0.500   0.1568   0.02710   0.00367  -0.0385   1.0000   1.0000   1.0000 249.0000
   0.000   0.2053   0.02744   0.00387  -0.0381   1.0000   1.0000   1.0000 249.0000
   0.500   0.2526   0.02794   0.00430  -0.0378   1.0000   1.0000   1.0000 249.0000
   1.000   0.2984   0.02862   0.00500  -0.0376   1.0000   1.0000   1.0000 249.0000
   1.500   0.3421   0.02958   0.00603  -0.0377   1.0000   1.0000   1.0000 249.0000
   2.000   0.3830   0.03097   0.00752  -0.0383   1.0000   1.0000   1.0000 249.0000
   2.500   0.4183   0.03306   0.00972  -0.0398   1.0000   1.0000   1.0000 249.0000
   3.000   0.4467   0.03618   0.01291  -0.0426   1.0000   1.0000   1.0000 249.0000
   3.500   0.4697   0.04033   0.01711  -0.0467   1.0000   1.0000   1.0000 249.0000
   4.000   0.4896   0.04524   0.02207  -0.0513   1.0000   1.0000   1.0000 249.0000
   4.500   0.5084   0.05067   0.02756  -0.0561   1.0000   1.0000   1.0000 249.0000
   5.000   0.5264   0.05650   0.03346  -0.0606   1.0000   1.0000   1.0000 249.0000
   5.500   0.6148   0.06738   0.04474  -0.0806   0.9331   1.0000   9.6088 249.0000
   6.000   0.6852   0.07775   0.05538  -0.0931   0.8549   1.0000  18.5356 249.0000
   6.500   0.7195   0.08683   0.06458  -0.0985   0.8120   1.0000  23.4155 249.0000
   7.000   0.7349   0.09541   0.07327  -0.1017   0.7958   1.0000  25.2646 249.0000
   8.500   0.6392   0.10647   0.08484  -0.0879   1.0000   1.0000   1.0000 249.0000
   9.000   0.6545   0.11461   0.09365  -0.0914   1.0000   1.0000   1.0000 249.0000
   9.500   0.6701   0.12288   0.10289  -0.0950   1.0000   1.0000   1.0000 249.0000
  10.000   0.6862   0.13124   0.11257  -0.0986   1.0000   1.0000   1.0000 249.0000
