  
       XFOIL         Version 6.99
  
 Calculated polar for: 20140417-50_0.65+2                              
  
 1 1 Reynolds number fixed          Mach number fixed         
  
 xtrf =   1.000 (top)        1.000 (bottom)  
 Mach =   0.000     Re =     0.015 e 6     Ncrit =   9.000  9.000
  
   alpha    CL        CD       CDp       CM     Top_Xtr  Bot_Xtr  Top_Itr  Bot_Itr
  ------ -------- --------- --------- -------- -------- -------- -------- --------
  -1.000   0.1090   0.02592   0.00361  -0.0391   1.0000   1.0000   1.0000 249.0000
  -0.500   0.1587   0.02615   0.00357  -0.0387   1.0000   1.0000   1.0000 249.0000
   0.000   0.2073   0.02650   0.00378  -0.0384   1.0000   1.0000   1.0000 249.0000
   0.500   0.2548   0.02699   0.00421  -0.0381   1.0000   1.0000   1.0000 249.0000
   1.000   0.3007   0.02767   0.00491  -0.0379   1.0000   1.0000   1.0000 249.0000
   1.500   0.3446   0.02863   0.00595  -0.0380   1.0000   1.0000   1.0000 249.0000
   2.000   0.3854   0.03005   0.00746  -0.0387   1.0000   1.0000   1.0000 249.0000
   2.500   0.4203   0.03222   0.00973  -0.0404   1.0000   1.0000   1.0000 249.0000
   3.000   0.4480   0.03546   0.01304  -0.0434   1.0000   1.0000   1.0000 249.0000
   3.500   0.4705   0.03974   0.01738  -0.0477   1.0000   1.0000   1.0000 249.0000
   4.000   0.4902   0.04474   0.02244  -0.0525   1.0000   1.0000   1.0000 249.0000
   4.500   0.5090   0.05023   0.02799  -0.0573   1.0000   1.0000   1.0000 249.0000
   5.000   0.5933   0.05983   0.03795  -0.0764   0.9421   1.0000   8.5821 249.0000
   5.500   0.6899   0.07032   0.04879  -0.0926   0.8379   1.0000  20.4706 249.0000
   6.000   0.7427   0.07952   0.05811  -0.0989   0.7714   1.0000  28.0236 249.0000
   6.500   0.7594   0.08792   0.06651  -0.1010   0.7402   1.0000  31.5683 249.0000
   7.000   0.7709   0.09671   0.07535  -0.1035   0.7262   1.0000  33.1568 249.0000
   7.500   0.7577   0.10429   0.08315  -0.1054   0.7580   1.0000  29.5515 249.0000
   8.500   0.6404   0.10632   0.08550  -0.0890   1.0000   1.0000   1.0000 249.0000
   9.000   0.6558   0.11450   0.09433  -0.0925   1.0000   1.0000   1.0000 249.0000
   9.500   0.6714   0.12282   0.10358  -0.0960   1.0000   1.0000   1.0000 249.0000
  10.000   0.6875   0.13122   0.11328  -0.0996   1.0000   1.0000   1.0000 249.0000
