  
       XFOIL         Version 6.99
  
 Calculated polar for: 20140417-50_0.65+2                              
  
 1 1 Reynolds number fixed          Mach number fixed         
  
 xtrf =   1.000 (top)        1.000 (bottom)  
 Mach =   0.000     Re =     0.022 e 6     Ncrit =   9.000  9.000
  
   alpha    CL        CD       CDp       CM     Top_Xtr  Bot_Xtr  Top_Itr  Bot_Itr
  ------ -------- --------- --------- -------- -------- -------- -------- --------
  -1.000   0.1190   0.02106   0.00305  -0.0405   1.0000   1.0000   1.0000 249.0000
  -0.500   0.1695   0.02128   0.00306  -0.0402   1.0000   1.0000   1.0000 249.0000
   0.000   0.2190   0.02162   0.00329  -0.0399   1.0000   1.0000   1.0000 249.0000
   0.500   0.2673   0.02211   0.00374  -0.0397   1.0000   1.0000   1.0000 249.0000
   1.000   0.3141   0.02279   0.00445  -0.0397   1.0000   1.0000   1.0000 249.0000
   1.500   0.3588   0.02380   0.00553  -0.0401   1.0000   1.0000   1.0000 249.0000
   2.000   0.3985   0.02543   0.00726  -0.0414   1.0000   1.0000   1.0000 249.0000
   2.500   0.4299   0.02821   0.01012  -0.0444   1.0000   1.0000   1.0000 249.0000
   3.000   0.4534   0.03233   0.01433  -0.0492   1.0000   1.0000   1.0000 249.0000
   3.500   0.6334   0.03938   0.02206  -0.0812   0.8666   1.0000  17.1991 249.0000
   4.000   0.7610   0.04225   0.02529  -0.0869   0.7257   1.0000  33.2139 249.0000
   4.500   0.8188   0.04561   0.02851  -0.0810   0.6314   1.0000  43.9895 249.0000
   5.500   0.8901   0.05731   0.03968  -0.0721   0.4875   1.0000  60.2734 249.0000
   6.000   0.9129   0.06557   0.04757  -0.0702   0.4351   1.0000  66.2134 249.0000
   6.500   0.9214   0.07598   0.05763  -0.0719   0.4034   1.0000  69.8086 249.0000
   7.000   0.9106   0.08829   0.06972  -0.0784   0.3980   1.0000  70.4222 249.0000
   7.500   0.8979   0.10070   0.08200  -0.0857   0.4106   1.0000  68.9872 249.0000
   8.500   0.7160   0.11468   0.09863  -0.1101   0.8904   1.0000  14.4845 249.0000
   9.000   0.7641   0.12711   0.11183  -0.1159   0.7961   1.0000  25.2263 249.0000
   9.500   0.7975   0.13771   0.12342  -0.1174   0.7164   1.0000  34.2750 249.0000
  10.000   0.8279   0.14821   0.13506  -0.1181   0.6484   1.0000  42.0653 249.0000
