  
       XFOIL         Version 6.99
  
 Calculated polar for: 20140417-50_0.65+2                              
  
 1 1 Reynolds number fixed          Mach number fixed         
  
 xtrf =   1.000 (top)        1.000 (bottom)  
 Mach =   0.000     Re =     0.038 e 6     Ncrit =   9.000  9.000
  
   alpha    CL        CD       CDp       CM     Top_Xtr  Bot_Xtr  Top_Itr  Bot_Itr
  ------ -------- --------- --------- -------- -------- -------- -------- --------
  -1.000   0.1316   0.01609   0.00247  -0.0425   1.0000   1.0000   1.0000 249.0000
  -0.500   0.1831   0.01631   0.00253  -0.0422   1.0000   1.0000   1.0000 249.0000
   0.000   0.2335   0.01664   0.00277  -0.0420   1.0000   1.0000   1.0000 249.0000
   0.500   0.2830   0.01711   0.00322  -0.0419   1.0000   1.0000   1.0000 249.0000
   1.000   0.3312   0.01781   0.00395  -0.0422   1.0000   1.0000   1.0000 249.0000
   1.500   0.3757   0.01895   0.00519  -0.0431   1.0000   1.0000   1.0000 249.0000
   2.000   0.4117   0.02126   0.00759  -0.0461   1.0000   1.0000   1.0000 249.0000
   2.500   0.6109   0.02258   0.00948  -0.0731   0.8557   1.0000  18.4479 249.0000
   3.000   0.6831   0.02271   0.00930  -0.0688   0.7298   1.0000  32.7518 249.0000
   3.500   0.7281   0.02428   0.01022  -0.0623   0.6267   1.0000  44.5261 249.0000
   4.000   0.7738   0.02651   0.01181  -0.0575   0.5371   1.0000  54.6607 249.0000
   4.500   0.8196   0.02919   0.01383  -0.0535   0.4564   1.0000  63.8052 249.0000
   5.000   0.8642   0.03239   0.01636  -0.0499   0.3799   1.0000  72.4762 249.0000
   5.500   0.9075   0.03601   0.01905  -0.0461   0.3058   1.0000  80.8899 249.0000
   6.000   0.9478   0.04067   0.02267  -0.0425   0.2366   1.0000  88.7978 249.0000
   6.500   0.9832   0.04730   0.02832  -0.0398   0.1863   1.0000  94.5760 249.0000
   7.000   1.0080   0.05670   0.03715  -0.0385   0.1613   1.0000  97.4815 249.0000
   7.500   1.0130   0.06898   0.04935  -0.0400   0.1535   1.0000  98.3922 249.0000
   8.000   0.9960   0.08372   0.06433  -0.0458   0.1583   1.0000  97.8272 249.0000
   9.000   0.8753   0.12962   0.11536  -0.0987   0.3916   1.0000  71.1510 249.0000
   9.500   0.8782   0.13774   0.12404  -0.0987   0.3624   1.0000  74.4632 249.0000
  10.000   0.8855   0.14612   0.13324  -0.0991   0.3358   1.0000  77.4788 249.0000
