  
       XFOIL         Version 6.99
  
 Calculated polar for: 20140417-50_0.65+2                              
  
 1 1 Reynolds number fixed          Mach number fixed         
  
 xtrf =   1.000 (top)        1.000 (bottom)  
 Mach =   0.000     Re =     0.039 e 6     Ncrit =   9.000  9.000
  
   alpha    CL        CD       CDp       CM     Top_Xtr  Bot_Xtr  Top_Itr  Bot_Itr
  ------ -------- --------- --------- -------- -------- -------- -------- --------
  -1.000   0.1322   0.01588   0.00244  -0.0426   1.0000   1.0000   1.0000 249.0000
  -0.500   0.1837   0.01611   0.00250  -0.0423   1.0000   1.0000   1.0000 249.0000
   0.000   0.2342   0.01644   0.00275  -0.0421   1.0000   1.0000   1.0000 249.0000
   0.500   0.2838   0.01691   0.00320  -0.0420   1.0000   1.0000   1.0000 249.0000
   1.000   0.3320   0.01760   0.00393  -0.0423   1.0000   1.0000   1.0000 249.0000
   1.500   0.3765   0.01876   0.00518  -0.0433   1.0000   1.0000   1.0000 249.0000
   2.000   0.4123   0.02112   0.00763  -0.0463   1.0000   1.0000   1.0000 249.0000
   2.500   0.6157   0.02201   0.00908  -0.0728   0.8470   1.0000  19.4358 249.0000
   3.000   0.6821   0.02226   0.00896  -0.0677   0.7226   1.0000  33.5657 249.0000
   3.500   0.7271   0.02385   0.00987  -0.0614   0.6201   1.0000  45.2693 249.0000
   4.000   0.7730   0.02607   0.01144  -0.0569   0.5308   1.0000  55.3780 249.0000
   4.500   0.8189   0.02873   0.01345  -0.0531   0.4503   1.0000  64.4953 249.0000
   5.000   0.8641   0.03175   0.01568  -0.0494   0.3747   1.0000  73.0689 249.0000
   5.500   0.9071   0.03547   0.01863  -0.0459   0.3002   1.0000  81.5322 249.0000
   6.000   0.9477   0.03999   0.02205  -0.0424   0.2309   1.0000  89.4520 249.0000
   6.500   0.9846   0.04629   0.02717  -0.0395   0.1804   1.0000  95.2570 249.0000
   7.000   1.0116   0.05531   0.03550  -0.0379   0.1550   1.0000  98.2185 249.0000
   7.500   1.0186   0.06720   0.04733  -0.0388   0.1459   1.0000  99.2862 249.0000
   8.000   1.0120   0.08083   0.06074  -0.0423   0.1482   1.0000  99.0111 249.0000
   8.500   0.9459   0.10419   0.08623  -0.0642   0.1890   1.0000  94.2706 249.0000
   9.000   0.8058   0.13159   0.10540  -0.0885   0.3924   1.0000  71.0588 249.0000
   9.500   0.8090   0.14059   0.11324  -0.0879   0.3663   1.0000  74.0235 249.0000
  10.000   0.8052   0.14862   0.12024  -0.0871   0.3391   1.0000  77.1025 249.0000
