  
       XFOIL         Version 6.99
  
 Calculated polar for: 20140417-50_0.65+2                              
  
 1 1 Reynolds number fixed          Mach number fixed         
  
 xtrf =   1.000 (top)        1.000 (bottom)  
 Mach =   0.000     Re =     0.005 e 6     Ncrit =   9.000  9.000
  
   alpha    CL        CD       CDp       CM     Top_Xtr  Bot_Xtr  Top_Itr  Bot_Itr
  ------ -------- --------- --------- -------- -------- -------- -------- --------
  -1.000   0.0851   0.04241   0.00540  -0.0357   1.0000   1.0000   1.0000 249.0000
  -0.500   0.1331   0.04261   0.00520  -0.0354   1.0000   1.0000   1.0000 249.0000
   0.000   0.1798   0.04296   0.00532  -0.0351   1.0000   1.0000   1.0000 249.0000
   0.500   0.2252   0.04347   0.00570  -0.0347   1.0000   1.0000   1.0000 249.0000
   1.000   0.2692   0.04417   0.00639  -0.0343   1.0000   1.0000   1.0000 249.0000
   1.500   0.3115   0.04509   0.00737  -0.0341   1.0000   1.0000   1.0000 249.0000
   2.000   0.3516   0.04630   0.00871  -0.0341   1.0000   1.0000   1.0000 249.0000
   2.500   0.3889   0.04791   0.01045  -0.0343   1.0000   1.0000   1.0000 249.0000
   3.000   0.4229   0.05007   0.01275  -0.0351   1.0000   1.0000   1.0000 249.0000
   3.500   0.4523   0.05289   0.01566  -0.0366   1.0000   1.0000   1.0000 249.0000
   4.000   0.4772   0.05647   0.01928  -0.0388   1.0000   1.0000   1.0000 249.0000
   4.500   0.4986   0.06078   0.02364  -0.0417   1.0000   1.0000   1.0000 249.0000
   5.000   0.5176   0.06573   0.02862  -0.0452   1.0000   1.0000   1.0000 249.0000
   5.500   0.5350   0.07120   0.03416  -0.0490   1.0000   1.0000   1.0000 249.0000
   6.000   0.5515   0.07713   0.04019  -0.0529   1.0000   1.0000   1.0000 249.0000
   6.500   0.5673   0.08345   0.04669  -0.0570   1.0000   1.0000   1.0000 249.0000
   7.000   0.5825   0.09010   0.05359  -0.0610   1.0000   1.0000   1.0000 249.0000
   7.500   0.5974   0.09704   0.06089  -0.0650   1.0000   1.0000   1.0000 249.0000
   8.000   0.6121   0.10419   0.06859  -0.0689   1.0000   1.0000   1.0000 249.0000
   8.500   0.6269   0.11152   0.07670  -0.0728   1.0000   1.0000   1.0000 249.0000
   9.000   0.6420   0.11896   0.08525  -0.0767   1.0000   1.0000   1.0000 249.0000
   9.500   0.6575   0.12647   0.09424  -0.0807   1.0000   1.0000   1.0000 249.0000
  10.000   0.6736   0.13401   0.10372  -0.0847   1.0000   1.0000   1.0000 249.0000
