  
       XFOIL         Version 6.99
  
 Calculated polar for: 20140417-50_0.65+2                              
  
 1 1 Reynolds number fixed          Mach number fixed         
  
 xtrf =   1.000 (top)        1.000 (bottom)  
 Mach =   0.000     Re =     0.006 e 6     Ncrit =   9.000  9.000
  
   alpha    CL        CD       CDp       CM     Top_Xtr  Bot_Xtr  Top_Itr  Bot_Itr
  ------ -------- --------- --------- -------- -------- -------- -------- --------
  -1.000   0.0893   0.03893   0.00504  -0.0363   1.0000   1.0000   1.0000 249.0000
  -0.500   0.1376   0.03914   0.00486  -0.0360   1.0000   1.0000   1.0000 249.0000
   0.000   0.1846   0.03949   0.00500  -0.0356   1.0000   1.0000   1.0000 249.0000
   0.500   0.2303   0.04000   0.00540  -0.0352   1.0000   1.0000   1.0000 249.0000
   1.000   0.2747   0.04069   0.00608  -0.0349   1.0000   1.0000   1.0000 249.0000
   1.500   0.3173   0.04162   0.00708  -0.0347   1.0000   1.0000   1.0000 249.0000
   2.000   0.3575   0.04285   0.00843  -0.0347   1.0000   1.0000   1.0000 249.0000
   2.500   0.3949   0.04452   0.01022  -0.0352   1.0000   1.0000   1.0000 249.0000
   3.000   0.4283   0.04678   0.01261  -0.0362   1.0000   1.0000   1.0000 249.0000
   3.500   0.4566   0.04978   0.01568  -0.0380   1.0000   1.0000   1.0000 249.0000
   4.000   0.4803   0.05359   0.01953  -0.0406   1.0000   1.0000   1.0000 249.0000
   4.500   0.5009   0.05814   0.02411  -0.0440   1.0000   1.0000   1.0000 249.0000
   5.000   0.5194   0.06329   0.02931  -0.0478   1.0000   1.0000   1.0000 249.0000
   5.500   0.5367   0.06894   0.03503  -0.0519   1.0000   1.0000   1.0000 249.0000
   6.000   0.5531   0.07502   0.04121  -0.0560   1.0000   1.0000   1.0000 249.0000
   6.500   0.5689   0.08148   0.04782  -0.0601   1.0000   1.0000   1.0000 249.0000
   7.000   0.5842   0.08825   0.05483  -0.0641   1.0000   1.0000   1.0000 249.0000
   7.500   0.5990   0.09530   0.06221  -0.0680   1.0000   1.0000   1.0000 249.0000
   8.000   0.6138   0.10257   0.06998  -0.0719   1.0000   1.0000   1.0000 249.0000
   8.500   0.6285   0.11002   0.07815  -0.0758   1.0000   1.0000   1.0000 249.0000
   9.000   0.6435   0.11760   0.08674  -0.0796   1.0000   1.0000   1.0000 249.0000
   9.500   0.6590   0.12531   0.09578  -0.0835   1.0000   1.0000   1.0000 249.0000
  10.000   0.6750   0.13306   0.10528  -0.0874   1.0000   1.0000   1.0000 249.0000
