  
       XFOIL         Version 6.99
  
 Calculated polar for: 20120105-50T85_0.65+2                           
  
 1 1 Reynolds number fixed          Mach number fixed         
  
 xtrf =   1.000 (top)        1.000 (bottom)  
 Mach =   0.000     Re =     0.021 e 6     Ncrit =   9.000  9.000
  
   alpha    CL        CD       CDp       CM     Top_Xtr  Bot_Xtr  Top_Itr  Bot_Itr
  ------ -------- --------- --------- -------- -------- -------- -------- --------
  -1.000   0.1131   0.02179   0.00313  -0.0394   1.0000   1.0000   1.0000 249.0000
  -0.500   0.1634   0.02202   0.00314  -0.0391   1.0000   1.0000   1.0000 249.0000
   0.000   0.2127   0.02235   0.00336  -0.0388   1.0000   1.0000   1.0000 249.0000
   0.500   0.2608   0.02283   0.00380  -0.0386   1.0000   1.0000   1.0000 249.0000
   1.000   0.3074   0.02351   0.00450  -0.0385   1.0000   1.0000   1.0000 249.0000
   1.500   0.3521   0.02449   0.00556  -0.0389   1.0000   1.0000   1.0000 249.0000
   2.000   0.3924   0.02602   0.00719  -0.0399   1.0000   1.0000   1.0000 249.0000
   2.500   0.4251   0.02857   0.00982  -0.0424   1.0000   1.0000   1.0000 249.0000
   3.000   0.4500   0.03242   0.01376  -0.0468   1.0000   1.0000   1.0000 249.0000
   3.500   0.4839   0.03765   0.01911  -0.0550   0.9919   1.0000   8.0381 249.0000
   4.000   0.7218   0.04499   0.02738  -0.0887   0.7797   1.0000  40.1088 249.0000
   5.000   0.8449   0.05376   0.03603  -0.0805   0.5841   1.0000  63.0444 249.0000
   5.500   0.8719   0.06101   0.04304  -0.0777   0.5199   1.0000  68.3258 249.0000
   6.000   0.8906   0.06975   0.05145  -0.0767   0.4715   1.0000  72.3150 249.0000
   6.500   0.8995   0.07988   0.06124  -0.0781   0.4409   1.0000  74.8641 249.0000
   7.000   0.8898   0.09156   0.07265  -0.0838   0.4375   1.0000  75.1536 249.0000
   7.500   0.8680   0.10304   0.08415  -0.0911   0.4608   1.0000  73.2080 249.0000
   8.500   0.6628   0.10881   0.09169  -0.0986   0.9839   1.0000  10.9823 249.0000
   9.000   0.7290   0.12412   0.10812  -0.1122   0.8805   1.0000  29.1382 249.0000
   9.500   0.7719   0.13619   0.12126  -0.1170   0.7893   1.0000  39.1643 249.0000
  10.000   0.8032   0.14663   0.13304  -0.1184   0.7133   1.0000  46.2136 249.0000
