  
       XFOIL         Version 6.99
  
 Calculated polar for: 20120105-50T85_0.65+2                           
  
 1 1 Reynolds number fixed          Mach number fixed         
  
 xtrf =   1.000 (top)        1.000 (bottom)  
 Mach =   0.000     Re =     0.021 e 6     Ncrit =   9.000  9.000
  
   alpha    CL        CD       CDp       CM     Top_Xtr  Bot_Xtr  Top_Itr  Bot_Itr
  ------ -------- --------- --------- -------- -------- -------- -------- --------
  -1.000   0.1137   0.02153   0.00310  -0.0395   1.0000   1.0000   1.0000 249.0000
  -0.500   0.1640   0.02176   0.00311  -0.0392   1.0000   1.0000   1.0000 249.0000
   0.000   0.2133   0.02209   0.00334  -0.0389   1.0000   1.0000   1.0000 249.0000
   0.500   0.2615   0.02257   0.00378  -0.0387   1.0000   1.0000   1.0000 249.0000
   1.000   0.3082   0.02325   0.00448  -0.0386   1.0000   1.0000   1.0000 249.0000
   1.500   0.3529   0.02423   0.00554  -0.0390   1.0000   1.0000   1.0000 249.0000
   2.000   0.3931   0.02578   0.00718  -0.0401   1.0000   1.0000   1.0000 249.0000
   2.500   0.4256   0.02836   0.00986  -0.0427   1.0000   1.0000   1.0000 249.0000
   3.000   0.4502   0.03227   0.01384  -0.0472   1.0000   1.0000   1.0000 249.0000
   3.500   0.5497   0.03905   0.02101  -0.0682   0.9422   1.0000  20.2206 249.0000
   4.000   0.7378   0.04401   0.02667  -0.0883   0.7590   1.0000  42.0806 249.0000
   4.500   0.8039   0.04763   0.03028  -0.0839   0.6550   1.0000  57.1244 249.0000
   5.000   0.8482   0.05264   0.03507  -0.0784   0.5711   1.0000  64.1204 249.0000
   6.000   0.9026   0.06775   0.04950  -0.0724   0.4505   1.0000  74.0640 249.0000
   6.500   0.9052   0.07864   0.06009  -0.0755   0.4253   1.0000  76.1711 249.0000
   7.000   0.8930   0.09069   0.07193  -0.0821   0.4240   1.0000  76.2858 249.0000
   7.500   0.8778   0.10241   0.08359  -0.0889   0.4406   1.0000  74.8906 249.0000
   8.500   0.6851   0.11166   0.09503  -0.1042   0.9468   1.0000  19.4212 249.0000
   9.000   0.7441   0.12596   0.11015  -0.1143   0.8477   1.0000  33.0215 249.0000
   9.500   0.7797   0.13684   0.12213  -0.1170   0.7622   1.0000  41.7822 249.0000
  10.000   0.8091   0.14704   0.13361  -0.1179   0.6897   1.0000  54.1793 249.0000
