  
       XFOIL         Version 6.99
  
 Calculated polar for: 20120105-50T85_0.65+2                           
  
 1 1 Reynolds number fixed          Mach number fixed         
  
 xtrf =   1.000 (top)        1.000 (bottom)  
 Mach =   0.000     Re =     0.004 e 6     Ncrit =   9.000  9.000
  
   alpha    CL        CD       CDp       CM     Top_Xtr  Bot_Xtr  Top_Itr  Bot_Itr
  ------ -------- --------- --------- -------- -------- -------- -------- --------
  -1.000   0.0766   0.04700   0.00583  -0.0342   1.0000   1.0000   1.0000 249.0000
  -0.500   0.1240   0.04719   0.00560  -0.0339   1.0000   1.0000   1.0000 249.0000
   0.000   0.1703   0.04752   0.00568  -0.0336   1.0000   1.0000   1.0000 249.0000
   0.500   0.2152   0.04803   0.00607  -0.0332   1.0000   1.0000   1.0000 249.0000
   1.000   0.2587   0.04871   0.00673  -0.0328   1.0000   1.0000   1.0000 249.0000
   1.500   0.3007   0.04962   0.00771  -0.0325   1.0000   1.0000   1.0000 249.0000
   2.000   0.3406   0.05080   0.00901  -0.0324   1.0000   1.0000   1.0000 249.0000
   2.500   0.3779   0.05234   0.01070  -0.0325   1.0000   1.0000   1.0000 249.0000
   3.000   0.4124   0.05434   0.01287  -0.0330   1.0000   1.0000   1.0000 249.0000
   3.500   0.4432   0.05695   0.01559  -0.0340   1.0000   1.0000   1.0000 249.0000
   4.000   0.4695   0.06024   0.01898  -0.0357   1.0000   1.0000   1.0000 249.0000
   4.500   0.4921   0.06424   0.02303  -0.0381   1.0000   1.0000   1.0000 249.0000
   5.000   0.5119   0.06890   0.02773  -0.0412   1.0000   1.0000   1.0000 249.0000
   5.500   0.5298   0.07414   0.03307  -0.0446   1.0000   1.0000   1.0000 249.0000
   6.000   0.5462   0.07986   0.03892  -0.0484   1.0000   1.0000   1.0000 249.0000
   6.500   0.5618   0.08601   0.04524  -0.0523   1.0000   1.0000   1.0000 249.0000
   7.000   0.5769   0.09252   0.05202  -0.0563   1.0000   1.0000   1.0000 249.0000
   7.500   0.5917   0.09933   0.05924  -0.0602   1.0000   1.0000   1.0000 249.0000
   8.000   0.6062   0.10636   0.06687  -0.0642   1.0000   1.0000   1.0000 249.0000
   8.500   0.6209   0.11358   0.07492  -0.0682   1.0000   1.0000   1.0000 249.0000
   9.000   0.6357   0.12090   0.08339  -0.0723   1.0000   1.0000   1.0000 249.0000
   9.500   0.6511   0.12831   0.09232  -0.0763   1.0000   1.0000   1.0000 249.0000
  10.000   0.6670   0.13575   0.10171  -0.0804   1.0000   1.0000   1.0000 249.0000
