  
       XFOIL         Version 6.99
  
 Calculated polar for: 20100901-5f tip_0.65+2                          
  
 1 1 Reynolds number fixed          Mach number fixed         
  
 xtrf =   1.000 (top)        1.000 (bottom)  
 Mach =   0.000     Re =     0.006 e 6     Ncrit =   9.000  9.000
  
   alpha    CL        CD       CDp       CM     Top_Xtr  Bot_Xtr  Top_Itr  Bot_Itr
  ------ -------- --------- --------- -------- -------- -------- -------- --------
  -1.000   0.0590   0.03949   0.00404  -0.0277   1.0000   1.0000   1.0000 254.0000
  -0.500   0.1091   0.03959   0.00384  -0.0274   1.0000   1.0000   1.0000 254.0000
   0.000   0.1583   0.03982   0.00394  -0.0271   1.0000   1.0000   1.0000 254.0000
   0.500   0.2063   0.04018   0.00428  -0.0267   1.0000   1.0000   1.0000 254.0000
   1.000   0.2530   0.04068   0.00489  -0.0263   1.0000   1.0000   1.0000 254.0000
   1.500   0.2980   0.04135   0.00579  -0.0259   1.0000   1.0000   1.0000 254.0000
   2.000   0.3408   0.04226   0.00702  -0.0256   1.0000   1.0000   1.0000 254.0000
   2.500   0.3808   0.04350   0.00867  -0.0257   1.0000   1.0000   1.0000 254.0000
   3.000   0.4165   0.04528   0.01092  -0.0263   1.0000   1.0000   1.0000 254.0000
   3.500   0.4464   0.04795   0.01397  -0.0281   1.0000   1.0000   1.0000 254.0000
   4.000   0.4689   0.05180   0.01806  -0.0313   1.0000   1.0000   1.0000 254.0000
   4.500   0.4866   0.05669   0.02311  -0.0357   1.0000   1.0000   1.0000 254.0000
   5.000   0.5022   0.06232   0.02889  -0.0407   1.0000   1.0000   1.0000 254.0000
   5.500   0.5168   0.06848   0.03523  -0.0459   1.0000   1.0000   1.0000 254.0000
   6.000   0.5312   0.07508   0.04205  -0.0509   1.0000   1.0000   1.0000 254.0000
   6.500   0.5453   0.08203   0.04927  -0.0557   1.0000   1.0000   1.0000 254.0000
   7.000   0.5594   0.08925   0.05684  -0.0603   1.0000   1.0000   1.0000 254.0000
   7.500   0.5736   0.09666   0.06471  -0.0646   1.0000   1.0000   1.0000 254.0000
   8.000   0.5881   0.10420   0.07290  -0.0687   1.0000   1.0000   1.0000 254.0000
   8.500   0.6032   0.11181   0.08141  -0.0727   1.0000   1.0000   1.0000 254.0000
   9.000   0.6190   0.11942   0.09026  -0.0766   1.0000   1.0000   1.0000 254.0000
   9.500   0.6356   0.12701   0.09947  -0.0805   1.0000   1.0000   1.0000 254.0000
  10.000   0.6529   0.13462   0.10906  -0.0843   1.0000   1.0000   1.0000 254.0000
