  
       XFOIL         Version 6.99
  
 Calculated polar for: 20140520-40_0.65+2                              
  
 1 1 Reynolds number fixed          Mach number fixed         
  
 xtrf =   1.000 (top)        1.000 (bottom)  
 Mach =   0.000     Re =     0.021 e 6     Ncrit =   9.000  9.000
  
   alpha    CL        CD       CDp       CM     Top_Xtr  Bot_Xtr  Top_Itr  Bot_Itr
  ------ -------- --------- --------- -------- -------- -------- -------- --------
  -1.000   0.1131   0.02128   0.00286  -0.0386   1.0000   1.0000   1.0000 250.0000
  -0.500   0.1641   0.02146   0.00283  -0.0382   1.0000   1.0000   1.0000 250.0000
   0.000   0.2141   0.02174   0.00301  -0.0378   1.0000   1.0000   1.0000 250.0000
   0.500   0.2632   0.02214   0.00340  -0.0374   1.0000   1.0000   1.0000 250.0000
   1.000   0.3109   0.02271   0.00403  -0.0373   1.0000   1.0000   1.0000 250.0000
   1.500   0.3566   0.02356   0.00502  -0.0376   1.0000   1.0000   1.0000 250.0000
   2.000   0.3979   0.02503   0.00667  -0.0389   1.0000   1.0000   1.0000 250.0000
   2.500   0.4287   0.02786   0.00962  -0.0422   1.0000   1.0000   1.0000 250.0000
   3.000   0.4513   0.03215   0.01400  -0.0477   1.0000   1.0000   1.0000 250.0000
   3.500   0.6547   0.03942   0.02212  -0.0830   0.8413   1.0000  20.1346 250.0000
   4.000   0.7600   0.04260   0.02555  -0.0843   0.7063   1.0000  35.5075 250.0000
   4.500   0.8116   0.04675   0.02953  -0.0782   0.6142   1.0000  46.0000 250.0000
   5.000   0.8467   0.05296   0.03554  -0.0742   0.5398   1.0000  54.4353 250.0000
   5.500   0.8755   0.06051   0.04283  -0.0716   0.4784   1.0000  61.4153 250.0000
   6.500   0.9011   0.08059   0.06228  -0.0745   0.4105   1.0000  69.1353 250.0000
   7.000   0.8959   0.09270   0.07420  -0.0813   0.4117   1.0000  69.0084 250.0000
   7.500   0.8676   0.10491   0.08669  -0.0922   0.4566   1.0000  63.8959 250.0000
   8.000   0.6312   0.09811   0.08112  -0.0915   1.0000   1.0000   1.0000 250.0000
   8.500   0.6866   0.11199   0.09566  -0.1049   0.9565   1.0000   6.9649 250.0000
   9.000   0.7476   0.12624   0.11108  -0.1151   0.8406   1.0000  20.2053 250.0000
   9.500   0.7912   0.13833   0.12421  -0.1183   0.7451   1.0000  31.0860 250.0000
  10.000   0.8244   0.14911   0.13621  -0.1190   0.6669   1.0000  40.0035 250.0000
