  
       XFOIL         Version 6.99
  
 Calculated polar for: 20140520-40_0.65+2                              
  
 1 1 Reynolds number fixed          Mach number fixed         
  
 xtrf =   1.000 (top)        1.000 (bottom)  
 Mach =   0.000     Re =     0.022 e 6     Ncrit =   9.000  9.000
  
   alpha    CL        CD       CDp       CM     Top_Xtr  Bot_Xtr  Top_Itr  Bot_Itr
  ------ -------- --------- --------- -------- -------- -------- -------- --------
  -1.000   0.1146   0.02056   0.00278  -0.0388   1.0000   1.0000   1.0000 250.0000
  -0.500   0.1657   0.02074   0.00276  -0.0384   1.0000   1.0000   1.0000 250.0000
   0.000   0.2158   0.02101   0.00294  -0.0380   1.0000   1.0000   1.0000 250.0000
   0.500   0.2650   0.02141   0.00332  -0.0377   1.0000   1.0000   1.0000 250.0000
   1.000   0.3129   0.02197   0.00396  -0.0376   1.0000   1.0000   1.0000 250.0000
   1.500   0.3588   0.02283   0.00495  -0.0379   1.0000   1.0000   1.0000 250.0000
   2.000   0.3998   0.02435   0.00665  -0.0393   1.0000   1.0000   1.0000 250.0000
   2.500   0.4296   0.02735   0.00977  -0.0430   1.0000   1.0000   1.0000 250.0000
   3.000   0.4517   0.03180   0.01430  -0.0489   1.0000   1.0000   1.0000 250.0000
   3.500   0.7049   0.03705   0.02053  -0.0839   0.7795   1.0000  27.1680 250.0000
   4.000   0.7711   0.03987   0.02327  -0.0787   0.6696   1.0000  39.7047 250.0000
   4.500   0.8142   0.04417   0.02733  -0.0726   0.5827   1.0000  49.5732 250.0000
   5.000   0.8525   0.04977   0.03263  -0.0677   0.5065   1.0000  58.2308 250.0000
   5.500   0.8828   0.05707   0.03965  -0.0648   0.4432   1.0000  65.4255 250.0000
   6.000   0.9074   0.06570   0.04788  -0.0633   0.3933   1.0000  71.0928 250.0000
   6.500   0.9115   0.07741   0.05939  -0.0681   0.3733   1.0000  73.3735 250.0000
   7.000   0.9036   0.08993   0.07174  -0.0756   0.3723   1.0000  73.4769 250.0000
   7.500   0.8848   0.10284   0.08474  -0.0858   0.4017   1.0000  70.1377 250.0000
   8.000   0.6671   0.10259   0.08650  -0.1013   0.9607   1.0000   6.4826 250.0000
   8.500   0.7345   0.11732   0.10201  -0.1130   0.8456   1.0000  19.6331 250.0000
   9.000   0.7832   0.12997   0.11523  -0.1169   0.7456   1.0000  31.0322 250.0000
   9.500   0.8142   0.14038   0.12647  -0.1171   0.6666   1.0000  40.0431 250.0000
  10.000   0.8335   0.14911   0.13661  -0.1163   0.6077   1.0000  46.7285 250.0000
