  
       XFOIL         Version 6.99
  
 Calculated polar for: 20140520-40_0.65+2                              
  
 1 1 Reynolds number fixed          Mach number fixed         
  
 xtrf =   1.000 (top)        1.000 (bottom)  
 Mach =   0.000     Re =     0.032 e 6     Ncrit =   9.000  9.000
  
   alpha    CL        CD       CDp       CM     Top_Xtr  Bot_Xtr  Top_Itr  Bot_Itr
  ------ -------- --------- --------- -------- -------- -------- -------- --------
  -1.000   0.1220   0.01725   0.00240  -0.0399   1.0000   1.0000   1.0000 250.0000
  -0.500   0.1736   0.01743   0.00240  -0.0395   1.0000   1.0000   1.0000 250.0000
   0.000   0.2244   0.01769   0.00259  -0.0391   1.0000   1.0000   1.0000 250.0000
   0.500   0.2744   0.01807   0.00297  -0.0389   1.0000   1.0000   1.0000 250.0000
   1.000   0.3230   0.01862   0.00359  -0.0389   1.0000   1.0000   1.0000 250.0000
   1.500   0.3696   0.01952   0.00464  -0.0395   1.0000   1.0000   1.0000 250.0000
   2.000   0.4080   0.02146   0.00675  -0.0420   1.0000   1.0000   1.0000 250.0000
   2.500   0.5696   0.02503   0.01089  -0.0696   0.8946   1.0000  14.0435 250.0000
   3.000   0.6748   0.02527   0.01108  -0.0702   0.7445   1.0000  31.1593 250.0000
   3.500   0.7202   0.02720   0.01244  -0.0630   0.6395   1.0000  43.1244 250.0000
   4.000   0.7637   0.03004   0.01477  -0.0575   0.5485   1.0000  53.4543 250.0000
   4.500   0.8081   0.03345   0.01764  -0.0530   0.4661   1.0000  62.8232 250.0000
   5.000   0.8508   0.03756   0.02124  -0.0490   0.3890   1.0000  71.5800 250.0000
   5.500   0.8914   0.04227   0.02522  -0.0449   0.3166   1.0000  79.8304 250.0000
   6.000   0.9277   0.04864   0.03088  -0.0419   0.2563   1.0000  86.7145 250.0000
   6.500   0.9572   0.05714   0.03873  -0.0405   0.2176   1.0000  91.1636 250.0000
   7.000   0.9726   0.06858   0.04982  -0.0423   0.2011   1.0000  93.0651 250.0000
   8.000   0.9218   0.10387   0.08649  -0.0706   0.2551   1.0000  86.8499 250.0000
   8.500   0.8409   0.12352   0.10942  -0.1058   0.5065   1.0000  58.2283 250.0000
   9.000   0.8522   0.13197   0.11807  -0.1041   0.4594   1.0000  63.5868 250.0000
   9.500   0.8621   0.14049   0.12713  -0.1036   0.4254   1.0000  67.4463 250.0000
  10.000   0.8742   0.14901   0.13649  -0.1034   0.3919   1.0000  71.2548 250.0000
