  
       XFOIL         Version 6.99
  
 Calculated polar for: 20140520-40_0.65+2                              
  
 1 1 Reynolds number fixed          Mach number fixed         
  
 xtrf =   1.000 (top)        1.000 (bottom)  
 Mach =   0.000     Re =     0.036 e 6     Ncrit =   9.000  9.000
  
   alpha    CL        CD       CDp       CM     Top_Xtr  Bot_Xtr  Top_Itr  Bot_Itr
  ------ -------- --------- --------- -------- -------- -------- -------- --------
  -1.000   0.1248   0.01616   0.00227  -0.0403   1.0000   1.0000   1.0000 250.0000
  -0.500   0.1766   0.01634   0.00229  -0.0399   1.0000   1.0000   1.0000 250.0000
   0.000   0.2276   0.01660   0.00248  -0.0396   1.0000   1.0000   1.0000 250.0000
   0.500   0.2778   0.01697   0.00285  -0.0393   1.0000   1.0000   1.0000 250.0000
   1.000   0.3268   0.01751   0.00347  -0.0394   1.0000   1.0000   1.0000 250.0000
   1.500   0.3735   0.01844   0.00454  -0.0402   1.0000   1.0000   1.0000 250.0000
   2.000   0.4103   0.02065   0.00692  -0.0433   1.0000   1.0000   1.0000 250.0000
   2.500   0.6104   0.02200   0.00883  -0.0701   0.8334   1.0000  21.0339 250.0000
   3.000   0.6690   0.02285   0.00917  -0.0639   0.7044   1.0000  35.7284 250.0000
   3.500   0.7130   0.02493   0.01059  -0.0579   0.6024   1.0000  47.3346 250.0000
   4.000   0.7585   0.02758   0.01265  -0.0535   0.5139   1.0000  57.3833 250.0000
   4.500   0.8040   0.03066   0.01516  -0.0497   0.4334   1.0000  66.5391 250.0000
   5.000   0.8484   0.03412   0.01794  -0.0460   0.3572   1.0000  75.1988 250.0000
   5.500   0.8908   0.03837   0.02143  -0.0424   0.2840   1.0000  83.5441 250.0000
   6.000   0.9302   0.04392   0.02607  -0.0393   0.2227   1.0000  90.5786 250.0000
   6.500   0.9647   0.05136   0.03259  -0.0372   0.1831   1.0000  95.1519 250.0000
   7.000   0.9868   0.06200   0.04282  -0.0374   0.1668   1.0000  97.0480 250.0000
   7.500   0.9838   0.07619   0.05727  -0.0422   0.1664   1.0000  97.0947 250.0000
   8.000   0.9600   0.09369   0.07532  -0.0537   0.1841   1.0000  95.0281 250.0000
   8.500   0.7837   0.12425   0.09923  -0.0908   0.4436   1.0000  65.3773 250.0000
   9.000   0.7890   0.13293   0.10681  -0.0896   0.4080   1.0000  69.4214 250.0000
   9.500   0.7999   0.14226   0.11497  -0.0886   0.3761   1.0000  73.0483 250.0000
  10.000   0.8036   0.15099   0.12260  -0.0879   0.3501   1.0000  76.0029 250.0000
