  
       XFOIL         Version 6.99
  
 Calculated polar for: 20140520-40_0.65+2                              
  
 1 1 Reynolds number fixed          Mach number fixed         
  
 xtrf =   1.000 (top)        1.000 (bottom)  
 Mach =   0.000     Re =     0.004 e 6     Ncrit =   9.000  9.000
  
   alpha    CL        CD       CDp       CM     Top_Xtr  Bot_Xtr  Top_Itr  Bot_Itr
  ------ -------- --------- --------- -------- -------- -------- -------- --------
  -1.000   0.0743   0.04956   0.00584  -0.0330   1.0000   1.0000   1.0000 250.0000
  -0.500   0.1226   0.04970   0.00558  -0.0328   1.0000   1.0000   1.0000 250.0000
   0.000   0.1697   0.05001   0.00562  -0.0326   1.0000   1.0000   1.0000 250.0000
   0.500   0.2155   0.05047   0.00600  -0.0322   1.0000   1.0000   1.0000 250.0000
   1.000   0.2598   0.05112   0.00665  -0.0319   1.0000   1.0000   1.0000 250.0000
   1.500   0.3023   0.05197   0.00761  -0.0316   1.0000   1.0000   1.0000 250.0000
   2.000   0.3428   0.05309   0.00893  -0.0315   1.0000   1.0000   1.0000 250.0000
   2.500   0.3807   0.05456   0.01065  -0.0316   1.0000   1.0000   1.0000 250.0000
   3.000   0.4151   0.05650   0.01283  -0.0321   1.0000   1.0000   1.0000 250.0000
   3.500   0.4458   0.05907   0.01561  -0.0331   1.0000   1.0000   1.0000 250.0000
   4.000   0.4719   0.06237   0.01902  -0.0348   1.0000   1.0000   1.0000 250.0000
   4.500   0.4940   0.06640   0.02310  -0.0372   1.0000   1.0000   1.0000 250.0000
   5.000   0.5135   0.07108   0.02784  -0.0403   1.0000   1.0000   1.0000 250.0000
   5.500   0.5312   0.07631   0.03317  -0.0438   1.0000   1.0000   1.0000 250.0000
   6.000   0.5477   0.08202   0.03900  -0.0476   1.0000   1.0000   1.0000 250.0000
   6.500   0.5634   0.08812   0.04532  -0.0515   1.0000   1.0000   1.0000 250.0000
   7.000   0.5786   0.09457   0.05210  -0.0555   1.0000   1.0000   1.0000 250.0000
   7.500   0.5935   0.10131   0.05931  -0.0595   1.0000   1.0000   1.0000 250.0000
   8.000   0.6083   0.10826   0.06694  -0.0635   1.0000   1.0000   1.0000 250.0000
   8.500   0.6233   0.11537   0.07500  -0.0676   1.0000   1.0000   1.0000 250.0000
   9.000   0.6387   0.12259   0.08350  -0.0717   1.0000   1.0000   1.0000 250.0000
   9.500   0.6544   0.12987   0.09247  -0.0758   1.0000   1.0000   1.0000 250.0000
  10.000   0.6708   0.13717   0.10191  -0.0799   1.0000   1.0000   1.0000 250.0000
