  
       XFOIL         Version 6.99
  
 Calculated polar for: 20140520-40_0.65+2                              
  
 1 1 Reynolds number fixed          Mach number fixed         
  
 xtrf =   1.000 (top)        1.000 (bottom)  
 Mach =   0.000     Re =     0.040 e 6     Ncrit =   9.000  9.000
  
   alpha    CL        CD       CDp       CM     Top_Xtr  Bot_Xtr  Top_Itr  Bot_Itr
  ------ -------- --------- --------- -------- -------- -------- -------- --------
  -1.000   0.1266   0.01545   0.00219  -0.0406   1.0000   1.0000   1.0000 250.0000
  -0.500   0.1786   0.01562   0.00221  -0.0402   1.0000   1.0000   1.0000 250.0000
   0.000   0.2298   0.01588   0.00240  -0.0399   1.0000   1.0000   1.0000 250.0000
   0.500   0.2801   0.01624   0.00277  -0.0397   1.0000   1.0000   1.0000 250.0000
   1.000   0.3294   0.01679   0.00339  -0.0397   1.0000   1.0000   1.0000 250.0000
   1.500   0.3762   0.01773   0.00448  -0.0406   1.0000   1.0000   1.0000 250.0000
   2.000   0.4229   0.02022   0.00717  -0.0465   0.9924   1.0000   2.6366 250.0000
   2.500   0.6144   0.02034   0.00764  -0.0672   0.8028   1.0000  24.5224 250.0000
   3.000   0.6639   0.02149   0.00811  -0.0604   0.6788   1.0000  38.6568 250.0000
   3.500   0.7088   0.02356   0.00946  -0.0552   0.5792   1.0000  49.9688 250.0000
   4.000   0.7554   0.02607   0.01136  -0.0514   0.4922   1.0000  59.8474 250.0000
   4.500   0.8017   0.02888   0.01355  -0.0480   0.4133   1.0000  68.8181 250.0000
   5.000   0.8469   0.03211   0.01612  -0.0447   0.3376   1.0000  77.4285 250.0000
   5.500   0.8905   0.03577   0.01879  -0.0413   0.2640   1.0000  85.8406 250.0000
   6.000   0.9321   0.04057   0.02239  -0.0382   0.2010   1.0000  93.0810 250.0000
   6.500   0.9675   0.04826   0.02948  -0.0363   0.1645   1.0000  97.3179 250.0000
   7.000   0.9907   0.05848   0.03938  -0.0360   0.1475   1.0000  99.2991 250.0000
   7.500   0.9921   0.07253   0.05361  -0.0395   0.1486   1.0000  99.1728 250.0000
   8.000   0.9617   0.09077   0.07272  -0.0516   0.1649   1.0000  97.2617 250.0000
  10.000   0.7987   0.14887   0.12108  -0.0860   0.3206   1.0000  79.3687 250.0000
