  
       XFOIL         Version 6.99
  
 Calculated polar for: 20140520-40_0.65+2                              
  
 1 1 Reynolds number fixed          Mach number fixed         
  
 xtrf =   1.000 (top)        1.000 (bottom)  
 Mach =   0.000     Re =     0.006 e 6     Ncrit =   9.000  9.000
  
   alpha    CL        CD       CDp       CM     Top_Xtr  Bot_Xtr  Top_Itr  Bot_Itr
  ------ -------- --------- --------- -------- -------- -------- -------- --------
  -1.000   0.0861   0.03858   0.00473  -0.0347   1.0000   1.0000   1.0000 250.0000
  -0.500   0.1353   0.03875   0.00455  -0.0344   1.0000   1.0000   1.0000 250.0000
   0.000   0.1833   0.03906   0.00465  -0.0341   1.0000   1.0000   1.0000 250.0000
   0.500   0.2300   0.03951   0.00503  -0.0337   1.0000   1.0000   1.0000 250.0000
   1.000   0.2751   0.04014   0.00570  -0.0333   1.0000   1.0000   1.0000 250.0000
   1.500   0.3186   0.04098   0.00666  -0.0331   1.0000   1.0000   1.0000 250.0000
   2.000   0.3596   0.04213   0.00800  -0.0332   1.0000   1.0000   1.0000 250.0000
   2.500   0.3973   0.04371   0.00981  -0.0336   1.0000   1.0000   1.0000 250.0000
   3.000   0.4306   0.04597   0.01224  -0.0348   1.0000   1.0000   1.0000 250.0000
   3.500   0.4580   0.04908   0.01545  -0.0369   1.0000   1.0000   1.0000 250.0000
   4.000   0.4806   0.05305   0.01946  -0.0399   1.0000   1.0000   1.0000 250.0000
   4.500   0.5004   0.05774   0.02419  -0.0436   1.0000   1.0000   1.0000 250.0000
   5.000   0.5186   0.06302   0.02953  -0.0477   1.0000   1.0000   1.0000 250.0000
   5.500   0.5356   0.06878   0.03538  -0.0520   1.0000   1.0000   1.0000 250.0000
   6.000   0.5519   0.07496   0.04168  -0.0563   1.0000   1.0000   1.0000 250.0000
   6.500   0.5676   0.08150   0.04839  -0.0605   1.0000   1.0000   1.0000 250.0000
   7.000   0.5829   0.08836   0.05549  -0.0646   1.0000   1.0000   1.0000 250.0000
   7.500   0.5978   0.09548   0.06297  -0.0686   1.0000   1.0000   1.0000 250.0000
   8.000   0.6126   0.10282   0.07082  -0.0725   1.0000   1.0000   1.0000 250.0000
   8.500   0.6274   0.11032   0.07907  -0.0764   1.0000   1.0000   1.0000 250.0000
   9.000   0.6426   0.11794   0.08773  -0.0802   1.0000   1.0000   1.0000 250.0000
   9.500   0.6582   0.12568   0.09683  -0.0841   1.0000   1.0000   1.0000 250.0000
  10.000   0.6744   0.13346   0.10638  -0.0880   1.0000   1.0000   1.0000 250.0000
